[2022-06-20 06:50:35,847] {taskinstance.py:1037} INFO - Dependencies all met for <TaskInstance: match_details_dag.dbt_run scheduled__2022-06-18T00:00:00+00:00 [queued]>
[2022-06-20 06:50:35,856] {taskinstance.py:1037} INFO - Dependencies all met for <TaskInstance: match_details_dag.dbt_run scheduled__2022-06-18T00:00:00+00:00 [queued]>
[2022-06-20 06:50:35,856] {taskinstance.py:1243} INFO - 
--------------------------------------------------------------------------------
[2022-06-20 06:50:35,857] {taskinstance.py:1244} INFO - Starting attempt 1 of 2
[2022-06-20 06:50:35,857] {taskinstance.py:1245} INFO - 
--------------------------------------------------------------------------------
[2022-06-20 06:50:35,866] {taskinstance.py:1264} INFO - Executing <Task(BashOperator): dbt_run> on 2022-06-18 00:00:00+00:00
[2022-06-20 06:50:35,871] {standard_task_runner.py:52} INFO - Started process 281 to run task
[2022-06-20 06:50:35,873] {standard_task_runner.py:76} INFO - Running: ['***', 'tasks', 'run', 'match_details_dag', 'dbt_run', 'scheduled__2022-06-18T00:00:00+00:00', '--job-id', '194', '--raw', '--subdir', 'DAGS_FOLDER/matchData_dag.py', '--cfg-path', '/tmp/tmpo0n3u0kz', '--error-file', '/tmp/tmp718y8h4l']
[2022-06-20 06:50:35,874] {standard_task_runner.py:77} INFO - Job 194: Subtask dbt_run
[2022-06-20 06:50:35,913] {logging_mixin.py:109} INFO - Running <TaskInstance: match_details_dag.dbt_run scheduled__2022-06-18T00:00:00+00:00 [running]> on host ebe3cc7dbee2
[2022-06-20 06:50:35,956] {taskinstance.py:1429} INFO - Exporting the following env vars:
AIRFLOW_CTX_DAG_OWNER=admin
AIRFLOW_CTX_DAG_ID=match_details_dag
AIRFLOW_CTX_TASK_ID=dbt_run
AIRFLOW_CTX_EXECUTION_DATE=2022-06-18T00:00:00+00:00
AIRFLOW_CTX_DAG_RUN_ID=scheduled__2022-06-18T00:00:00+00:00
[2022-06-20 06:50:35,957] {subprocess.py:62} INFO - Tmp dir root location: 
 /tmp
[2022-06-20 06:50:35,958] {subprocess.py:74} INFO - Running command: ['bash', '-c', 'cd /opt/***/dbt && dbt deps && dbt run']
[2022-06-20 06:50:35,967] {subprocess.py:85} INFO - Output:
[2022-06-20 06:50:39,035] {subprocess.py:89} INFO - 06:50:39  Running with dbt=1.1.0
[2022-06-20 06:50:39,755] {subprocess.py:89} INFO - 06:50:39  Installing dbt-labs/dbt_utils
[2022-06-20 06:50:40,330] {subprocess.py:89} INFO - 06:50:40    Installed from version 0.8.5
[2022-06-20 06:50:40,331] {subprocess.py:89} INFO - 06:50:40    Updated version available: 0.8.6
[2022-06-20 06:50:40,331] {subprocess.py:89} INFO - 06:50:40
[2022-06-20 06:50:40,332] {subprocess.py:89} INFO - 06:50:40  Updates available for packages: ['dbt-labs/dbt_utils']
[2022-06-20 06:50:40,332] {subprocess.py:89} INFO - Update your versions in packages.yml, then run dbt deps
[2022-06-20 06:50:44,427] {subprocess.py:89} INFO - 06:50:44  Running with dbt=1.1.0
[2022-06-20 06:50:44,866] {subprocess.py:89} INFO - 06:50:44  Encountered an error:
[2022-06-20 06:50:44,866] {subprocess.py:89} INFO - Parsing Error
[2022-06-20 06:50:44,866] {subprocess.py:89} INFO -   The schema file at models/views/schema.yml is invalid because the value of 'models' is not a list
[2022-06-20 06:50:45,134] {subprocess.py:93} INFO - Command exited with return code 2
[2022-06-20 06:50:45,144] {taskinstance.py:1718} ERROR - Task failed with exception
Traceback (most recent call last):
  File "/home/airflow/.local/lib/python3.8/site-packages/airflow/models/taskinstance.py", line 1334, in _run_raw_task
    self._execute_task_with_callbacks(context)
  File "/home/airflow/.local/lib/python3.8/site-packages/airflow/models/taskinstance.py", line 1460, in _execute_task_with_callbacks
    result = self._execute_task(context, self.task)
  File "/home/airflow/.local/lib/python3.8/site-packages/airflow/models/taskinstance.py", line 1516, in _execute_task
    result = execute_callable(context=context)
  File "/home/airflow/.local/lib/python3.8/site-packages/airflow/operators/bash.py", line 187, in execute
    raise AirflowException(
airflow.exceptions.AirflowException: Bash command failed. The command returned a non-zero exit code 2.
[2022-06-20 06:50:45,150] {taskinstance.py:1272} INFO - Marking task as UP_FOR_RETRY. dag_id=match_details_dag, task_id=dbt_run, execution_date=20220618T000000, start_date=20220620T065035, end_date=20220620T065045
[2022-06-20 06:50:45,164] {standard_task_runner.py:89} ERROR - Failed to execute job 194 for task dbt_run
Traceback (most recent call last):
  File "/home/airflow/.local/lib/python3.8/site-packages/airflow/task/task_runner/standard_task_runner.py", line 85, in _start_by_fork
    args.func(args, dag=self.dag)
  File "/home/airflow/.local/lib/python3.8/site-packages/airflow/cli/cli_parser.py", line 48, in command
    return func(*args, **kwargs)
  File "/home/airflow/.local/lib/python3.8/site-packages/airflow/utils/cli.py", line 92, in wrapper
    return f(*args, **kwargs)
  File "/home/airflow/.local/lib/python3.8/site-packages/airflow/cli/commands/task_command.py", line 298, in task_run
    _run_task_by_selected_method(args, dag, ti)
  File "/home/airflow/.local/lib/python3.8/site-packages/airflow/cli/commands/task_command.py", line 107, in _run_task_by_selected_method
    _run_raw_task(args, ti)
  File "/home/airflow/.local/lib/python3.8/site-packages/airflow/cli/commands/task_command.py", line 180, in _run_raw_task
    ti._run_raw_task(
  File "/home/airflow/.local/lib/python3.8/site-packages/airflow/utils/session.py", line 70, in wrapper
    return func(*args, session=session, **kwargs)
  File "/home/airflow/.local/lib/python3.8/site-packages/airflow/models/taskinstance.py", line 1334, in _run_raw_task
    self._execute_task_with_callbacks(context)
  File "/home/airflow/.local/lib/python3.8/site-packages/airflow/models/taskinstance.py", line 1460, in _execute_task_with_callbacks
    result = self._execute_task(context, self.task)
  File "/home/airflow/.local/lib/python3.8/site-packages/airflow/models/taskinstance.py", line 1516, in _execute_task
    result = execute_callable(context=context)
  File "/home/airflow/.local/lib/python3.8/site-packages/airflow/operators/bash.py", line 187, in execute
    raise AirflowException(
airflow.exceptions.AirflowException: Bash command failed. The command returned a non-zero exit code 2.
[2022-06-20 06:50:45,205] {local_task_job.py:154} INFO - Task exited with return code 1
[2022-06-20 06:50:45,233] {local_task_job.py:264} INFO - 0 downstream tasks scheduled from follow-on schedule check
