[2022-06-20 06:56:23,383] {taskinstance.py:1037} INFO - Dependencies all met for <TaskInstance: match_details_dag.dbt_run scheduled__2022-06-18T00:00:00+00:00 [None]>
[2022-06-20 06:56:23,395] {taskinstance.py:1037} INFO - Dependencies all met for <TaskInstance: match_details_dag.dbt_run scheduled__2022-06-18T00:00:00+00:00 [None]>
[2022-06-20 06:56:23,395] {taskinstance.py:1243} INFO - 
--------------------------------------------------------------------------------
[2022-06-20 06:56:23,395] {taskinstance.py:1244} INFO - Starting attempt 2 of 3
[2022-06-20 06:56:23,395] {taskinstance.py:1245} INFO - 
--------------------------------------------------------------------------------
[2022-06-20 06:56:23,408] {taskinstance.py:1264} INFO - Executing <Task(BashOperator): dbt_run> on 2022-06-18 00:00:00+00:00
[2022-06-20 06:56:23,412] {standard_task_runner.py:52} INFO - Started process 305 to run task
[2022-06-20 06:56:23,414] {standard_task_runner.py:76} INFO - Running: ['***', 'tasks', 'run', 'match_details_dag', 'dbt_run', 'scheduled__2022-06-18T00:00:00+00:00', '--job-id', '195', '--pool', 'default_pool', '--raw', '--subdir', 'DAGS_FOLDER/matchData_dag.py', '--cfg-path', '/tmp/tmpmrmf7gwi', '--error-file', '/tmp/tmp5fqwfurv']
[2022-06-20 06:56:23,415] {standard_task_runner.py:77} INFO - Job 195: Subtask dbt_run
[2022-06-20 06:56:23,459] {logging_mixin.py:109} INFO - Running <TaskInstance: match_details_dag.dbt_run scheduled__2022-06-18T00:00:00+00:00 [running]> on host ebe3cc7dbee2
[2022-06-20 06:56:23,504] {taskinstance.py:1429} INFO - Exporting the following env vars:
AIRFLOW_CTX_DAG_OWNER=admin
AIRFLOW_CTX_DAG_ID=match_details_dag
AIRFLOW_CTX_TASK_ID=dbt_run
AIRFLOW_CTX_EXECUTION_DATE=2022-06-18T00:00:00+00:00
AIRFLOW_CTX_DAG_RUN_ID=scheduled__2022-06-18T00:00:00+00:00
[2022-06-20 06:56:23,505] {subprocess.py:62} INFO - Tmp dir root location: 
 /tmp
[2022-06-20 06:56:23,505] {subprocess.py:74} INFO - Running command: ['bash', '-c', 'cd /opt/***/dbt && dbt deps && dbt run']
[2022-06-20 06:56:23,516] {subprocess.py:85} INFO - Output:
[2022-06-20 06:56:27,361] {subprocess.py:89} INFO - 06:56:27  Running with dbt=1.1.0
[2022-06-20 06:56:28,113] {subprocess.py:89} INFO - 06:56:28  Installing dbt-labs/dbt_utils
[2022-06-20 06:56:28,689] {subprocess.py:89} INFO - 06:56:28    Installed from version 0.8.5
[2022-06-20 06:56:28,690] {subprocess.py:89} INFO - 06:56:28    Updated version available: 0.8.6
[2022-06-20 06:56:28,690] {subprocess.py:89} INFO - 06:56:28
[2022-06-20 06:56:28,691] {subprocess.py:89} INFO - 06:56:28  Updates available for packages: ['dbt-labs/dbt_utils']
[2022-06-20 06:56:28,691] {subprocess.py:89} INFO - Update your versions in packages.yml, then run dbt deps
[2022-06-20 06:56:33,114] {subprocess.py:89} INFO - 06:56:33  Running with dbt=1.1.0
[2022-06-20 06:56:33,341] {subprocess.py:89} INFO - 06:56:33  [[33mWARNING[0m]: Did not find matching node for patch with name 'smurf_analysis' in the 'models' section of file 'models/views/schema.yml'
[2022-06-20 06:56:33,478] {subprocess.py:89} INFO - 06:56:33  [[33mWARNING[0m]: Test 'test.leagueoflegendsdbt.not_null_smurf_analysis_summonerspell_id.d02daaf6b3' (models/views/schema.yml) depends on a node named 'smurf_analysis' which was not found
[2022-06-20 06:56:33,478] {subprocess.py:89} INFO - 06:56:33  [[33mWARNING[0m]: Test 'test.leagueoflegendsdbt.unique_smurf_analysis_summonerspell_id.99c5d81a5b' (models/views/schema.yml) depends on a node named 'smurf_analysis' which was not found
[2022-06-20 06:56:33,514] {subprocess.py:89} INFO - 06:56:33  Found 17 models, 32 tests, 0 snapshots, 0 analyses, 400 macros, 0 operations, 0 seed files, 24 sources, 0 exposures, 0 metrics
[2022-06-20 06:56:33,518] {subprocess.py:89} INFO - 06:56:33
[2022-06-20 06:56:34,925] {subprocess.py:89} INFO - 06:56:34  Concurrency: 10 threads (target='dev')
[2022-06-20 06:56:34,925] {subprocess.py:89} INFO - 06:56:34
[2022-06-20 06:56:34,949] {subprocess.py:89} INFO - 06:56:34  1 of 16 START table model PUBLIC.final_champions ............................... [RUN]
[2022-06-20 06:56:34,953] {subprocess.py:89} INFO - 06:56:34  2 of 16 START table model PUBLIC.final_items ................................... [RUN]
[2022-06-20 06:56:34,957] {subprocess.py:89} INFO - 06:56:34  3 of 16 START table model PUBLIC.final_maps .................................... [RUN]
[2022-06-20 06:56:34,958] {subprocess.py:89} INFO - 06:56:34  4 of 16 START incremental model PUBLIC.final_match_details ..................... [RUN]
[2022-06-20 06:56:34,959] {subprocess.py:89} INFO - 06:56:34  5 of 16 START incremental model PUBLIC.final_match_info ........................ [RUN]
[2022-06-20 06:56:34,960] {subprocess.py:89} INFO - 06:56:34  6 of 16 START incremental model PUBLIC.final_players ........................... [RUN]
[2022-06-20 06:56:34,961] {subprocess.py:89} INFO - 06:56:34  7 of 16 START table model PUBLIC.final_runes_reforged .......................... [RUN]
[2022-06-20 06:56:34,961] {subprocess.py:89} INFO - 06:56:34  8 of 16 START table model PUBLIC.final_summonerspells .......................... [RUN]
[2022-06-20 06:56:34,962] {subprocess.py:89} INFO - 06:56:34  9 of 16 START view model PUBLIC.stg_champions .................................. [RUN]
[2022-06-20 06:56:34,964] {subprocess.py:89} INFO - 06:56:34  10 of 16 START view model PUBLIC.stg_items ..................................... [RUN]
[2022-06-20 06:56:37,264] {subprocess.py:89} INFO - 06:56:37  1 of 16 OK created table model PUBLIC.final_champions .......................... [[32mSUCCESS 1[0m in 2.31s]
[2022-06-20 06:56:37,268] {subprocess.py:89} INFO - 06:56:37  11 of 16 START view model PUBLIC.stg_maps ...................................... [RUN]
[2022-06-20 06:56:37,361] {subprocess.py:89} INFO - 06:56:37  2 of 16 OK created table model PUBLIC.final_items .............................. [[32mSUCCESS 1[0m in 2.41s]
[2022-06-20 06:56:37,365] {subprocess.py:89} INFO - 06:56:37  12 of 16 START view model PUBLIC.stg_match_details ............................. [RUN]
[2022-06-20 06:56:37,734] {subprocess.py:89} INFO - 06:56:37  6 of 16 ERROR creating incremental model PUBLIC.final_players .................. [[31mERROR[0m in 2.77s]
[2022-06-20 06:56:37,760] {subprocess.py:89} INFO - 06:56:37  13 of 16 START view model PUBLIC.stg_match_info ................................ [RUN]
[2022-06-20 06:56:38,404] {subprocess.py:89} INFO - 06:56:38  10 of 16 OK created view model PUBLIC.stg_items ................................ [[32mSUCCESS 1[0m in 3.43s]
[2022-06-20 06:56:38,411] {subprocess.py:89} INFO - 06:56:38  9 of 16 OK created view model PUBLIC.stg_champions ............................. [[32mSUCCESS 1[0m in 3.44s]
[2022-06-20 06:56:38,412] {subprocess.py:89} INFO - 06:56:38  11 of 16 OK created view model PUBLIC.stg_maps ................................. [[32mSUCCESS 1[0m in 1.14s]
[2022-06-20 06:56:38,414] {subprocess.py:89} INFO - 06:56:38  14 of 16 START view model PUBLIC.stg_players ................................... [RUN]
[2022-06-20 06:56:38,417] {subprocess.py:89} INFO - 06:56:38  15 of 16 START view model PUBLIC.stg_runes_reforged ............................ [RUN]
[2022-06-20 06:56:38,419] {subprocess.py:89} INFO - 06:56:38  16 of 16 START view model PUBLIC.stg_summonerspells ............................ [RUN]
[2022-06-20 06:56:38,446] {subprocess.py:89} INFO - 06:56:38  13 of 16 OK created view model PUBLIC.stg_match_info ........................... [[32mSUCCESS 1[0m in 0.68s]
[2022-06-20 06:56:38,477] {subprocess.py:89} INFO - 06:56:38  3 of 16 OK created table model PUBLIC.final_maps ............................... [[32mSUCCESS 1[0m in 3.51s]
[2022-06-20 06:56:38,524] {subprocess.py:89} INFO - 06:56:38  12 of 16 OK created view model PUBLIC.stg_match_details ........................ [[32mSUCCESS 1[0m in 1.16s]
[2022-06-20 06:56:38,812] {subprocess.py:89} INFO - 06:56:38  8 of 16 OK created table model PUBLIC.final_summonerspells ..................... [[32mSUCCESS 1[0m in 3.82s]
[2022-06-20 06:56:39,153] {subprocess.py:89} INFO - 06:56:39  5 of 16 OK created incremental model PUBLIC.final_match_info ................... [[32mSUCCESS 1[0m in 4.18s]
[2022-06-20 06:56:39,280] {subprocess.py:89} INFO - 06:56:39  7 of 16 OK created table model PUBLIC.final_runes_reforged ..................... [[32mSUCCESS 1[0m in 4.32s]
[2022-06-20 06:56:39,467] {subprocess.py:89} INFO - 06:56:39  14 of 16 OK created view model PUBLIC.stg_players .............................. [[32mSUCCESS 1[0m in 1.05s]
[2022-06-20 06:56:39,518] {subprocess.py:89} INFO - 06:56:39  15 of 16 OK created view model PUBLIC.stg_runes_reforged ....................... [[32mSUCCESS 1[0m in 1.10s]
[2022-06-20 06:56:39,525] {subprocess.py:89} INFO - 06:56:39  16 of 16 OK created view model PUBLIC.stg_summonerspells ....................... [[32mSUCCESS 1[0m in 1.11s]
[2022-06-20 06:56:40,672] {subprocess.py:89} INFO - 06:56:40  4 of 16 OK created incremental model PUBLIC.final_match_details ................ [[32mSUCCESS 1[0m in 5.71s]
[2022-06-20 06:56:40,677] {subprocess.py:89} INFO - 06:56:40
[2022-06-20 06:56:40,677] {subprocess.py:89} INFO - 06:56:40  Finished running 5 table models, 3 incremental models, 8 view models in 7.16s.
[2022-06-20 06:56:40,694] {subprocess.py:89} INFO - 06:56:40
[2022-06-20 06:56:40,694] {subprocess.py:89} INFO - 06:56:40  [31mCompleted with 1 error and 0 warnings:[0m
[2022-06-20 06:56:40,695] {subprocess.py:89} INFO - 06:56:40
[2022-06-20 06:56:40,695] {subprocess.py:89} INFO - 06:56:40  [33mDatabase Error in model final_players (models/warehouse/final_players.sql)[0m
[2022-06-20 06:56:40,696] {subprocess.py:89} INFO - 06:56:40    001003 (42000): SQL compilation error:
[2022-06-20 06:56:40,697] {subprocess.py:89} INFO - 06:56:40    syntax error line 27 at position 6 unexpected ')'.
[2022-06-20 06:56:40,697] {subprocess.py:89} INFO - 06:56:40    compiled SQL at target/run/leagueoflegendsdbt/models/warehouse/final_players.sql
[2022-06-20 06:56:40,698] {subprocess.py:89} INFO - 06:56:40
[2022-06-20 06:56:40,698] {subprocess.py:89} INFO - 06:56:40  Done. PASS=15 WARN=0 ERROR=1 SKIP=0 TOTAL=16
[2022-06-20 06:56:41,451] {subprocess.py:93} INFO - Command exited with return code 1
[2022-06-20 06:56:41,464] {taskinstance.py:1718} ERROR - Task failed with exception
Traceback (most recent call last):
  File "/home/airflow/.local/lib/python3.8/site-packages/airflow/models/taskinstance.py", line 1334, in _run_raw_task
    self._execute_task_with_callbacks(context)
  File "/home/airflow/.local/lib/python3.8/site-packages/airflow/models/taskinstance.py", line 1460, in _execute_task_with_callbacks
    result = self._execute_task(context, self.task)
  File "/home/airflow/.local/lib/python3.8/site-packages/airflow/models/taskinstance.py", line 1516, in _execute_task
    result = execute_callable(context=context)
  File "/home/airflow/.local/lib/python3.8/site-packages/airflow/operators/bash.py", line 187, in execute
    raise AirflowException(
airflow.exceptions.AirflowException: Bash command failed. The command returned a non-zero exit code 1.
[2022-06-20 06:56:41,470] {taskinstance.py:1272} INFO - Marking task as UP_FOR_RETRY. dag_id=match_details_dag, task_id=dbt_run, execution_date=20220618T000000, start_date=20220620T065623, end_date=20220620T065641
[2022-06-20 06:56:41,482] {standard_task_runner.py:89} ERROR - Failed to execute job 195 for task dbt_run
Traceback (most recent call last):
  File "/home/airflow/.local/lib/python3.8/site-packages/airflow/task/task_runner/standard_task_runner.py", line 85, in _start_by_fork
    args.func(args, dag=self.dag)
  File "/home/airflow/.local/lib/python3.8/site-packages/airflow/cli/cli_parser.py", line 48, in command
    return func(*args, **kwargs)
  File "/home/airflow/.local/lib/python3.8/site-packages/airflow/utils/cli.py", line 92, in wrapper
    return f(*args, **kwargs)
  File "/home/airflow/.local/lib/python3.8/site-packages/airflow/cli/commands/task_command.py", line 298, in task_run
    _run_task_by_selected_method(args, dag, ti)
  File "/home/airflow/.local/lib/python3.8/site-packages/airflow/cli/commands/task_command.py", line 107, in _run_task_by_selected_method
    _run_raw_task(args, ti)
  File "/home/airflow/.local/lib/python3.8/site-packages/airflow/cli/commands/task_command.py", line 180, in _run_raw_task
    ti._run_raw_task(
  File "/home/airflow/.local/lib/python3.8/site-packages/airflow/utils/session.py", line 70, in wrapper
    return func(*args, session=session, **kwargs)
  File "/home/airflow/.local/lib/python3.8/site-packages/airflow/models/taskinstance.py", line 1334, in _run_raw_task
    self._execute_task_with_callbacks(context)
  File "/home/airflow/.local/lib/python3.8/site-packages/airflow/models/taskinstance.py", line 1460, in _execute_task_with_callbacks
    result = self._execute_task(context, self.task)
  File "/home/airflow/.local/lib/python3.8/site-packages/airflow/models/taskinstance.py", line 1516, in _execute_task
    result = execute_callable(context=context)
  File "/home/airflow/.local/lib/python3.8/site-packages/airflow/operators/bash.py", line 187, in execute
    raise AirflowException(
airflow.exceptions.AirflowException: Bash command failed. The command returned a non-zero exit code 1.
[2022-06-20 06:56:41,501] {local_task_job.py:154} INFO - Task exited with return code 1
[2022-06-20 06:56:41,531] {local_task_job.py:264} INFO - 0 downstream tasks scheduled from follow-on schedule check
