[2022-06-18 20:23:54,627] {taskinstance.py:1037} INFO - Dependencies all met for <TaskInstance: match_details_dag.staging_match_data scheduled__2022-06-18T00:00:00+00:00 [None]>
[2022-06-18 20:23:54,642] {taskinstance.py:1037} INFO - Dependencies all met for <TaskInstance: match_details_dag.staging_match_data scheduled__2022-06-18T00:00:00+00:00 [None]>
[2022-06-18 20:23:54,642] {taskinstance.py:1243} INFO - 
--------------------------------------------------------------------------------
[2022-06-18 20:23:54,642] {taskinstance.py:1244} INFO - Starting attempt 2 of 3
[2022-06-18 20:23:54,642] {taskinstance.py:1245} INFO - 
--------------------------------------------------------------------------------
[2022-06-18 20:23:54,661] {taskinstance.py:1264} INFO - Executing <Task(riot_matchDetailsToADLSOperator): staging_match_data> on 2022-06-18 00:00:00+00:00
[2022-06-18 20:23:54,666] {standard_task_runner.py:52} INFO - Started process 69 to run task
[2022-06-18 20:23:54,669] {standard_task_runner.py:76} INFO - Running: ['***', 'tasks', 'run', 'match_details_dag', 'staging_match_data', 'scheduled__2022-06-18T00:00:00+00:00', '--job-id', '133', '--pool', 'default_pool', '--raw', '--subdir', 'DAGS_FOLDER/matchData_dag.py', '--cfg-path', '/tmp/tmpjfn0igk7', '--error-file', '/tmp/tmpfzjsfcgd']
[2022-06-18 20:23:54,670] {standard_task_runner.py:77} INFO - Job 133: Subtask staging_match_data
[2022-06-18 20:23:54,732] {logging_mixin.py:109} INFO - Running <TaskInstance: match_details_dag.staging_match_data scheduled__2022-06-18T00:00:00+00:00 [running]> on host ebe3cc7dbee2
[2022-06-18 20:23:54,782] {taskinstance.py:1429} INFO - Exporting the following env vars:
AIRFLOW_CTX_DAG_OWNER=admin
AIRFLOW_CTX_DAG_ID=match_details_dag
AIRFLOW_CTX_TASK_ID=staging_match_data
AIRFLOW_CTX_EXECUTION_DATE=2022-06-18T00:00:00+00:00
AIRFLOW_CTX_DAG_RUN_ID=scheduled__2022-06-18T00:00:00+00:00
[2022-06-18 20:23:54,782] {riot_matchdetails_toADLS_Operator.py:59} INFO - StageToAzureLake not implemented yet
[2022-06-18 20:23:54,796] {riot_matchdetails_toADLS_Operator.py:68} INFO - <bound method WasbHook.get_conn of <airflow.providers.microsoft.azure.hooks.wasb.WasbHook object at 0x7fc6e28f0d60>>
[2022-06-18 20:23:54,796] {riot_matchdetails_toADLS_Operator.py:69} INFO - Created Azure Connection
[2022-06-18 20:23:54,809] {riot_matchdetails_toADLS_Operator.py:72} INFO - Created Riot Connection
[2022-06-18 20:23:55,183] {Limits.py:87} INFO - rate limit changed from 0/0s to 20/1s
[2022-06-18 20:23:55,183] {Limits.py:87} INFO - rate limit changed from 0/0s to 100/120s
[2022-06-18 20:23:55,183] {Limits.py:87} INFO - rate limit changed from 0/0s to 50/10s
[2022-06-18 20:23:55,183] {taskinstance.py:1718} ERROR - Task failed with exception
Traceback (most recent call last):
  File "/home/airflow/.local/lib/python3.8/site-packages/riotwatcher/Handlers/ThrowOnErrorHandler.py", line 18, in after_request
    response.raise_for_status()
  File "/home/airflow/.local/lib/python3.8/site-packages/requests/models.py", line 960, in raise_for_status
    raise HTTPError(http_error_msg, response=self)
requests.exceptions.HTTPError: 400 Client Error: Bad Request for url: https://na1.api.riotgames.com/lol/league/v4/entries/RANKED_SOLO_5x5/RANKED_SOLO_5x5/PLATINUM?page=I

During handling of the above exception, another exception occurred:

Traceback (most recent call last):
  File "/home/airflow/.local/lib/python3.8/site-packages/airflow/models/taskinstance.py", line 1334, in _run_raw_task
    self._execute_task_with_callbacks(context)
  File "/home/airflow/.local/lib/python3.8/site-packages/airflow/models/taskinstance.py", line 1460, in _execute_task_with_callbacks
    result = self._execute_task(context, self.task)
  File "/home/airflow/.local/lib/python3.8/site-packages/airflow/models/taskinstance.py", line 1516, in _execute_task
    result = execute_callable(context=context)
  File "/opt/airflow/plugins/custom_operators/riot_matchdetails_toADLS_Operator.py", line 60, in execute
    self.upload_to_azureLake()
  File "/opt/airflow/plugins/custom_operators/riot_matchdetails_toADLS_Operator.py", line 74, in upload_to_azureLake
    players = riot_hook.get_leagues(self.region, self.match_queue, self.tier, self.division, self.page)
  File "/opt/airflow/plugins/custom_hooks/riot_hook.py", line 35, in get_leagues
    summoners_league = self.lol_watcher.league.entries(my_region, queue, tier, division, page)
  File "/home/airflow/.local/lib/python3.8/site-packages/riotwatcher/_apis/league_of_legends/LeagueApiV4.py", line 110, in entries
    return self._request_endpoint(
  File "/home/airflow/.local/lib/python3.8/site-packages/riotwatcher/_apis/NamedEndpoint.py", line 36, in _request_endpoint
    return self._base_api.raw_request(
  File "/home/airflow/.local/lib/python3.8/site-packages/riotwatcher/_apis/BaseApi.py", line 51, in raw_request
    mod = handler.after_request(
  File "/home/airflow/.local/lib/python3.8/site-packages/riotwatcher/Handlers/ThrowOnErrorHandler.py", line 20, in after_request
    raise ApiError(*err.args, request=err.request, response=err.response)
requests.exceptions.HTTPError: 400 Client Error: Bad Request for url: https://na1.api.riotgames.com/lol/league/v4/entries/RANKED_SOLO_5x5/RANKED_SOLO_5x5/PLATINUM?page=I
[2022-06-18 20:23:55,198] {taskinstance.py:1272} INFO - Marking task as UP_FOR_RETRY. dag_id=match_details_dag, task_id=staging_match_data, execution_date=20220618T000000, start_date=20220618T202354, end_date=20220618T202355
[2022-06-18 20:23:55,214] {standard_task_runner.py:89} ERROR - Failed to execute job 133 for task staging_match_data
Traceback (most recent call last):
  File "/home/airflow/.local/lib/python3.8/site-packages/riotwatcher/Handlers/ThrowOnErrorHandler.py", line 18, in after_request
    response.raise_for_status()
  File "/home/airflow/.local/lib/python3.8/site-packages/requests/models.py", line 960, in raise_for_status
    raise HTTPError(http_error_msg, response=self)
requests.exceptions.HTTPError: 400 Client Error: Bad Request for url: https://na1.api.riotgames.com/lol/league/v4/entries/RANKED_SOLO_5x5/RANKED_SOLO_5x5/PLATINUM?page=I

During handling of the above exception, another exception occurred:

Traceback (most recent call last):
  File "/home/airflow/.local/lib/python3.8/site-packages/airflow/task/task_runner/standard_task_runner.py", line 85, in _start_by_fork
    args.func(args, dag=self.dag)
  File "/home/airflow/.local/lib/python3.8/site-packages/airflow/cli/cli_parser.py", line 48, in command
    return func(*args, **kwargs)
  File "/home/airflow/.local/lib/python3.8/site-packages/airflow/utils/cli.py", line 92, in wrapper
    return f(*args, **kwargs)
  File "/home/airflow/.local/lib/python3.8/site-packages/airflow/cli/commands/task_command.py", line 298, in task_run
    _run_task_by_selected_method(args, dag, ti)
  File "/home/airflow/.local/lib/python3.8/site-packages/airflow/cli/commands/task_command.py", line 107, in _run_task_by_selected_method
    _run_raw_task(args, ti)
  File "/home/airflow/.local/lib/python3.8/site-packages/airflow/cli/commands/task_command.py", line 180, in _run_raw_task
    ti._run_raw_task(
  File "/home/airflow/.local/lib/python3.8/site-packages/airflow/utils/session.py", line 70, in wrapper
    return func(*args, session=session, **kwargs)
  File "/home/airflow/.local/lib/python3.8/site-packages/airflow/models/taskinstance.py", line 1334, in _run_raw_task
    self._execute_task_with_callbacks(context)
  File "/home/airflow/.local/lib/python3.8/site-packages/airflow/models/taskinstance.py", line 1460, in _execute_task_with_callbacks
    result = self._execute_task(context, self.task)
  File "/home/airflow/.local/lib/python3.8/site-packages/airflow/models/taskinstance.py", line 1516, in _execute_task
    result = execute_callable(context=context)
  File "/opt/airflow/plugins/custom_operators/riot_matchdetails_toADLS_Operator.py", line 60, in execute
    self.upload_to_azureLake()
  File "/opt/airflow/plugins/custom_operators/riot_matchdetails_toADLS_Operator.py", line 74, in upload_to_azureLake
    players = riot_hook.get_leagues(self.region, self.match_queue, self.tier, self.division, self.page)
  File "/opt/airflow/plugins/custom_hooks/riot_hook.py", line 35, in get_leagues
    summoners_league = self.lol_watcher.league.entries(my_region, queue, tier, division, page)
  File "/home/airflow/.local/lib/python3.8/site-packages/riotwatcher/_apis/league_of_legends/LeagueApiV4.py", line 110, in entries
    return self._request_endpoint(
  File "/home/airflow/.local/lib/python3.8/site-packages/riotwatcher/_apis/NamedEndpoint.py", line 36, in _request_endpoint
    return self._base_api.raw_request(
  File "/home/airflow/.local/lib/python3.8/site-packages/riotwatcher/_apis/BaseApi.py", line 51, in raw_request
    mod = handler.after_request(
  File "/home/airflow/.local/lib/python3.8/site-packages/riotwatcher/Handlers/ThrowOnErrorHandler.py", line 20, in after_request
    raise ApiError(*err.args, request=err.request, response=err.response)
requests.exceptions.HTTPError: 400 Client Error: Bad Request for url: https://na1.api.riotgames.com/lol/league/v4/entries/RANKED_SOLO_5x5/RANKED_SOLO_5x5/PLATINUM?page=I
[2022-06-18 20:23:55,245] {local_task_job.py:154} INFO - Task exited with return code 1
[2022-06-18 20:23:55,290] {local_task_job.py:264} INFO - 0 downstream tasks scheduled from follow-on schedule check
[2022-06-20 05:19:44,910] {taskinstance.py:1037} INFO - Dependencies all met for <TaskInstance: match_details_dag.staging_match_data scheduled__2022-06-18T00:00:00+00:00 [queued]>
[2022-06-20 05:19:44,917] {taskinstance.py:1037} INFO - Dependencies all met for <TaskInstance: match_details_dag.staging_match_data scheduled__2022-06-18T00:00:00+00:00 [queued]>
[2022-06-20 05:19:44,917] {taskinstance.py:1243} INFO - 
--------------------------------------------------------------------------------
[2022-06-20 05:19:44,917] {taskinstance.py:1244} INFO - Starting attempt 2 of 3
[2022-06-20 05:19:44,917] {taskinstance.py:1245} INFO - 
--------------------------------------------------------------------------------
[2022-06-20 05:19:44,927] {taskinstance.py:1264} INFO - Executing <Task(riot_matchDetailsToADLSOperator): staging_match_data> on 2022-06-18 00:00:00+00:00
[2022-06-20 05:19:44,930] {standard_task_runner.py:52} INFO - Started process 66 to run task
[2022-06-20 05:19:44,933] {standard_task_runner.py:76} INFO - Running: ['***', 'tasks', 'run', 'match_details_dag', 'staging_match_data', 'scheduled__2022-06-18T00:00:00+00:00', '--job-id', '146', '--raw', '--subdir', 'DAGS_FOLDER/matchData_dag.py', '--cfg-path', '/tmp/tmphfqrs0bt', '--error-file', '/tmp/tmp3fg6n2qe']
[2022-06-20 05:19:44,934] {standard_task_runner.py:77} INFO - Job 146: Subtask staging_match_data
[2022-06-20 05:19:44,975] {logging_mixin.py:109} INFO - Running <TaskInstance: match_details_dag.staging_match_data scheduled__2022-06-18T00:00:00+00:00 [running]> on host ebe3cc7dbee2
[2022-06-20 05:19:45,018] {taskinstance.py:1429} INFO - Exporting the following env vars:
AIRFLOW_CTX_DAG_OWNER=admin
AIRFLOW_CTX_DAG_ID=match_details_dag
AIRFLOW_CTX_TASK_ID=staging_match_data
AIRFLOW_CTX_EXECUTION_DATE=2022-06-18T00:00:00+00:00
AIRFLOW_CTX_DAG_RUN_ID=scheduled__2022-06-18T00:00:00+00:00
[2022-06-20 05:19:45,019] {riot_matchdetails_toADLS_Operator.py:61} INFO - StageToAzureLake not implemented yet
[2022-06-20 05:19:45,032] {riot_matchdetails_toADLS_Operator.py:70} INFO - <bound method WasbHook.get_conn of <airflow.providers.microsoft.azure.hooks.wasb.WasbHook object at 0x7f995e1c4e50>>
[2022-06-20 05:19:45,032] {riot_matchdetails_toADLS_Operator.py:71} INFO - Created Azure Connection
[2022-06-20 05:19:45,042] {riot_matchdetails_toADLS_Operator.py:74} INFO - Created Riot Connection
[2022-06-20 05:19:45,325] {Limits.py:87} INFO - rate limit changed from 0/0s to 20/1s
[2022-06-20 05:19:45,326] {Limits.py:87} INFO - rate limit changed from 0/0s to 100/120s
[2022-06-20 05:19:45,326] {Limits.py:87} INFO - rate limit changed from 0/0s to 50/10s
[2022-06-20 05:19:45,428] {Limits.py:87} INFO - rate limit changed from 0/0s to 2000/60s
[2022-06-20 05:19:45,725] {Limits.py:87} INFO - rate limit changed from 0/0s to 20/1s
[2022-06-20 05:19:45,725] {Limits.py:87} INFO - rate limit changed from 0/0s to 100/120s
[2022-06-20 05:19:45,725] {Limits.py:87} INFO - rate limit changed from 0/0s to 500/10s
[2022-06-20 05:19:45,902] {Limits.py:87} INFO - rate limit changed from 0/0s to 250/10s
[2022-06-20 05:19:46,459] {riot_matchdetails_toADLS_Operator.py:130} INFO - /tmp/tmpfn6rl4vj/top10_players.json
[2022-06-20 05:19:46,460] {_universal.py:475} INFO - Request URL: 'https://leagueoflegends.blob.core.windows.net/players/2022/6/20/5.json?sv=REDACTED&ss=REDACTED&srt=REDACTED&sp=REDACTED&se=REDACTED&st=REDACTED&spr=REDACTED&sig=REDACTED'/nRequest method: 'PUT'/nRequest headers:/n    'x-ms-blob-type': 'REDACTED'/n    'Content-Length': '0'/n    'If-None-Match': '*'/n    'x-ms-version': 'REDACTED'/n    'Content-Type': 'application/octet-stream'/n    'Accept': 'application/xml'/n    'User-Agent': 'azsdk-python-storage-blob/12.8.1 Python/3.8.12 (Linux-5.10.102.1-microsoft-standard-WSL2-x86_64-with-glibc2.2.5)'/n    'x-ms-date': 'REDACTED'/n    'x-ms-client-request-id': '997e0380-f058-11ec-831a-0242ac120007'/nNo body was attached to the request
[2022-06-20 05:19:46,698] {_universal.py:503} INFO - Response status: 201/nResponse headers:/n    'Content-Length': '0'/n    'Content-MD5': 'REDACTED'/n    'Last-Modified': 'Mon, 20 Jun 2022 05:19:47 GMT'/n    'ETag': '"0x8DA527C7E831C54"'/n    'Server': 'Windows-Azure-Blob/1.0 Microsoft-HTTPAPI/2.0'/n    'x-ms-request-id': '59639eb7-301e-0064-4065-84518b000000'/n    'x-ms-client-request-id': '997e0380-f058-11ec-831a-0242ac120007'/n    'x-ms-version': 'REDACTED'/n    'x-ms-content-crc64': 'REDACTED'/n    'x-ms-request-server-encrypted': 'REDACTED'/n    'Date': 'Mon, 20 Jun 2022 05:19:47 GMT'
[2022-06-20 05:19:46,699] {riot_matchdetails_toADLS_Operator.py:140} INFO - players loaded
[2022-06-20 05:19:46,699] {riot_matchdetails_toADLS_Operator.py:142} INFO - /tmp/tmpfn6rl4vj/match_details.csv
[2022-06-20 05:19:46,700] {_universal.py:472} INFO - Request URL: 'https://leagueoflegends.blob.core.windows.net/match-details/2022/6/20/5.csv?sv=REDACTED&ss=REDACTED&srt=REDACTED&sp=REDACTED&se=REDACTED&st=REDACTED&spr=REDACTED&sig=REDACTED'/nRequest method: 'PUT'/nRequest headers:/n    'x-ms-blob-type': 'REDACTED'/n    'Content-Length': '12182'/n    'If-None-Match': '*'/n    'x-ms-version': 'REDACTED'/n    'Content-Type': 'application/octet-stream'/n    'Accept': 'application/xml'/n    'User-Agent': 'azsdk-python-storage-blob/12.8.1 Python/3.8.12 (Linux-5.10.102.1-microsoft-standard-WSL2-x86_64-with-glibc2.2.5)'/n    'x-ms-date': 'REDACTED'/n    'x-ms-client-request-id': '99a2a1b8-f058-11ec-831a-0242ac120007'/nA body is sent with the request
[2022-06-20 05:19:46,829] {_universal.py:503} INFO - Response status: 201/nResponse headers:/n    'Content-Length': '0'/n    'Content-MD5': 'REDACTED'/n    'Last-Modified': 'Mon, 20 Jun 2022 05:19:47 GMT'/n    'ETag': '"0x8DA527C7E974812"'/n    'Server': 'Windows-Azure-Blob/1.0 Microsoft-HTTPAPI/2.0'/n    'x-ms-request-id': '59639ee0-301e-0064-6565-84518b000000'/n    'x-ms-client-request-id': '99a2a1b8-f058-11ec-831a-0242ac120007'/n    'x-ms-version': 'REDACTED'/n    'x-ms-content-crc64': 'REDACTED'/n    'x-ms-request-server-encrypted': 'REDACTED'/n    'Date': 'Mon, 20 Jun 2022 05:19:47 GMT'
[2022-06-20 05:19:46,829] {riot_matchdetails_toADLS_Operator.py:152} INFO - match-details loaded
[2022-06-20 05:19:46,829] {riot_matchdetails_toADLS_Operator.py:154} INFO - /tmp/tmpfn6rl4vj/match_info.csv
[2022-06-20 05:19:46,830] {_universal.py:472} INFO - Request URL: 'https://leagueoflegends.blob.core.windows.net/match-info/2022/6/20/5.csv?sv=REDACTED&ss=REDACTED&srt=REDACTED&sp=REDACTED&se=REDACTED&st=REDACTED&spr=REDACTED&sig=REDACTED'/nRequest method: 'PUT'/nRequest headers:/n    'x-ms-blob-type': 'REDACTED'/n    'Content-Length': '455'/n    'If-None-Match': '*'/n    'x-ms-version': 'REDACTED'/n    'Content-Type': 'application/octet-stream'/n    'Accept': 'application/xml'/n    'User-Agent': 'azsdk-python-storage-blob/12.8.1 Python/3.8.12 (Linux-5.10.102.1-microsoft-standard-WSL2-x86_64-with-glibc2.2.5)'/n    'x-ms-date': 'REDACTED'/n    'x-ms-client-request-id': '99b67de6-f058-11ec-831a-0242ac120007'/nA body is sent with the request
[2022-06-20 05:19:46,920] {_universal.py:503} INFO - Response status: 201/nResponse headers:/n    'Content-Length': '0'/n    'Content-MD5': 'REDACTED'/n    'Last-Modified': 'Mon, 20 Jun 2022 05:19:48 GMT'/n    'ETag': '"0x8DA527C7EA5455D"'/n    'Server': 'Windows-Azure-Blob/1.0 Microsoft-HTTPAPI/2.0'/n    'x-ms-request-id': '59639f1d-301e-0064-1e65-84518b000000'/n    'x-ms-client-request-id': '99b67de6-f058-11ec-831a-0242ac120007'/n    'x-ms-version': 'REDACTED'/n    'x-ms-content-crc64': 'REDACTED'/n    'x-ms-request-server-encrypted': 'REDACTED'/n    'Date': 'Mon, 20 Jun 2022 05:19:47 GMT'
[2022-06-20 05:19:46,921] {riot_matchdetails_toADLS_Operator.py:164} INFO - match-info loaded
[2022-06-20 05:19:46,926] {riot_matchdetails_toADLS_Operator.py:63} INFO - Upload match data to Azure!
[2022-06-20 05:19:46,935] {taskinstance.py:1272} INFO - Marking task as SUCCESS. dag_id=match_details_dag, task_id=staging_match_data, execution_date=20220618T000000, start_date=20220620T051944, end_date=20220620T051946
[2022-06-20 05:19:46,955] {local_task_job.py:154} INFO - Task exited with return code 0
[2022-06-20 05:19:47,001] {local_task_job.py:264} INFO - 0 downstream tasks scheduled from follow-on schedule check
[2022-06-20 05:42:40,970] {taskinstance.py:1037} INFO - Dependencies all met for <TaskInstance: match_details_dag.staging_match_data scheduled__2022-06-18T00:00:00+00:00 [queued]>
[2022-06-20 05:42:40,981] {taskinstance.py:1037} INFO - Dependencies all met for <TaskInstance: match_details_dag.staging_match_data scheduled__2022-06-18T00:00:00+00:00 [queued]>
[2022-06-20 05:42:40,981] {taskinstance.py:1243} INFO - 
--------------------------------------------------------------------------------
[2022-06-20 05:42:40,981] {taskinstance.py:1244} INFO - Starting attempt 2 of 2
[2022-06-20 05:42:40,981] {taskinstance.py:1245} INFO - 
--------------------------------------------------------------------------------
[2022-06-20 05:42:40,992] {taskinstance.py:1264} INFO - Executing <Task(riot_matchDetailsToADLSOperator): staging_match_data> on 2022-06-18 00:00:00+00:00
[2022-06-20 05:42:40,996] {standard_task_runner.py:52} INFO - Started process 145 to run task
[2022-06-20 05:42:40,998] {standard_task_runner.py:76} INFO - Running: ['***', 'tasks', 'run', 'match_details_dag', 'staging_match_data', 'scheduled__2022-06-18T00:00:00+00:00', '--job-id', '163', '--raw', '--subdir', 'DAGS_FOLDER/matchData_dag.py', '--cfg-path', '/tmp/tmprq27xqhf', '--error-file', '/tmp/tmpewybu4an']
[2022-06-20 05:42:40,999] {standard_task_runner.py:77} INFO - Job 163: Subtask staging_match_data
[2022-06-20 05:42:41,039] {logging_mixin.py:109} INFO - Running <TaskInstance: match_details_dag.staging_match_data scheduled__2022-06-18T00:00:00+00:00 [running]> on host ebe3cc7dbee2
[2022-06-20 05:42:41,076] {taskinstance.py:1429} INFO - Exporting the following env vars:
AIRFLOW_CTX_DAG_OWNER=admin
AIRFLOW_CTX_DAG_ID=match_details_dag
AIRFLOW_CTX_TASK_ID=staging_match_data
AIRFLOW_CTX_EXECUTION_DATE=2022-06-18T00:00:00+00:00
AIRFLOW_CTX_DAG_RUN_ID=scheduled__2022-06-18T00:00:00+00:00
[2022-06-20 05:42:41,076] {riot_matchdetails_toADLS_Operator.py:61} INFO - StageToAzureLake not implemented yet
[2022-06-20 05:42:41,085] {riot_matchdetails_toADLS_Operator.py:70} INFO - <bound method WasbHook.get_conn of <airflow.providers.microsoft.azure.hooks.wasb.WasbHook object at 0x7f995e1c4e50>>
[2022-06-20 05:42:41,085] {riot_matchdetails_toADLS_Operator.py:71} INFO - Created Azure Connection
[2022-06-20 05:42:41,092] {riot_matchdetails_toADLS_Operator.py:74} INFO - Created Riot Connection
[2022-06-20 05:42:41,518] {Limits.py:87} INFO - rate limit changed from 0/0s to 20/1s
[2022-06-20 05:42:41,518] {Limits.py:87} INFO - rate limit changed from 0/0s to 100/120s
[2022-06-20 05:42:41,518] {Limits.py:87} INFO - rate limit changed from 0/0s to 50/10s
[2022-06-20 05:42:41,519] {logging_mixin.py:109} INFO - [{'leagueId': '49ecb9ed-5b83-4b8f-9d0b-82c1a483ae0f', 'queueType': 'RANKED_SOLO_5x5', 'tier': 'PLATINUM', 'rank': 'I', 'summonerId': 'HdxS18ksOdstUGgfPIsfM4XNFuLAURXzpd91aMErixXM-E3J', 'summonerName': 'SmiteIsDeadGame', 'leaguePoints': 100, 'wins': 19, 'losses': 20, 'veteran': False, 'inactive': False, 'freshBlood': False, 'hotStreak': False, 'miniSeries': {'target': 3, 'wins': 0, 'losses': 0, 'progress': 'NNNNN'}}, {'leagueId': '3077d668-5344-4f97-970b-4965e1d76f5a', 'queueType': 'RANKED_SOLO_5x5', 'tier': 'PLATINUM', 'rank': 'I', 'summonerId': 'etzoRcqNcxdfPl4zkLea-wPSMWpJBDkotzkQ8HQtsvBOuT2L', 'summonerName': 'tuotA', 'leaguePoints': 100, 'wins': 66, 'losses': 58, 'veteran': False, 'inactive': False, 'freshBlood': False, 'hotStreak': False, 'miniSeries': {'target': 3, 'wins': 0, 'losses': 1, 'progress': 'LNNNN'}}]
[2022-06-20 05:42:41,601] {Limits.py:87} INFO - rate limit changed from 0/0s to 2000/60s
[2022-06-20 05:42:41,890] {Limits.py:87} INFO - rate limit changed from 0/0s to 20/1s
[2022-06-20 05:42:41,890] {Limits.py:87} INFO - rate limit changed from 0/0s to 100/120s
[2022-06-20 05:42:41,891] {Limits.py:87} INFO - rate limit changed from 0/0s to 500/10s
[2022-06-20 05:42:42,075] {Limits.py:87} INFO - rate limit changed from 0/0s to 250/10s
[2022-06-20 05:42:42,683] {riot_matchdetails_toADLS_Operator.py:128} INFO - /tmp/tmpbwusgd0e/match_details.csv
[2022-06-20 05:42:42,684] {_universal.py:472} INFO - Request URL: 'https://leagueoflegends.blob.core.windows.net/match-details/2022/6/20/5.csv?sv=REDACTED&ss=REDACTED&srt=REDACTED&sp=REDACTED&se=REDACTED&st=REDACTED&spr=REDACTED&sig=REDACTED'/nRequest method: 'PUT'/nRequest headers:/n    'x-ms-blob-type': 'REDACTED'/n    'Content-Length': '12182'/n    'If-None-Match': '*'/n    'x-ms-version': 'REDACTED'/n    'Content-Type': 'application/octet-stream'/n    'Accept': 'application/xml'/n    'User-Agent': 'azsdk-python-storage-blob/12.8.1 Python/3.8.12 (Linux-5.10.102.1-microsoft-standard-WSL2-x86_64-with-glibc2.2.5)'/n    'x-ms-date': 'REDACTED'/n    'x-ms-client-request-id': 'cdc91aa0-f05b-11ec-bdb0-0242ac120007'/nA body is sent with the request
[2022-06-20 05:42:42,885] {_universal.py:503} INFO - Response status: 409/nResponse headers:/n    'Content-Length': '220'/n    'Content-Type': 'application/xml'/n    'Server': 'Windows-Azure-Blob/1.0 Microsoft-HTTPAPI/2.0'/n    'x-ms-request-id': '110ab3fb-601e-001a-2768-84ce44000000'/n    'x-ms-client-request-id': 'cdc91aa0-f05b-11ec-bdb0-0242ac120007'/n    'x-ms-version': 'REDACTED'/n    'x-ms-error-code': 'REDACTED'/n    'Date': 'Mon, 20 Jun 2022 05:42:43 GMT'
[2022-06-20 05:42:42,887] {taskinstance.py:1718} ERROR - Task failed with exception
Traceback (most recent call last):
  File "/home/airflow/.local/lib/python3.8/site-packages/azure/storage/blob/_upload_helpers.py", line 94, in upload_block_blob
    return client.upload(
  File "/home/airflow/.local/lib/python3.8/site-packages/azure/storage/blob/_generated/operations/_block_blob_operations.py", line 228, in upload
    map_error(status_code=response.status_code, response=response, error_map=error_map)
  File "/home/airflow/.local/lib/python3.8/site-packages/azure/core/exceptions.py", line 105, in map_error
    raise error
azure.core.exceptions.ResourceExistsError: Operation returned an invalid status 'The specified blob already exists.'
Content: <?xml version="1.0" encoding="utf-8"?><Error><Code>BlobAlreadyExists</Code><Message>The specified blob already exists.
RequestId:110ab3fb-601e-001a-2768-84ce44000000
Time:2022-06-20T05:42:44.0100528Z</Message></Error>

During handling of the above exception, another exception occurred:

Traceback (most recent call last):
  File "/home/airflow/.local/lib/python3.8/site-packages/airflow/models/taskinstance.py", line 1334, in _run_raw_task
    self._execute_task_with_callbacks(context)
  File "/home/airflow/.local/lib/python3.8/site-packages/airflow/models/taskinstance.py", line 1460, in _execute_task_with_callbacks
    result = self._execute_task(context, self.task)
  File "/home/airflow/.local/lib/python3.8/site-packages/airflow/models/taskinstance.py", line 1516, in _execute_task
    result = execute_callable(context=context)
  File "/opt/airflow/plugins/custom_operators/riot_matchdetails_toADLS_Operator.py", line 62, in execute
    self.upload_to_azureLake()
  File "/opt/airflow/plugins/custom_operators/riot_matchdetails_toADLS_Operator.py", line 129, in upload_to_azureLake
    wasb_hook.load_file(
  File "/home/airflow/.local/lib/python3.8/site-packages/airflow/providers/microsoft/azure/hooks/wasb.py", line 254, in load_file
    self.upload(
  File "/home/airflow/.local/lib/python3.8/site-packages/airflow/providers/microsoft/azure/hooks/wasb.py", line 339, in upload
    return blob_client.upload_blob(data, blob_type, length=length, **kwargs)
  File "/home/airflow/.local/lib/python3.8/site-packages/azure/core/tracing/decorator.py", line 83, in wrapper_use_tracer
    return func(*args, **kwargs)
  File "/home/airflow/.local/lib/python3.8/site-packages/azure/storage/blob/_blob_client.py", line 693, in upload_blob
    return upload_block_blob(**options)
  File "/home/airflow/.local/lib/python3.8/site-packages/azure/storage/blob/_upload_helpers.py", line 157, in upload_block_blob
    process_storage_error(error)
  File "/home/airflow/.local/lib/python3.8/site-packages/azure/storage/blob/_shared/response_handlers.py", line 150, in process_storage_error
    error.raise_with_traceback()
  File "/home/airflow/.local/lib/python3.8/site-packages/azure/core/exceptions.py", line 247, in raise_with_traceback
    raise super(AzureError, self).with_traceback(self.exc_traceback)
  File "/home/airflow/.local/lib/python3.8/site-packages/azure/storage/blob/_upload_helpers.py", line 94, in upload_block_blob
    return client.upload(
  File "/home/airflow/.local/lib/python3.8/site-packages/azure/storage/blob/_generated/operations/_block_blob_operations.py", line 228, in upload
    map_error(status_code=response.status_code, response=response, error_map=error_map)
  File "/home/airflow/.local/lib/python3.8/site-packages/azure/core/exceptions.py", line 105, in map_error
    raise error
azure.core.exceptions.ResourceExistsError: The specified blob already exists.
RequestId:110ab3fb-601e-001a-2768-84ce44000000
Time:2022-06-20T05:42:44.0100528Z
ErrorCode:BlobAlreadyExists
Error:None
Content: <?xml version="1.0" encoding="utf-8"?><Error><Code>BlobAlreadyExists</Code><Message>The specified blob already exists.
RequestId:110ab3fb-601e-001a-2768-84ce44000000
Time:2022-06-20T05:42:44.0100528Z</Message></Error>
[2022-06-20 05:42:42,897] {taskinstance.py:1272} INFO - Marking task as FAILED. dag_id=match_details_dag, task_id=staging_match_data, execution_date=20220618T000000, start_date=20220620T054240, end_date=20220620T054242
[2022-06-20 05:42:42,910] {standard_task_runner.py:89} ERROR - Failed to execute job 163 for task staging_match_data
Traceback (most recent call last):
  File "/home/airflow/.local/lib/python3.8/site-packages/azure/storage/blob/_upload_helpers.py", line 94, in upload_block_blob
    return client.upload(
  File "/home/airflow/.local/lib/python3.8/site-packages/azure/storage/blob/_generated/operations/_block_blob_operations.py", line 228, in upload
    map_error(status_code=response.status_code, response=response, error_map=error_map)
  File "/home/airflow/.local/lib/python3.8/site-packages/azure/core/exceptions.py", line 105, in map_error
    raise error
azure.core.exceptions.ResourceExistsError: Operation returned an invalid status 'The specified blob already exists.'
Content: <?xml version="1.0" encoding="utf-8"?><Error><Code>BlobAlreadyExists</Code><Message>The specified blob already exists.
RequestId:110ab3fb-601e-001a-2768-84ce44000000
Time:2022-06-20T05:42:44.0100528Z</Message></Error>

During handling of the above exception, another exception occurred:

Traceback (most recent call last):
  File "/home/airflow/.local/lib/python3.8/site-packages/airflow/task/task_runner/standard_task_runner.py", line 85, in _start_by_fork
    args.func(args, dag=self.dag)
  File "/home/airflow/.local/lib/python3.8/site-packages/airflow/cli/cli_parser.py", line 48, in command
    return func(*args, **kwargs)
  File "/home/airflow/.local/lib/python3.8/site-packages/airflow/utils/cli.py", line 92, in wrapper
    return f(*args, **kwargs)
  File "/home/airflow/.local/lib/python3.8/site-packages/airflow/cli/commands/task_command.py", line 298, in task_run
    _run_task_by_selected_method(args, dag, ti)
  File "/home/airflow/.local/lib/python3.8/site-packages/airflow/cli/commands/task_command.py", line 107, in _run_task_by_selected_method
    _run_raw_task(args, ti)
  File "/home/airflow/.local/lib/python3.8/site-packages/airflow/cli/commands/task_command.py", line 180, in _run_raw_task
    ti._run_raw_task(
  File "/home/airflow/.local/lib/python3.8/site-packages/airflow/utils/session.py", line 70, in wrapper
    return func(*args, session=session, **kwargs)
  File "/home/airflow/.local/lib/python3.8/site-packages/airflow/models/taskinstance.py", line 1334, in _run_raw_task
    self._execute_task_with_callbacks(context)
  File "/home/airflow/.local/lib/python3.8/site-packages/airflow/models/taskinstance.py", line 1460, in _execute_task_with_callbacks
    result = self._execute_task(context, self.task)
  File "/home/airflow/.local/lib/python3.8/site-packages/airflow/models/taskinstance.py", line 1516, in _execute_task
    result = execute_callable(context=context)
  File "/opt/airflow/plugins/custom_operators/riot_matchdetails_toADLS_Operator.py", line 62, in execute
    self.upload_to_azureLake()
  File "/opt/airflow/plugins/custom_operators/riot_matchdetails_toADLS_Operator.py", line 129, in upload_to_azureLake
    wasb_hook.load_file(
  File "/home/airflow/.local/lib/python3.8/site-packages/airflow/providers/microsoft/azure/hooks/wasb.py", line 254, in load_file
    self.upload(
  File "/home/airflow/.local/lib/python3.8/site-packages/airflow/providers/microsoft/azure/hooks/wasb.py", line 339, in upload
    return blob_client.upload_blob(data, blob_type, length=length, **kwargs)
  File "/home/airflow/.local/lib/python3.8/site-packages/azure/core/tracing/decorator.py", line 83, in wrapper_use_tracer
    return func(*args, **kwargs)
  File "/home/airflow/.local/lib/python3.8/site-packages/azure/storage/blob/_blob_client.py", line 693, in upload_blob
    return upload_block_blob(**options)
  File "/home/airflow/.local/lib/python3.8/site-packages/azure/storage/blob/_upload_helpers.py", line 157, in upload_block_blob
    process_storage_error(error)
  File "/home/airflow/.local/lib/python3.8/site-packages/azure/storage/blob/_shared/response_handlers.py", line 150, in process_storage_error
    error.raise_with_traceback()
  File "/home/airflow/.local/lib/python3.8/site-packages/azure/core/exceptions.py", line 247, in raise_with_traceback
    raise super(AzureError, self).with_traceback(self.exc_traceback)
  File "/home/airflow/.local/lib/python3.8/site-packages/azure/storage/blob/_upload_helpers.py", line 94, in upload_block_blob
    return client.upload(
  File "/home/airflow/.local/lib/python3.8/site-packages/azure/storage/blob/_generated/operations/_block_blob_operations.py", line 228, in upload
    map_error(status_code=response.status_code, response=response, error_map=error_map)
  File "/home/airflow/.local/lib/python3.8/site-packages/azure/core/exceptions.py", line 105, in map_error
    raise error
azure.core.exceptions.ResourceExistsError: The specified blob already exists.
RequestId:110ab3fb-601e-001a-2768-84ce44000000
Time:2022-06-20T05:42:44.0100528Z
ErrorCode:BlobAlreadyExists
Error:None
Content: <?xml version="1.0" encoding="utf-8"?><Error><Code>BlobAlreadyExists</Code><Message>The specified blob already exists.
RequestId:110ab3fb-601e-001a-2768-84ce44000000
Time:2022-06-20T05:42:44.0100528Z</Message></Error>
[2022-06-20 05:42:42,939] {local_task_job.py:154} INFO - Task exited with return code 1
[2022-06-20 05:42:42,977] {local_task_job.py:264} INFO - 0 downstream tasks scheduled from follow-on schedule check
[2022-06-20 06:50:08,684] {taskinstance.py:1037} INFO - Dependencies all met for <TaskInstance: match_details_dag.staging_match_data scheduled__2022-06-18T00:00:00+00:00 [queued]>
[2022-06-20 06:50:08,694] {taskinstance.py:1037} INFO - Dependencies all met for <TaskInstance: match_details_dag.staging_match_data scheduled__2022-06-18T00:00:00+00:00 [queued]>
[2022-06-20 06:50:08,695] {taskinstance.py:1243} INFO - 
--------------------------------------------------------------------------------
[2022-06-20 06:50:08,695] {taskinstance.py:1244} INFO - Starting attempt 2 of 3
[2022-06-20 06:50:08,695] {taskinstance.py:1245} INFO - 
--------------------------------------------------------------------------------
[2022-06-20 06:50:08,705] {taskinstance.py:1264} INFO - Executing <Task(riot_matchDetailsToADLSOperator): staging_match_data> on 2022-06-18 00:00:00+00:00
[2022-06-20 06:50:08,709] {standard_task_runner.py:52} INFO - Started process 244 to run task
[2022-06-20 06:50:08,711] {standard_task_runner.py:76} INFO - Running: ['***', 'tasks', 'run', 'match_details_dag', 'staging_match_data', 'scheduled__2022-06-18T00:00:00+00:00', '--job-id', '186', '--raw', '--subdir', 'DAGS_FOLDER/matchData_dag.py', '--cfg-path', '/tmp/tmp1u9mh31y', '--error-file', '/tmp/tmps4mr3ois']
[2022-06-20 06:50:08,712] {standard_task_runner.py:77} INFO - Job 186: Subtask staging_match_data
[2022-06-20 06:50:08,749] {logging_mixin.py:109} INFO - Running <TaskInstance: match_details_dag.staging_match_data scheduled__2022-06-18T00:00:00+00:00 [running]> on host ebe3cc7dbee2
[2022-06-20 06:50:08,790] {taskinstance.py:1429} INFO - Exporting the following env vars:
AIRFLOW_CTX_DAG_OWNER=admin
AIRFLOW_CTX_DAG_ID=match_details_dag
AIRFLOW_CTX_TASK_ID=staging_match_data
AIRFLOW_CTX_EXECUTION_DATE=2022-06-18T00:00:00+00:00
AIRFLOW_CTX_DAG_RUN_ID=scheduled__2022-06-18T00:00:00+00:00
[2022-06-20 06:50:08,790] {riot_matchdetails_toADLS_Operator.py:61} INFO - StageToAzureLake not implemented yet
[2022-06-20 06:50:08,799] {riot_matchdetails_toADLS_Operator.py:70} INFO - <bound method WasbHook.get_conn of <airflow.providers.microsoft.azure.hooks.wasb.WasbHook object at 0x7f9945401f40>>
[2022-06-20 06:50:08,799] {riot_matchdetails_toADLS_Operator.py:71} INFO - Created Azure Connection
[2022-06-20 06:50:08,806] {riot_matchdetails_toADLS_Operator.py:74} INFO - Created Riot Connection
[2022-06-20 06:50:09,108] {Limits.py:87} INFO - rate limit changed from 0/0s to 20/1s
[2022-06-20 06:50:09,108] {Limits.py:87} INFO - rate limit changed from 0/0s to 100/120s
[2022-06-20 06:50:09,108] {Limits.py:87} INFO - rate limit changed from 0/0s to 50/10s
[2022-06-20 06:50:09,109] {logging_mixin.py:109} INFO - [{'leagueId': '49ecb9ed-5b83-4b8f-9d0b-82c1a483ae0f', 'queueType': 'RANKED_SOLO_5x5', 'tier': 'PLATINUM', 'rank': 'I', 'summonerId': 'HdxS18ksOdstUGgfPIsfM4XNFuLAURXzpd91aMErixXM-E3J', 'summonerName': 'SmiteIsDeadGame', 'leaguePoints': 100, 'wins': 19, 'losses': 20, 'veteran': False, 'inactive': False, 'freshBlood': False, 'hotStreak': False, 'miniSeries': {'target': 3, 'wins': 0, 'losses': 0, 'progress': 'NNNNN'}}, {'leagueId': '3077d668-5344-4f97-970b-4965e1d76f5a', 'queueType': 'RANKED_SOLO_5x5', 'tier': 'PLATINUM', 'rank': 'I', 'summonerId': 'etzoRcqNcxdfPl4zkLea-wPSMWpJBDkotzkQ8HQtsvBOuT2L', 'summonerName': 'tuotA', 'leaguePoints': 100, 'wins': 66, 'losses': 58, 'veteran': False, 'inactive': False, 'freshBlood': False, 'hotStreak': False, 'miniSeries': {'target': 3, 'wins': 0, 'losses': 1, 'progress': 'LNNNN'}}]
[2022-06-20 06:50:09,191] {Limits.py:87} INFO - rate limit changed from 0/0s to 2000/60s
[2022-06-20 06:50:09,478] {Limits.py:87} INFO - rate limit changed from 0/0s to 20/1s
[2022-06-20 06:50:09,478] {Limits.py:87} INFO - rate limit changed from 0/0s to 100/120s
[2022-06-20 06:50:09,478] {Limits.py:87} INFO - rate limit changed from 0/0s to 500/10s
[2022-06-20 06:50:09,638] {Limits.py:87} INFO - rate limit changed from 0/0s to 250/10s
[2022-06-20 06:50:10,183] {riot_matchdetails_toADLS_Operator.py:128} INFO - /tmp/tmp6w4wmj9e/match_details.csv
[2022-06-20 06:50:10,184] {_universal.py:472} INFO - Request URL: 'https://leagueoflegends.blob.core.windows.net/match-details/2022/6/20/6.csv?sv=REDACTED&ss=REDACTED&srt=REDACTED&sp=REDACTED&se=REDACTED&st=REDACTED&spr=REDACTED&sig=REDACTED'/nRequest method: 'PUT'/nRequest headers:/n    'x-ms-blob-type': 'REDACTED'/n    'Content-Length': '12182'/n    'If-None-Match': '*'/n    'x-ms-version': 'REDACTED'/n    'Content-Type': 'application/octet-stream'/n    'Accept': 'application/xml'/n    'User-Agent': 'azsdk-python-storage-blob/12.8.1 Python/3.8.12 (Linux-5.10.102.1-microsoft-standard-WSL2-x86_64-with-glibc2.2.5)'/n    'x-ms-date': 'REDACTED'/n    'x-ms-client-request-id': '3a48960c-f065-11ec-9656-0242ac120007'/nA body is sent with the request
[2022-06-20 06:50:10,554] {_universal.py:503} INFO - Response status: 201/nResponse headers:/n    'Content-Length': '0'/n    'Content-MD5': 'REDACTED'/n    'Last-Modified': 'Mon, 20 Jun 2022 06:50:11 GMT'/n    'ETag': '"0x8DA52891F5BF95E"'/n    'Server': 'Windows-Azure-Blob/1.0 Microsoft-HTTPAPI/2.0'/n    'x-ms-request-id': '5b63332b-501e-00de-0c71-84b182000000'/n    'x-ms-client-request-id': '3a48960c-f065-11ec-9656-0242ac120007'/n    'x-ms-version': 'REDACTED'/n    'x-ms-content-crc64': 'REDACTED'/n    'x-ms-request-server-encrypted': 'REDACTED'/n    'Date': 'Mon, 20 Jun 2022 06:50:10 GMT'
[2022-06-20 06:50:10,555] {riot_matchdetails_toADLS_Operator.py:138} INFO - match-details loaded
[2022-06-20 06:50:10,555] {riot_matchdetails_toADLS_Operator.py:140} INFO - /tmp/tmp6w4wmj9e/match_info.csv
[2022-06-20 06:50:10,556] {_universal.py:472} INFO - Request URL: 'https://leagueoflegends.blob.core.windows.net/match-info/2022/6/20/6.csv?sv=REDACTED&ss=REDACTED&srt=REDACTED&sp=REDACTED&se=REDACTED&st=REDACTED&spr=REDACTED&sig=REDACTED'/nRequest method: 'PUT'/nRequest headers:/n    'x-ms-blob-type': 'REDACTED'/n    'Content-Length': '455'/n    'If-None-Match': '*'/n    'x-ms-version': 'REDACTED'/n    'Content-Type': 'application/octet-stream'/n    'Accept': 'application/xml'/n    'User-Agent': 'azsdk-python-storage-blob/12.8.1 Python/3.8.12 (Linux-5.10.102.1-microsoft-standard-WSL2-x86_64-with-glibc2.2.5)'/n    'x-ms-date': 'REDACTED'/n    'x-ms-client-request-id': '3a815a96-f065-11ec-9656-0242ac120007'/nA body is sent with the request
[2022-06-20 06:50:10,708] {_universal.py:503} INFO - Response status: 201/nResponse headers:/n    'Content-Length': '0'/n    'Content-MD5': 'REDACTED'/n    'Last-Modified': 'Mon, 20 Jun 2022 06:50:11 GMT'/n    'ETag': '"0x8DA52891F73A516"'/n    'Server': 'Windows-Azure-Blob/1.0 Microsoft-HTTPAPI/2.0'/n    'x-ms-request-id': '5b63335b-501e-00de-3571-84b182000000'/n    'x-ms-client-request-id': '3a815a96-f065-11ec-9656-0242ac120007'/n    'x-ms-version': 'REDACTED'/n    'x-ms-content-crc64': 'REDACTED'/n    'x-ms-request-server-encrypted': 'REDACTED'/n    'Date': 'Mon, 20 Jun 2022 06:50:11 GMT'
[2022-06-20 06:50:10,708] {riot_matchdetails_toADLS_Operator.py:150} INFO - match-info loaded
[2022-06-20 06:50:10,709] {logging_mixin.py:109} INFO - [{"leagueId": "49ecb9ed-5b83-4b8f-9d0b-82c1a483ae0f", "queueType": "RANKED_SOLO_5x5", "tier": "PLATINUM", "rank": "I", "summonerId": "HdxS18ksOdstUGgfPIsfM4XNFuLAURXzpd91aMErixXM-E3J", "summonerName": "SmiteIsDeadGame", "leaguePoints": 100, "wins": 19, "losses": 20, "veteran": false, "inactive": false, "freshBlood": false, "hotStreak": false, "miniSeries": {"target": 3, "wins": 0, "losses": 0, "progress": "NNNNN"}}, {"leagueId": "3077d668-5344-4f97-970b-4965e1d76f5a", "queueType": "RANKED_SOLO_5x5", "tier": "PLATINUM", "rank": "I", "summonerId": "etzoRcqNcxdfPl4zkLea-wPSMWpJBDkotzkQ8HQtsvBOuT2L", "summonerName": "tuotA", "leaguePoints": 100, "wins": 66, "losses": 58, "veteran": false, "inactive": false, "freshBlood": false, "hotStreak": false, "miniSeries": {"target": 3, "wins": 0, "losses": 1, "progress": "LNNNN"}}]
[2022-06-20 06:50:10,710] {_universal.py:472} INFO - Request URL: 'https://leagueoflegends.blob.core.windows.net/players/2022/6/20/6.json?sv=REDACTED&ss=REDACTED&srt=REDACTED&sp=REDACTED&se=REDACTED&st=REDACTED&spr=REDACTED&sig=REDACTED'/nRequest method: 'PUT'/nRequest headers:/n    'x-ms-blob-type': 'REDACTED'/n    'Content-Length': '828'/n    'If-None-Match': '*'/n    'x-ms-version': 'REDACTED'/n    'Content-Type': 'application/octet-stream'/n    'Accept': 'application/xml'/n    'User-Agent': 'azsdk-python-storage-blob/12.8.1 Python/3.8.12 (Linux-5.10.102.1-microsoft-standard-WSL2-x86_64-with-glibc2.2.5)'/n    'x-ms-date': 'REDACTED'/n    'x-ms-client-request-id': '3a98d306-f065-11ec-9656-0242ac120007'/nA body is sent with the request
[2022-06-20 06:50:10,909] {_universal.py:503} INFO - Response status: 201/nResponse headers:/n    'Content-Length': '0'/n    'Content-MD5': 'REDACTED'/n    'Last-Modified': 'Mon, 20 Jun 2022 06:50:12 GMT'/n    'ETag': '"0x8DA52891F923482"'/n    'Server': 'Windows-Azure-Blob/1.0 Microsoft-HTTPAPI/2.0'/n    'x-ms-request-id': '5b63337c-501e-00de-5071-84b182000000'/n    'x-ms-client-request-id': '3a98d306-f065-11ec-9656-0242ac120007'/n    'x-ms-version': 'REDACTED'/n    'x-ms-content-crc64': 'REDACTED'/n    'x-ms-request-server-encrypted': 'REDACTED'/n    'Date': 'Mon, 20 Jun 2022 06:50:11 GMT'
[2022-06-20 06:50:10,910] {riot_matchdetails_toADLS_Operator.py:171} INFO - players loaded
[2022-06-20 06:50:10,913] {riot_matchdetails_toADLS_Operator.py:63} INFO - Upload match data to Azure!
[2022-06-20 06:50:10,923] {taskinstance.py:1272} INFO - Marking task as SUCCESS. dag_id=match_details_dag, task_id=staging_match_data, execution_date=20220618T000000, start_date=20220620T065008, end_date=20220620T065010
[2022-06-20 06:50:10,975] {local_task_job.py:154} INFO - Task exited with return code 0
[2022-06-20 06:50:11,011] {local_task_job.py:264} INFO - 3 downstream tasks scheduled from follow-on schedule check
