[2022-06-20 23:03:07,831] {taskinstance.py:1037} INFO - Dependencies all met for <TaskInstance: match_details_dag.dbt_run scheduled__2022-06-20T00:00:00+00:00 [queued]>
[2022-06-20 23:03:07,839] {taskinstance.py:1037} INFO - Dependencies all met for <TaskInstance: match_details_dag.dbt_run scheduled__2022-06-20T00:00:00+00:00 [queued]>
[2022-06-20 23:03:07,840] {taskinstance.py:1243} INFO - 
--------------------------------------------------------------------------------
[2022-06-20 23:03:07,840] {taskinstance.py:1244} INFO - Starting attempt 2 of 2
[2022-06-20 23:03:07,840] {taskinstance.py:1245} INFO - 
--------------------------------------------------------------------------------
[2022-06-20 23:03:07,851] {taskinstance.py:1264} INFO - Executing <Task(BashOperator): dbt_run> on 2022-06-20 00:00:00+00:00
[2022-06-20 23:03:07,855] {standard_task_runner.py:52} INFO - Started process 138 to run task
[2022-06-20 23:03:07,857] {standard_task_runner.py:76} INFO - Running: ['***', 'tasks', 'run', 'match_details_dag', 'dbt_run', 'scheduled__2022-06-20T00:00:00+00:00', '--job-id', '208', '--raw', '--subdir', 'DAGS_FOLDER/matchData_dag.py', '--cfg-path', '/tmp/tmpp0bzl57w', '--error-file', '/tmp/tmpaftsbhj3']
[2022-06-20 23:03:07,858] {standard_task_runner.py:77} INFO - Job 208: Subtask dbt_run
[2022-06-20 23:03:07,898] {logging_mixin.py:109} INFO - Running <TaskInstance: match_details_dag.dbt_run scheduled__2022-06-20T00:00:00+00:00 [running]> on host ebe3cc7dbee2
[2022-06-20 23:03:07,939] {taskinstance.py:1429} INFO - Exporting the following env vars:
AIRFLOW_CTX_DAG_OWNER=admin
AIRFLOW_CTX_DAG_ID=match_details_dag
AIRFLOW_CTX_TASK_ID=dbt_run
AIRFLOW_CTX_EXECUTION_DATE=2022-06-20T00:00:00+00:00
AIRFLOW_CTX_DAG_RUN_ID=scheduled__2022-06-20T00:00:00+00:00
[2022-06-20 23:03:07,939] {subprocess.py:62} INFO - Tmp dir root location: 
 /tmp
[2022-06-20 23:03:07,940] {subprocess.py:74} INFO - Running command: ['bash', '-c', 'cd /opt/***/dbt && dbt deps && dbt run']
[2022-06-20 23:03:07,949] {subprocess.py:85} INFO - Output:
[2022-06-20 23:03:10,554] {subprocess.py:89} INFO - 23:03:10  Running with dbt=1.1.0
[2022-06-20 23:03:11,311] {subprocess.py:89} INFO - 23:03:11  Installing dbt-labs/dbt_utils
[2022-06-20 23:03:11,864] {subprocess.py:89} INFO - 23:03:11    Installed from version 0.8.5
[2022-06-20 23:03:11,864] {subprocess.py:89} INFO - 23:03:11    Updated version available: 0.8.6
[2022-06-20 23:03:11,865] {subprocess.py:89} INFO - 23:03:11
[2022-06-20 23:03:11,865] {subprocess.py:89} INFO - 23:03:11  Updates available for packages: ['dbt-labs/dbt_utils']
[2022-06-20 23:03:11,865] {subprocess.py:89} INFO - Update your versions in packages.yml, then run dbt deps
[2022-06-20 23:03:15,880] {subprocess.py:89} INFO - 23:03:15  Running with dbt=1.1.0
[2022-06-20 23:03:15,957] {subprocess.py:89} INFO - 23:03:15  Found 17 models, 32 tests, 0 snapshots, 0 analyses, 400 macros, 0 operations, 0 seed files, 24 sources, 0 exposures, 0 metrics
[2022-06-20 23:03:15,961] {subprocess.py:89} INFO - 23:03:15
[2022-06-20 23:03:17,578] {subprocess.py:89} INFO - 23:03:17  Concurrency: 10 threads (target='dev')
[2022-06-20 23:03:17,579] {subprocess.py:89} INFO - 23:03:17
[2022-06-20 23:03:17,600] {subprocess.py:89} INFO - 23:03:17  1 of 16 START table model PUBLIC.final_champions ............................... [RUN]
[2022-06-20 23:03:17,604] {subprocess.py:89} INFO - 23:03:17  2 of 16 START table model PUBLIC.final_items ................................... [RUN]
[2022-06-20 23:03:17,607] {subprocess.py:89} INFO - 23:03:17  3 of 16 START table model PUBLIC.final_maps .................................... [RUN]
[2022-06-20 23:03:17,609] {subprocess.py:89} INFO - 23:03:17  4 of 16 START incremental model PUBLIC.final_match_details ..................... [RUN]
[2022-06-20 23:03:17,611] {subprocess.py:89} INFO - 23:03:17  5 of 16 START incremental model PUBLIC.final_match_info ........................ [RUN]
[2022-06-20 23:03:17,612] {subprocess.py:89} INFO - 23:03:17  6 of 16 START incremental model PUBLIC.final_players ........................... [RUN]
[2022-06-20 23:03:17,612] {subprocess.py:89} INFO - 23:03:17  7 of 16 START table model PUBLIC.final_runes_reforged .......................... [RUN]
[2022-06-20 23:03:17,614] {subprocess.py:89} INFO - 23:03:17  8 of 16 START table model PUBLIC.final_summonerspells .......................... [RUN]
[2022-06-20 23:03:17,615] {subprocess.py:89} INFO - 23:03:17  9 of 16 START view model PUBLIC.stg_champions .................................. [RUN]
[2022-06-20 23:03:17,616] {subprocess.py:89} INFO - 23:03:17  10 of 16 START view model PUBLIC.stg_items ..................................... [RUN]
[2022-06-20 23:03:19,916] {subprocess.py:89} INFO - 23:03:19  1 of 16 OK created table model PUBLIC.final_champions .......................... [[32mSUCCESS 1[0m in 2.30s]
[2022-06-20 23:03:19,935] {subprocess.py:89} INFO - 23:03:19  11 of 16 START view model PUBLIC.stg_maps ...................................... [RUN]
[2022-06-20 23:03:21,567] {subprocess.py:89} INFO - 23:03:21  8 of 16 OK created table model PUBLIC.final_summonerspells ..................... [[32mSUCCESS 1[0m in 3.95s]
[2022-06-20 23:03:21,569] {subprocess.py:89} INFO - 23:03:21  12 of 16 START view model PUBLIC.stg_match_details ............................. [RUN]
[2022-06-20 23:03:21,719] {subprocess.py:89} INFO - 23:03:21  10 of 16 OK created view model PUBLIC.stg_items ................................ [[32mSUCCESS 1[0m in 4.10s]
[2022-06-20 23:03:21,721] {subprocess.py:89} INFO - 23:03:21  13 of 16 START view model PUBLIC.stg_match_info ................................ [RUN]
[2022-06-20 23:03:21,905] {subprocess.py:89} INFO - 23:03:21  9 of 16 OK created view model PUBLIC.stg_champions ............................. [[32mSUCCESS 1[0m in 4.28s]
[2022-06-20 23:03:21,913] {subprocess.py:89} INFO - 23:03:21  14 of 16 START view model PUBLIC.stg_players ................................... [RUN]
[2022-06-20 23:03:22,001] {subprocess.py:89} INFO - 23:03:22  11 of 16 OK created view model PUBLIC.stg_maps ................................. [[32mSUCCESS 1[0m in 2.06s]
[2022-06-20 23:03:22,002] {subprocess.py:89} INFO - 23:03:22  15 of 16 START view model PUBLIC.stg_runes_reforged ............................ [RUN]
[2022-06-20 23:03:22,641] {subprocess.py:89} INFO - 23:03:22  12 of 16 OK created view model PUBLIC.stg_match_details ........................ [[32mSUCCESS 1[0m in 1.07s]
[2022-06-20 23:03:22,644] {subprocess.py:89} INFO - 23:03:22  16 of 16 START view model PUBLIC.stg_summonerspells ............................ [RUN]
[2022-06-20 23:03:23,026] {subprocess.py:89} INFO - 23:03:23  7 of 16 OK created table model PUBLIC.final_runes_reforged ..................... [[32mSUCCESS 1[0m in 5.41s]
[2022-06-20 23:03:23,059] {subprocess.py:89} INFO - 23:03:23  3 of 16 OK created table model PUBLIC.final_maps ............................... [[32mSUCCESS 1[0m in 5.44s]
[2022-06-20 23:03:23,067] {subprocess.py:89} INFO - 23:03:23  2 of 16 OK created table model PUBLIC.final_items .............................. [[32mSUCCESS 1[0m in 5.45s]
[2022-06-20 23:03:23,261] {subprocess.py:89} INFO - 23:03:23  14 of 16 OK created view model PUBLIC.stg_players .............................. [[32mSUCCESS 1[0m in 1.34s]
[2022-06-20 23:03:23,362] {subprocess.py:89} INFO - 23:03:23  13 of 16 OK created view model PUBLIC.stg_match_info ........................... [[32mSUCCESS 1[0m in 1.64s]
[2022-06-20 23:03:23,386] {subprocess.py:89} INFO - 23:03:23  15 of 16 OK created view model PUBLIC.stg_runes_reforged ....................... [[32mSUCCESS 1[0m in 1.38s]
[2022-06-20 23:03:23,422] {subprocess.py:89} INFO - 23:03:23  16 of 16 OK created view model PUBLIC.stg_summonerspells ....................... [[32mSUCCESS 1[0m in 0.78s]
[2022-06-20 23:03:23,733] {subprocess.py:89} INFO - 23:03:23  5 of 16 OK created incremental model PUBLIC.final_match_info ................... [[32mSUCCESS 1[0m in 6.12s]
[2022-06-20 23:03:23,786] {subprocess.py:89} INFO - 23:03:23  6 of 16 OK created incremental model PUBLIC.final_players ...................... [[32mSUCCESS 1[0m in 6.17s]
[2022-06-20 23:03:24,904] {subprocess.py:89} INFO - 23:03:24  4 of 16 ERROR creating incremental model PUBLIC.final_match_details ............ [[31mERROR[0m in 7.29s]
[2022-06-20 23:03:24,907] {subprocess.py:89} INFO - 23:03:24
[2022-06-20 23:03:24,908] {subprocess.py:89} INFO - 23:03:24  Finished running 5 table models, 8 view models, 3 incremental models in 8.95s.
[2022-06-20 23:03:24,926] {subprocess.py:89} INFO - 23:03:24
[2022-06-20 23:03:24,926] {subprocess.py:89} INFO - 23:03:24  [31mCompleted with 1 error and 0 warnings:[0m
[2022-06-20 23:03:24,926] {subprocess.py:89} INFO - 23:03:24
[2022-06-20 23:03:24,927] {subprocess.py:89} INFO - 23:03:24  [33mDatabase Error in model final_match_details (models/warehouse/final_match_details.sql)[0m
[2022-06-20 23:03:24,927] {subprocess.py:89} INFO - 23:03:24    100038 (22018): Numeric value 'TOP' is not recognized
[2022-06-20 23:03:24,927] {subprocess.py:89} INFO - 23:03:24    compiled SQL at target/run/leagueoflegendsdbt/models/warehouse/final_match_details.sql
[2022-06-20 23:03:24,928] {subprocess.py:89} INFO - 23:03:24
[2022-06-20 23:03:24,928] {subprocess.py:89} INFO - 23:03:24  Done. PASS=15 WARN=0 ERROR=1 SKIP=0 TOTAL=16
[2022-06-20 23:03:25,626] {subprocess.py:93} INFO - Command exited with return code 1
[2022-06-20 23:03:25,637] {taskinstance.py:1718} ERROR - Task failed with exception
Traceback (most recent call last):
  File "/home/airflow/.local/lib/python3.8/site-packages/airflow/models/taskinstance.py", line 1334, in _run_raw_task
    self._execute_task_with_callbacks(context)
  File "/home/airflow/.local/lib/python3.8/site-packages/airflow/models/taskinstance.py", line 1460, in _execute_task_with_callbacks
    result = self._execute_task(context, self.task)
  File "/home/airflow/.local/lib/python3.8/site-packages/airflow/models/taskinstance.py", line 1516, in _execute_task
    result = execute_callable(context=context)
  File "/home/airflow/.local/lib/python3.8/site-packages/airflow/operators/bash.py", line 187, in execute
    raise AirflowException(
airflow.exceptions.AirflowException: Bash command failed. The command returned a non-zero exit code 1.
[2022-06-20 23:03:25,641] {taskinstance.py:1272} INFO - Marking task as FAILED. dag_id=match_details_dag, task_id=dbt_run, execution_date=20220620T000000, start_date=20220620T230307, end_date=20220620T230325
[2022-06-20 23:03:25,654] {standard_task_runner.py:89} ERROR - Failed to execute job 208 for task dbt_run
Traceback (most recent call last):
  File "/home/airflow/.local/lib/python3.8/site-packages/airflow/task/task_runner/standard_task_runner.py", line 85, in _start_by_fork
    args.func(args, dag=self.dag)
  File "/home/airflow/.local/lib/python3.8/site-packages/airflow/cli/cli_parser.py", line 48, in command
    return func(*args, **kwargs)
  File "/home/airflow/.local/lib/python3.8/site-packages/airflow/utils/cli.py", line 92, in wrapper
    return f(*args, **kwargs)
  File "/home/airflow/.local/lib/python3.8/site-packages/airflow/cli/commands/task_command.py", line 298, in task_run
    _run_task_by_selected_method(args, dag, ti)
  File "/home/airflow/.local/lib/python3.8/site-packages/airflow/cli/commands/task_command.py", line 107, in _run_task_by_selected_method
    _run_raw_task(args, ti)
  File "/home/airflow/.local/lib/python3.8/site-packages/airflow/cli/commands/task_command.py", line 180, in _run_raw_task
    ti._run_raw_task(
  File "/home/airflow/.local/lib/python3.8/site-packages/airflow/utils/session.py", line 70, in wrapper
    return func(*args, session=session, **kwargs)
  File "/home/airflow/.local/lib/python3.8/site-packages/airflow/models/taskinstance.py", line 1334, in _run_raw_task
    self._execute_task_with_callbacks(context)
  File "/home/airflow/.local/lib/python3.8/site-packages/airflow/models/taskinstance.py", line 1460, in _execute_task_with_callbacks
    result = self._execute_task(context, self.task)
  File "/home/airflow/.local/lib/python3.8/site-packages/airflow/models/taskinstance.py", line 1516, in _execute_task
    result = execute_callable(context=context)
  File "/home/airflow/.local/lib/python3.8/site-packages/airflow/operators/bash.py", line 187, in execute
    raise AirflowException(
airflow.exceptions.AirflowException: Bash command failed. The command returned a non-zero exit code 1.
[2022-06-20 23:03:25,659] {local_task_job.py:154} INFO - Task exited with return code 1
[2022-06-20 23:03:25,690] {local_task_job.py:264} INFO - 0 downstream tasks scheduled from follow-on schedule check
