[2022-05-19 08:21:03,272] {taskinstance.py:1037} INFO - Dependencies all met for <TaskInstance: league_of_legends_dag.paths.path_runesreforged.staging_runesreforged manual__2022-05-19T08:21:00.697673+00:00 [queued]>
[2022-05-19 08:21:03,283] {taskinstance.py:1037} INFO - Dependencies all met for <TaskInstance: league_of_legends_dag.paths.path_runesreforged.staging_runesreforged manual__2022-05-19T08:21:00.697673+00:00 [queued]>
[2022-05-19 08:21:03,284] {taskinstance.py:1243} INFO - 
--------------------------------------------------------------------------------
[2022-05-19 08:21:03,284] {taskinstance.py:1244} INFO - Starting attempt 1 of 2
[2022-05-19 08:21:03,284] {taskinstance.py:1245} INFO - 
--------------------------------------------------------------------------------
[2022-05-19 08:21:03,298] {taskinstance.py:1264} INFO - Executing <Task(riot_dataDragonToADLSOperator): paths.path_runesreforged.staging_runesreforged> on 2022-05-19 08:21:00.697673+00:00
[2022-05-19 08:21:03,304] {standard_task_runner.py:52} INFO - Started process 1496 to run task
[2022-05-19 08:21:03,307] {standard_task_runner.py:76} INFO - Running: ['***', 'tasks', 'run', 'league_of_legends_dag', 'paths.path_runesreforged.staging_runesreforged', 'manual__2022-05-19T08:21:00.697673+00:00', '--job-id', '268', '--raw', '--subdir', 'DAGS_FOLDER/dataDragon_dag.py', '--cfg-path', '/tmp/tmpdo9psww7', '--error-file', '/tmp/tmpj6yr2a2_']
[2022-05-19 08:21:03,309] {standard_task_runner.py:77} INFO - Job 268: Subtask paths.path_runesreforged.staging_runesreforged
[2022-05-19 08:21:03,363] {logging_mixin.py:109} INFO - Running <TaskInstance: league_of_legends_dag.paths.path_runesreforged.staging_runesreforged manual__2022-05-19T08:21:00.697673+00:00 [running]> on host ca9a242fab95
[2022-05-19 08:21:03,422] {taskinstance.py:1429} INFO - Exporting the following env vars:
AIRFLOW_CTX_DAG_OWNER=admin
AIRFLOW_CTX_DAG_ID=league_of_legends_dag
AIRFLOW_CTX_TASK_ID=paths.path_runesreforged.staging_runesreforged
AIRFLOW_CTX_EXECUTION_DATE=2022-05-19T08:21:00.697673+00:00
AIRFLOW_CTX_DAG_RUN_ID=manual__2022-05-19T08:21:00.697673+00:00
[2022-05-19 08:21:03,422] {riot_datadragon_toADLS_Operator.py:55} INFO - StageToAzureLake not implemented yet
[2022-05-19 08:21:03,433] {riot_datadragon_toADLS_Operator.py:63} INFO - <bound method WasbHook.get_conn of <airflow.providers.microsoft.azure.hooks.wasb.WasbHook object at 0x7fdd8917e400>>
[2022-05-19 08:21:03,434] {riot_datadragon_toADLS_Operator.py:64} INFO - Created Azure Connections
[2022-05-19 08:22:31,313] {taskinstance.py:1718} ERROR - Task failed with exception
Traceback (most recent call last):
  File "/home/airflow/.local/lib/python3.8/site-packages/azure/storage/blob/_shared/authentication.py", line 118, in _add_authorization_header
    signature = sign_string(self.account_key, string_to_sign)
  File "/home/airflow/.local/lib/python3.8/site-packages/azure/storage/blob/_shared/__init__.py", line 47, in sign_string
    key = decode_base64_to_bytes(key)
  File "/home/airflow/.local/lib/python3.8/site-packages/azure/storage/blob/_shared/__init__.py", line 37, in decode_base64_to_bytes
    return base64.b64decode(data)
  File "/usr/local/lib/python3.8/base64.py", line 87, in b64decode
    return binascii.a2b_base64(s)
binascii.Error: Invalid base64-encoded string: number of data characters (37) cannot be 1 more than a multiple of 4

During handling of the above exception, another exception occurred:

Traceback (most recent call last):
  File "/home/airflow/.local/lib/python3.8/site-packages/airflow/models/taskinstance.py", line 1334, in _run_raw_task
    self._execute_task_with_callbacks(context)
  File "/home/airflow/.local/lib/python3.8/site-packages/airflow/models/taskinstance.py", line 1460, in _execute_task_with_callbacks
    result = self._execute_task(context, self.task)
  File "/home/airflow/.local/lib/python3.8/site-packages/airflow/models/taskinstance.py", line 1516, in _execute_task
    result = execute_callable(context=context)
  File "/opt/airflow/plugins/custom_operators/riot_datadragon_toADLS_Operator.py", line 56, in execute
    self.upload_to_azureLake()
  File "/opt/airflow/plugins/custom_operators/riot_datadragon_toADLS_Operator.py", line 86, in upload_to_azureLake
    wasb_hook.load_file(
  File "/home/airflow/.local/lib/python3.8/site-packages/airflow/providers/microsoft/azure/hooks/wasb.py", line 254, in load_file
    self.upload(
  File "/home/airflow/.local/lib/python3.8/site-packages/airflow/providers/microsoft/azure/hooks/wasb.py", line 339, in upload
    return blob_client.upload_blob(data, blob_type, length=length, **kwargs)
  File "/home/airflow/.local/lib/python3.8/site-packages/azure/core/tracing/decorator.py", line 83, in wrapper_use_tracer
    return func(*args, **kwargs)
  File "/home/airflow/.local/lib/python3.8/site-packages/azure/storage/blob/_blob_client.py", line 693, in upload_blob
    return upload_block_blob(**options)
  File "/home/airflow/.local/lib/python3.8/site-packages/azure/storage/blob/_upload_helpers.py", line 157, in upload_block_blob
    process_storage_error(error)
  File "/home/airflow/.local/lib/python3.8/site-packages/azure/storage/blob/_shared/response_handlers.py", line 89, in process_storage_error
    raise storage_error
  File "/home/airflow/.local/lib/python3.8/site-packages/azure/storage/blob/_upload_helpers.py", line 94, in upload_block_blob
    return client.upload(
  File "/home/airflow/.local/lib/python3.8/site-packages/azure/storage/blob/_generated/operations/_block_blob_operations.py", line 224, in upload
    pipeline_response = self._client._pipeline.run(request, stream=False, **kwargs)
  File "/home/airflow/.local/lib/python3.8/site-packages/azure/core/pipeline/_base.py", line 211, in run
    return first_node.send(pipeline_request)  # type: ignore
  File "/home/airflow/.local/lib/python3.8/site-packages/azure/core/pipeline/_base.py", line 71, in send
    response = self.next.send(request)
  File "/home/airflow/.local/lib/python3.8/site-packages/azure/core/pipeline/_base.py", line 71, in send
    response = self.next.send(request)
  File "/home/airflow/.local/lib/python3.8/site-packages/azure/core/pipeline/_base.py", line 71, in send
    response = self.next.send(request)
  [Previous line repeated 2 more times]
  File "/home/airflow/.local/lib/python3.8/site-packages/azure/core/pipeline/policies/_redirect.py", line 158, in send
    response = self.next.send(request)
  File "/home/airflow/.local/lib/python3.8/site-packages/azure/core/pipeline/_base.py", line 71, in send
    response = self.next.send(request)
  File "/home/airflow/.local/lib/python3.8/site-packages/azure/storage/blob/_shared/policies.py", line 515, in send
    raise err
  File "/home/airflow/.local/lib/python3.8/site-packages/azure/storage/blob/_shared/policies.py", line 489, in send
    response = self.next.send(request)
  File "/home/airflow/.local/lib/python3.8/site-packages/azure/core/pipeline/_base.py", line 71, in send
    response = self.next.send(request)
  File "/home/airflow/.local/lib/python3.8/site-packages/azure/core/pipeline/_base.py", line 71, in send
    response = self.next.send(request)
  File "/home/airflow/.local/lib/python3.8/site-packages/azure/core/pipeline/_base.py", line 69, in send
    _await_result(self._policy.on_request, request)
  File "/home/airflow/.local/lib/python3.8/site-packages/azure/core/pipeline/_tools.py", line 34, in await_result
    result = func(*args, **kwargs)
  File "/home/airflow/.local/lib/python3.8/site-packages/azure/storage/blob/_shared/authentication.py", line 141, in on_request
    self._add_authorization_header(request, string_to_sign)
  File "/home/airflow/.local/lib/python3.8/site-packages/azure/storage/blob/_shared/authentication.py", line 124, in _add_authorization_header
    raise _wrap_exception(ex, AzureSigningError)
azure.storage.blob._shared.authentication.AzureSigningError: Invalid base64-encoded string: number of data characters (37) cannot be 1 more than a multiple of 4
[2022-05-19 08:22:31,326] {taskinstance.py:1272} INFO - Marking task as UP_FOR_RETRY. dag_id=league_of_legends_dag, task_id=paths.path_runesreforged.staging_runesreforged, execution_date=20220519T082100, start_date=20220519T082103, end_date=20220519T082231
[2022-05-19 08:22:31,343] {standard_task_runner.py:89} ERROR - Failed to execute job 268 for task paths.path_runesreforged.staging_runesreforged
Traceback (most recent call last):
  File "/home/airflow/.local/lib/python3.8/site-packages/azure/storage/blob/_shared/authentication.py", line 118, in _add_authorization_header
    signature = sign_string(self.account_key, string_to_sign)
  File "/home/airflow/.local/lib/python3.8/site-packages/azure/storage/blob/_shared/__init__.py", line 47, in sign_string
    key = decode_base64_to_bytes(key)
  File "/home/airflow/.local/lib/python3.8/site-packages/azure/storage/blob/_shared/__init__.py", line 37, in decode_base64_to_bytes
    return base64.b64decode(data)
  File "/usr/local/lib/python3.8/base64.py", line 87, in b64decode
    return binascii.a2b_base64(s)
binascii.Error: Invalid base64-encoded string: number of data characters (37) cannot be 1 more than a multiple of 4

During handling of the above exception, another exception occurred:

Traceback (most recent call last):
  File "/home/airflow/.local/lib/python3.8/site-packages/airflow/task/task_runner/standard_task_runner.py", line 85, in _start_by_fork
    args.func(args, dag=self.dag)
  File "/home/airflow/.local/lib/python3.8/site-packages/airflow/cli/cli_parser.py", line 48, in command
    return func(*args, **kwargs)
  File "/home/airflow/.local/lib/python3.8/site-packages/airflow/utils/cli.py", line 92, in wrapper
    return f(*args, **kwargs)
  File "/home/airflow/.local/lib/python3.8/site-packages/airflow/cli/commands/task_command.py", line 298, in task_run
    _run_task_by_selected_method(args, dag, ti)
  File "/home/airflow/.local/lib/python3.8/site-packages/airflow/cli/commands/task_command.py", line 107, in _run_task_by_selected_method
    _run_raw_task(args, ti)
  File "/home/airflow/.local/lib/python3.8/site-packages/airflow/cli/commands/task_command.py", line 180, in _run_raw_task
    ti._run_raw_task(
  File "/home/airflow/.local/lib/python3.8/site-packages/airflow/utils/session.py", line 70, in wrapper
    return func(*args, session=session, **kwargs)
  File "/home/airflow/.local/lib/python3.8/site-packages/airflow/models/taskinstance.py", line 1334, in _run_raw_task
    self._execute_task_with_callbacks(context)
  File "/home/airflow/.local/lib/python3.8/site-packages/airflow/models/taskinstance.py", line 1460, in _execute_task_with_callbacks
    result = self._execute_task(context, self.task)
  File "/home/airflow/.local/lib/python3.8/site-packages/airflow/models/taskinstance.py", line 1516, in _execute_task
    result = execute_callable(context=context)
  File "/opt/airflow/plugins/custom_operators/riot_datadragon_toADLS_Operator.py", line 56, in execute
    self.upload_to_azureLake()
  File "/opt/airflow/plugins/custom_operators/riot_datadragon_toADLS_Operator.py", line 86, in upload_to_azureLake
    wasb_hook.load_file(
  File "/home/airflow/.local/lib/python3.8/site-packages/airflow/providers/microsoft/azure/hooks/wasb.py", line 254, in load_file
    self.upload(
  File "/home/airflow/.local/lib/python3.8/site-packages/airflow/providers/microsoft/azure/hooks/wasb.py", line 339, in upload
    return blob_client.upload_blob(data, blob_type, length=length, **kwargs)
  File "/home/airflow/.local/lib/python3.8/site-packages/azure/core/tracing/decorator.py", line 83, in wrapper_use_tracer
    return func(*args, **kwargs)
  File "/home/airflow/.local/lib/python3.8/site-packages/azure/storage/blob/_blob_client.py", line 693, in upload_blob
    return upload_block_blob(**options)
  File "/home/airflow/.local/lib/python3.8/site-packages/azure/storage/blob/_upload_helpers.py", line 157, in upload_block_blob
    process_storage_error(error)
  File "/home/airflow/.local/lib/python3.8/site-packages/azure/storage/blob/_shared/response_handlers.py", line 89, in process_storage_error
    raise storage_error
  File "/home/airflow/.local/lib/python3.8/site-packages/azure/storage/blob/_upload_helpers.py", line 94, in upload_block_blob
    return client.upload(
  File "/home/airflow/.local/lib/python3.8/site-packages/azure/storage/blob/_generated/operations/_block_blob_operations.py", line 224, in upload
    pipeline_response = self._client._pipeline.run(request, stream=False, **kwargs)
  File "/home/airflow/.local/lib/python3.8/site-packages/azure/core/pipeline/_base.py", line 211, in run
    return first_node.send(pipeline_request)  # type: ignore
  File "/home/airflow/.local/lib/python3.8/site-packages/azure/core/pipeline/_base.py", line 71, in send
    response = self.next.send(request)
  File "/home/airflow/.local/lib/python3.8/site-packages/azure/core/pipeline/_base.py", line 71, in send
    response = self.next.send(request)
  File "/home/airflow/.local/lib/python3.8/site-packages/azure/core/pipeline/_base.py", line 71, in send
    response = self.next.send(request)
  [Previous line repeated 2 more times]
  File "/home/airflow/.local/lib/python3.8/site-packages/azure/core/pipeline/policies/_redirect.py", line 158, in send
    response = self.next.send(request)
  File "/home/airflow/.local/lib/python3.8/site-packages/azure/core/pipeline/_base.py", line 71, in send
    response = self.next.send(request)
  File "/home/airflow/.local/lib/python3.8/site-packages/azure/storage/blob/_shared/policies.py", line 515, in send
    raise err
  File "/home/airflow/.local/lib/python3.8/site-packages/azure/storage/blob/_shared/policies.py", line 489, in send
    response = self.next.send(request)
  File "/home/airflow/.local/lib/python3.8/site-packages/azure/core/pipeline/_base.py", line 71, in send
    response = self.next.send(request)
  File "/home/airflow/.local/lib/python3.8/site-packages/azure/core/pipeline/_base.py", line 71, in send
    response = self.next.send(request)
  File "/home/airflow/.local/lib/python3.8/site-packages/azure/core/pipeline/_base.py", line 69, in send
    _await_result(self._policy.on_request, request)
  File "/home/airflow/.local/lib/python3.8/site-packages/azure/core/pipeline/_tools.py", line 34, in await_result
    result = func(*args, **kwargs)
  File "/home/airflow/.local/lib/python3.8/site-packages/azure/storage/blob/_shared/authentication.py", line 141, in on_request
    self._add_authorization_header(request, string_to_sign)
  File "/home/airflow/.local/lib/python3.8/site-packages/azure/storage/blob/_shared/authentication.py", line 124, in _add_authorization_header
    raise _wrap_exception(ex, AzureSigningError)
azure.storage.blob._shared.authentication.AzureSigningError: Invalid base64-encoded string: number of data characters (37) cannot be 1 more than a multiple of 4
[2022-05-19 08:22:31,379] {local_task_job.py:154} INFO - Task exited with return code 1
[2022-05-19 08:22:31,406] {local_task_job.py:264} INFO - 0 downstream tasks scheduled from follow-on schedule check
