[2022-06-07 21:10:50,233] {taskinstance.py:1037} INFO - Dependencies all met for <TaskInstance: match_details_dag.daily_transform scheduled__2022-05-23T00:00:00+00:00 [queued]>
[2022-06-07 21:10:50,247] {taskinstance.py:1037} INFO - Dependencies all met for <TaskInstance: match_details_dag.daily_transform scheduled__2022-05-23T00:00:00+00:00 [queued]>
[2022-06-07 21:10:50,248] {taskinstance.py:1243} INFO - 
--------------------------------------------------------------------------------
[2022-06-07 21:10:50,248] {taskinstance.py:1244} INFO - Starting attempt 1 of 2
[2022-06-07 21:10:50,248] {taskinstance.py:1245} INFO - 
--------------------------------------------------------------------------------
[2022-06-07 21:10:50,264] {taskinstance.py:1264} INFO - Executing <Task(BashOperator): daily_transform> on 2022-05-23 00:00:00+00:00
[2022-06-07 21:10:50,278] {standard_task_runner.py:52} INFO - Started process 98 to run task
[2022-06-07 21:10:50,292] {standard_task_runner.py:76} INFO - Running: ['***', 'tasks', 'run', 'match_details_dag', 'daily_transform', 'scheduled__2022-05-23T00:00:00+00:00', '--job-id', '8', '--raw', '--subdir', 'DAGS_FOLDER/matchData_dag.py', '--cfg-path', '/tmp/tmpuu8uqy3d', '--error-file', '/tmp/tmpuyp_vect']
[2022-06-07 21:10:50,303] {standard_task_runner.py:77} INFO - Job 8: Subtask daily_transform
[2022-06-07 21:10:50,404] {logging_mixin.py:109} INFO - Running <TaskInstance: match_details_dag.daily_transform scheduled__2022-05-23T00:00:00+00:00 [running]> on host 25dc244c4df9
[2022-06-07 21:10:50,475] {taskinstance.py:1429} INFO - Exporting the following env vars:
AIRFLOW_CTX_DAG_OWNER=admin
AIRFLOW_CTX_DAG_ID=match_details_dag
AIRFLOW_CTX_TASK_ID=daily_transform
AIRFLOW_CTX_EXECUTION_DATE=2022-05-23T00:00:00+00:00
AIRFLOW_CTX_DAG_RUN_ID=scheduled__2022-05-23T00:00:00+00:00
[2022-06-07 21:10:50,476] {subprocess.py:62} INFO - Tmp dir root location: 
 /tmp
[2022-06-07 21:10:50,477] {subprocess.py:74} INFO - Running command: ['bash', '-c', 'cd /opt/***/dbt && dbt deps && dbt run --project-dir /opt/***/dbt --profiles-dir /opt/***/dbt --target dev']
[2022-06-07 21:10:50,493] {subprocess.py:85} INFO - Output:
[2022-06-07 21:10:54,173] {subprocess.py:89} INFO - Running with dbt=0.21.1
[2022-06-07 21:10:56,207] {subprocess.py:89} INFO - Installing dbt-labs/dbt_utils@0.8.5
[2022-06-07 21:10:56,788] {subprocess.py:89} INFO -   Installed from version 0.8.5
[2022-06-07 21:10:56,788] {subprocess.py:89} INFO -   Up to date!
[2022-06-07 21:11:00,556] {subprocess.py:89} INFO - Running with dbt=0.21.1
[2022-06-07 21:11:01,753] {subprocess.py:89} INFO - Encountered an error:
[2022-06-07 21:11:01,753] {subprocess.py:89} INFO - Runtime Error
[2022-06-07 21:11:01,754] {subprocess.py:89} INFO -   Failed to read package: Runtime Error
[2022-06-07 21:11:01,754] {subprocess.py:89} INFO -     This version of dbt is not supported with the 'dbt_utils' package.
[2022-06-07 21:11:01,754] {subprocess.py:89} INFO -       Installed version of dbt: =0.21.1
[2022-06-07 21:11:01,754] {subprocess.py:89} INFO -       Required version of dbt for 'dbt_utils': ['>=1.0.0', '<2.0.0']
[2022-06-07 21:11:01,754] {subprocess.py:89} INFO -     Check the requirements for the 'dbt_utils' package, or run dbt again with --no-version-check
[2022-06-07 21:11:01,754] {subprocess.py:89} INFO - 
[2022-06-07 21:11:01,754] {subprocess.py:89} INFO - 
[2022-06-07 21:11:01,754] {subprocess.py:89} INFO -   Error encountered in /opt/***/dbt_packages/dbt_utils/dbt_project.yml
[2022-06-07 21:11:01,755] {subprocess.py:89} INFO - 
[2022-06-07 21:11:01,755] {subprocess.py:89} INFO - Error encountered in /opt/***/dbt_packages/dbt_utils
[2022-06-07 21:11:02,100] {subprocess.py:93} INFO - Command exited with return code 2
[2022-06-07 21:11:02,111] {taskinstance.py:1718} ERROR - Task failed with exception
Traceback (most recent call last):
  File "/home/airflow/.local/lib/python3.8/site-packages/airflow/models/taskinstance.py", line 1334, in _run_raw_task
    self._execute_task_with_callbacks(context)
  File "/home/airflow/.local/lib/python3.8/site-packages/airflow/models/taskinstance.py", line 1460, in _execute_task_with_callbacks
    result = self._execute_task(context, self.task)
  File "/home/airflow/.local/lib/python3.8/site-packages/airflow/models/taskinstance.py", line 1516, in _execute_task
    result = execute_callable(context=context)
  File "/home/airflow/.local/lib/python3.8/site-packages/airflow/operators/bash.py", line 187, in execute
    raise AirflowException(
airflow.exceptions.AirflowException: Bash command failed. The command returned a non-zero exit code 2.
[2022-06-07 21:11:02,116] {taskinstance.py:1272} INFO - Marking task as UP_FOR_RETRY. dag_id=match_details_dag, task_id=daily_transform, execution_date=20220523T000000, start_date=20220607T211050, end_date=20220607T211102
[2022-06-07 21:11:02,132] {standard_task_runner.py:89} ERROR - Failed to execute job 8 for task daily_transform
Traceback (most recent call last):
  File "/home/airflow/.local/lib/python3.8/site-packages/airflow/task/task_runner/standard_task_runner.py", line 85, in _start_by_fork
    args.func(args, dag=self.dag)
  File "/home/airflow/.local/lib/python3.8/site-packages/airflow/cli/cli_parser.py", line 48, in command
    return func(*args, **kwargs)
  File "/home/airflow/.local/lib/python3.8/site-packages/airflow/utils/cli.py", line 92, in wrapper
    return f(*args, **kwargs)
  File "/home/airflow/.local/lib/python3.8/site-packages/airflow/cli/commands/task_command.py", line 298, in task_run
    _run_task_by_selected_method(args, dag, ti)
  File "/home/airflow/.local/lib/python3.8/site-packages/airflow/cli/commands/task_command.py", line 107, in _run_task_by_selected_method
    _run_raw_task(args, ti)
  File "/home/airflow/.local/lib/python3.8/site-packages/airflow/cli/commands/task_command.py", line 180, in _run_raw_task
    ti._run_raw_task(
  File "/home/airflow/.local/lib/python3.8/site-packages/airflow/utils/session.py", line 70, in wrapper
    return func(*args, session=session, **kwargs)
  File "/home/airflow/.local/lib/python3.8/site-packages/airflow/models/taskinstance.py", line 1334, in _run_raw_task
    self._execute_task_with_callbacks(context)
  File "/home/airflow/.local/lib/python3.8/site-packages/airflow/models/taskinstance.py", line 1460, in _execute_task_with_callbacks
    result = self._execute_task(context, self.task)
  File "/home/airflow/.local/lib/python3.8/site-packages/airflow/models/taskinstance.py", line 1516, in _execute_task
    result = execute_callable(context=context)
  File "/home/airflow/.local/lib/python3.8/site-packages/airflow/operators/bash.py", line 187, in execute
    raise AirflowException(
airflow.exceptions.AirflowException: Bash command failed. The command returned a non-zero exit code 2.
[2022-06-07 21:11:02,162] {local_task_job.py:154} INFO - Task exited with return code 1
[2022-06-07 21:11:02,191] {local_task_job.py:264} INFO - 0 downstream tasks scheduled from follow-on schedule check
[2022-06-11 05:25:19,680] {taskinstance.py:1037} INFO - Dependencies all met for <TaskInstance: match_details_dag.daily_transform scheduled__2022-05-23T00:00:00+00:00 [queued]>
[2022-06-11 05:25:19,693] {taskinstance.py:1037} INFO - Dependencies all met for <TaskInstance: match_details_dag.daily_transform scheduled__2022-05-23T00:00:00+00:00 [queued]>
[2022-06-11 05:25:19,693] {taskinstance.py:1243} INFO - 
--------------------------------------------------------------------------------
[2022-06-11 05:25:19,693] {taskinstance.py:1244} INFO - Starting attempt 1 of 2
[2022-06-11 05:25:19,693] {taskinstance.py:1245} INFO - 
--------------------------------------------------------------------------------
[2022-06-11 05:25:19,704] {taskinstance.py:1264} INFO - Executing <Task(BashOperator): daily_transform> on 2022-05-23 00:00:00+00:00
[2022-06-11 05:25:19,709] {standard_task_runner.py:52} INFO - Started process 91 to run task
[2022-06-11 05:25:19,713] {standard_task_runner.py:76} INFO - Running: ['***', 'tasks', 'run', 'match_details_dag', 'daily_transform', 'scheduled__2022-05-23T00:00:00+00:00', '--job-id', '13', '--raw', '--subdir', 'DAGS_FOLDER/matchData_dag.py', '--cfg-path', '/tmp/tmp0vqmxqt0', '--error-file', '/tmp/tmp35bak5so']
[2022-06-11 05:25:19,713] {standard_task_runner.py:77} INFO - Job 13: Subtask daily_transform
[2022-06-11 05:25:19,770] {logging_mixin.py:109} INFO - Running <TaskInstance: match_details_dag.daily_transform scheduled__2022-05-23T00:00:00+00:00 [running]> on host 1c0e300cbff9
[2022-06-11 05:25:19,830] {taskinstance.py:1429} INFO - Exporting the following env vars:
AIRFLOW_CTX_DAG_OWNER=admin
AIRFLOW_CTX_DAG_ID=match_details_dag
AIRFLOW_CTX_TASK_ID=daily_transform
AIRFLOW_CTX_EXECUTION_DATE=2022-05-23T00:00:00+00:00
AIRFLOW_CTX_DAG_RUN_ID=scheduled__2022-05-23T00:00:00+00:00
[2022-06-11 05:25:19,831] {subprocess.py:62} INFO - Tmp dir root location: 
 /tmp
[2022-06-11 05:25:19,832] {subprocess.py:74} INFO - Running command: ['bash', '-c', 'cd /opt/***/dbt && dbt deps && dbt run --project-dir /opt/***/dbt --profiles-dir /opt/***/dbt --target dev']
[2022-06-11 05:25:19,840] {subprocess.py:85} INFO - Output:
[2022-06-11 05:25:23,611] {subprocess.py:89} INFO - 05:25:23  Encountered an error:
[2022-06-11 05:25:23,611] {subprocess.py:89} INFO - Runtime Error
[2022-06-11 05:25:23,611] {subprocess.py:89} INFO -   fatal: Not a dbt project (or any of the parent directories). Missing dbt_project.yml file
[2022-06-11 05:25:23,770] {subprocess.py:93} INFO - Command exited with return code 2
[2022-06-11 05:25:23,780] {taskinstance.py:1718} ERROR - Task failed with exception
Traceback (most recent call last):
  File "/home/airflow/.local/lib/python3.8/site-packages/airflow/models/taskinstance.py", line 1334, in _run_raw_task
    self._execute_task_with_callbacks(context)
  File "/home/airflow/.local/lib/python3.8/site-packages/airflow/models/taskinstance.py", line 1460, in _execute_task_with_callbacks
    result = self._execute_task(context, self.task)
  File "/home/airflow/.local/lib/python3.8/site-packages/airflow/models/taskinstance.py", line 1516, in _execute_task
    result = execute_callable(context=context)
  File "/home/airflow/.local/lib/python3.8/site-packages/airflow/operators/bash.py", line 187, in execute
    raise AirflowException(
airflow.exceptions.AirflowException: Bash command failed. The command returned a non-zero exit code 2.
[2022-06-11 05:25:23,785] {taskinstance.py:1272} INFO - Marking task as UP_FOR_RETRY. dag_id=match_details_dag, task_id=daily_transform, execution_date=20220523T000000, start_date=20220611T052519, end_date=20220611T052523
[2022-06-11 05:25:23,797] {standard_task_runner.py:89} ERROR - Failed to execute job 13 for task daily_transform
Traceback (most recent call last):
  File "/home/airflow/.local/lib/python3.8/site-packages/airflow/task/task_runner/standard_task_runner.py", line 85, in _start_by_fork
    args.func(args, dag=self.dag)
  File "/home/airflow/.local/lib/python3.8/site-packages/airflow/cli/cli_parser.py", line 48, in command
    return func(*args, **kwargs)
  File "/home/airflow/.local/lib/python3.8/site-packages/airflow/utils/cli.py", line 92, in wrapper
    return f(*args, **kwargs)
  File "/home/airflow/.local/lib/python3.8/site-packages/airflow/cli/commands/task_command.py", line 298, in task_run
    _run_task_by_selected_method(args, dag, ti)
  File "/home/airflow/.local/lib/python3.8/site-packages/airflow/cli/commands/task_command.py", line 107, in _run_task_by_selected_method
    _run_raw_task(args, ti)
  File "/home/airflow/.local/lib/python3.8/site-packages/airflow/cli/commands/task_command.py", line 180, in _run_raw_task
    ti._run_raw_task(
  File "/home/airflow/.local/lib/python3.8/site-packages/airflow/utils/session.py", line 70, in wrapper
    return func(*args, session=session, **kwargs)
  File "/home/airflow/.local/lib/python3.8/site-packages/airflow/models/taskinstance.py", line 1334, in _run_raw_task
    self._execute_task_with_callbacks(context)
  File "/home/airflow/.local/lib/python3.8/site-packages/airflow/models/taskinstance.py", line 1460, in _execute_task_with_callbacks
    result = self._execute_task(context, self.task)
  File "/home/airflow/.local/lib/python3.8/site-packages/airflow/models/taskinstance.py", line 1516, in _execute_task
    result = execute_callable(context=context)
  File "/home/airflow/.local/lib/python3.8/site-packages/airflow/operators/bash.py", line 187, in execute
    raise AirflowException(
airflow.exceptions.AirflowException: Bash command failed. The command returned a non-zero exit code 2.
[2022-06-11 05:25:23,820] {local_task_job.py:154} INFO - Task exited with return code 1
[2022-06-11 05:25:23,851] {local_task_job.py:264} INFO - 0 downstream tasks scheduled from follow-on schedule check
[2022-06-11 07:12:14,334] {taskinstance.py:1037} INFO - Dependencies all met for <TaskInstance: match_details_dag.daily_transform scheduled__2022-05-23T00:00:00+00:00 [queued]>
[2022-06-11 07:12:14,346] {taskinstance.py:1037} INFO - Dependencies all met for <TaskInstance: match_details_dag.daily_transform scheduled__2022-05-23T00:00:00+00:00 [queued]>
[2022-06-11 07:12:14,346] {taskinstance.py:1243} INFO - 
--------------------------------------------------------------------------------
[2022-06-11 07:12:14,346] {taskinstance.py:1244} INFO - Starting attempt 1 of 2
[2022-06-11 07:12:14,346] {taskinstance.py:1245} INFO - 
--------------------------------------------------------------------------------
[2022-06-11 07:12:14,364] {taskinstance.py:1264} INFO - Executing <Task(BashOperator): daily_transform> on 2022-05-23 00:00:00+00:00
[2022-06-11 07:12:14,369] {standard_task_runner.py:52} INFO - Started process 248 to run task
[2022-06-11 07:12:14,372] {standard_task_runner.py:76} INFO - Running: ['***', 'tasks', 'run', 'match_details_dag', 'daily_transform', 'scheduled__2022-05-23T00:00:00+00:00', '--job-id', '62', '--raw', '--subdir', 'DAGS_FOLDER/matchData_dag.py', '--cfg-path', '/tmp/tmpd8lnd4mv', '--error-file', '/tmp/tmpmgnhvjay']
[2022-06-11 07:12:14,373] {standard_task_runner.py:77} INFO - Job 62: Subtask daily_transform
[2022-06-11 07:12:14,431] {logging_mixin.py:109} INFO - Running <TaskInstance: match_details_dag.daily_transform scheduled__2022-05-23T00:00:00+00:00 [running]> on host a1cebf1185bf
[2022-06-11 07:12:14,492] {taskinstance.py:1429} INFO - Exporting the following env vars:
AIRFLOW_CTX_DAG_OWNER=admin
AIRFLOW_CTX_DAG_ID=match_details_dag
AIRFLOW_CTX_TASK_ID=daily_transform
AIRFLOW_CTX_EXECUTION_DATE=2022-05-23T00:00:00+00:00
AIRFLOW_CTX_DAG_RUN_ID=scheduled__2022-05-23T00:00:00+00:00
[2022-06-11 07:12:14,492] {subprocess.py:62} INFO - Tmp dir root location: 
 /tmp
[2022-06-11 07:12:14,493] {subprocess.py:74} INFO - Running command: ['bash', '-c', 'cd /opt/***/dbt && dbt deps && dbt run --project-dir /opt/***/dbt --profiles-dir /opt/***/dbt --target dev']
[2022-06-11 07:12:14,503] {subprocess.py:85} INFO - Output:
[2022-06-11 07:12:17,782] {subprocess.py:89} INFO - 07:12:17  Running with dbt=1.1.0
[2022-06-11 07:12:18,220] {subprocess.py:89} INFO - 07:12:18  Installing dbt-labs/dbt_utils
[2022-06-11 07:12:18,862] {subprocess.py:89} INFO - 07:12:18    Installed from version 0.8.5
[2022-06-11 07:12:18,862] {subprocess.py:89} INFO - 07:12:18    Up to date!
[2022-06-11 07:12:23,488] {subprocess.py:89} INFO - 07:12:23  Running with dbt=1.1.0
[2022-06-11 07:12:23,658] {subprocess.py:89} INFO - 07:12:23  [[33mWARNING[0m]: Configuration paths exist in your dbt_project.yml file which do not apply to any resources.
[2022-06-11 07:12:23,658] {subprocess.py:89} INFO - There are 2 unused configuration paths:
[2022-06-11 07:12:23,658] {subprocess.py:89} INFO - - models.leagueoflegendsdbt.view
[2022-06-11 07:12:23,658] {subprocess.py:89} INFO - - models.leagueoflegendsdbt.warehouse
[2022-06-11 07:12:23,658] {subprocess.py:89} INFO - 
[2022-06-11 07:12:23,680] {subprocess.py:89} INFO - 07:12:23  Found 7 models, 14 tests, 0 snapshots, 0 analyses, 400 macros, 0 operations, 0 seed files, 9 sources, 0 exposures, 0 metrics
[2022-06-11 07:12:23,684] {subprocess.py:89} INFO - 07:12:23
[2022-06-11 07:12:25,373] {subprocess.py:89} INFO - 07:12:25  Concurrency: 10 threads (target='dev')
[2022-06-11 07:12:25,374] {subprocess.py:89} INFO - 07:12:25
[2022-06-11 07:12:25,395] {subprocess.py:89} INFO - 07:12:25  1 of 7 START view model PUBLIC.stg_champions ................................... [RUN]
[2022-06-11 07:12:25,398] {subprocess.py:89} INFO - 07:12:25  2 of 7 START view model PUBLIC.stg_items ....................................... [RUN]
[2022-06-11 07:12:25,401] {subprocess.py:89} INFO - 07:12:25  3 of 7 START view model PUBLIC.stg_maps ........................................ [RUN]
[2022-06-11 07:12:25,403] {subprocess.py:89} INFO - 07:12:25  4 of 7 START view model PUBLIC.stg_match_details ............................... [RUN]
[2022-06-11 07:12:25,405] {subprocess.py:89} INFO - 07:12:25  5 of 7 START view model PUBLIC.stg_match_info .................................. [RUN]
[2022-06-11 07:12:25,406] {subprocess.py:89} INFO - 07:12:25  6 of 7 START view model PUBLIC.stg_runes_reforged .............................. [RUN]
[2022-06-11 07:12:25,407] {subprocess.py:89} INFO - 07:12:25  7 of 7 START view model PUBLIC.stg_summonerspells .............................. [RUN]
[2022-06-11 07:12:28,224] {subprocess.py:89} INFO - 07:12:28  2 of 7 OK created view model PUBLIC.stg_items .................................. [[32mSUCCESS 1[0m in 2.82s]
[2022-06-11 07:12:28,230] {subprocess.py:89} INFO - 07:12:28  1 of 7 OK created view model PUBLIC.stg_champions .............................. [[32mSUCCESS 1[0m in 2.83s]
[2022-06-11 07:12:28,314] {subprocess.py:89} INFO - 07:12:28  3 of 7 OK created view model PUBLIC.stg_maps ................................... [[32mSUCCESS 1[0m in 2.91s]
[2022-06-11 07:12:28,342] {subprocess.py:89} INFO - 07:12:28  5 of 7 ERROR creating view model PUBLIC.stg_match_info ......................... [[31mERROR[0m in 2.94s]
[2022-06-11 07:12:28,357] {subprocess.py:89} INFO - 07:12:28  6 of 7 OK created view model PUBLIC.stg_runes_reforged ......................... [[32mSUCCESS 1[0m in 2.95s]
[2022-06-11 07:12:28,362] {subprocess.py:89} INFO - 07:12:28  4 of 7 ERROR creating view model PUBLIC.stg_match_details ...................... [[31mERROR[0m in 2.96s]
[2022-06-11 07:12:28,377] {subprocess.py:89} INFO - 07:12:28  7 of 7 OK created view model PUBLIC.stg_summonerspells ......................... [[32mSUCCESS 1[0m in 2.97s]
[2022-06-11 07:12:28,382] {subprocess.py:89} INFO - 07:12:28
[2022-06-11 07:12:28,382] {subprocess.py:89} INFO - 07:12:28  Finished running 7 view models in 4.70s.
[2022-06-11 07:12:28,396] {subprocess.py:89} INFO - 07:12:28
[2022-06-11 07:12:28,397] {subprocess.py:89} INFO - 07:12:28  [31mCompleted with 2 errors and 0 warnings:[0m
[2022-06-11 07:12:28,397] {subprocess.py:89} INFO - 07:12:28
[2022-06-11 07:12:28,398] {subprocess.py:89} INFO - 07:12:28  [33mDatabase Error in model stg_match_info (models/staging/stg_match_info.sql)[0m
[2022-06-11 07:12:28,398] {subprocess.py:89} INFO - 07:12:28    002003 (42S02): SQL compilation error:
[2022-06-11 07:12:28,399] {subprocess.py:89} INFO - 07:12:28    Object 'LEAGUE_OF_LEGENDSDB.PUBLIC.STAGING_MATCH_INFO' does not exist or not authorized.
[2022-06-11 07:12:28,399] {subprocess.py:89} INFO - 07:12:28    compiled SQL at target/run/leagueoflegendsdbt/models/staging/stg_match_info.sql
[2022-06-11 07:12:28,400] {subprocess.py:89} INFO - 07:12:28
[2022-06-11 07:12:28,400] {subprocess.py:89} INFO - 07:12:28  [33mDatabase Error in model stg_match_details (models/staging/stg_match_details.sql)[0m
[2022-06-11 07:12:28,400] {subprocess.py:89} INFO - 07:12:28    002003 (42S02): SQL compilation error:
[2022-06-11 07:12:28,401] {subprocess.py:89} INFO - 07:12:28    Object 'LEAGUE_OF_LEGENDSDB.PUBLIC.STAGING_MATCH_DETAILS' does not exist or not authorized.
[2022-06-11 07:12:28,402] {subprocess.py:89} INFO - 07:12:28    compiled SQL at target/run/leagueoflegendsdbt/models/staging/stg_match_details.sql
[2022-06-11 07:12:28,402] {subprocess.py:89} INFO - 07:12:28
[2022-06-11 07:12:28,403] {subprocess.py:89} INFO - 07:12:28  Done. PASS=5 WARN=0 ERROR=2 SKIP=0 TOTAL=7
[2022-06-11 07:12:29,098] {subprocess.py:93} INFO - Command exited with return code 1
[2022-06-11 07:12:29,122] {taskinstance.py:1718} ERROR - Task failed with exception
Traceback (most recent call last):
  File "/home/airflow/.local/lib/python3.8/site-packages/airflow/models/taskinstance.py", line 1334, in _run_raw_task
    self._execute_task_with_callbacks(context)
  File "/home/airflow/.local/lib/python3.8/site-packages/airflow/models/taskinstance.py", line 1460, in _execute_task_with_callbacks
    result = self._execute_task(context, self.task)
  File "/home/airflow/.local/lib/python3.8/site-packages/airflow/models/taskinstance.py", line 1516, in _execute_task
    result = execute_callable(context=context)
  File "/home/airflow/.local/lib/python3.8/site-packages/airflow/operators/bash.py", line 187, in execute
    raise AirflowException(
airflow.exceptions.AirflowException: Bash command failed. The command returned a non-zero exit code 1.
[2022-06-11 07:12:29,133] {taskinstance.py:1272} INFO - Marking task as UP_FOR_RETRY. dag_id=match_details_dag, task_id=daily_transform, execution_date=20220523T000000, start_date=20220611T071214, end_date=20220611T071229
[2022-06-11 07:12:29,151] {standard_task_runner.py:89} ERROR - Failed to execute job 62 for task daily_transform
Traceback (most recent call last):
  File "/home/airflow/.local/lib/python3.8/site-packages/airflow/task/task_runner/standard_task_runner.py", line 85, in _start_by_fork
    args.func(args, dag=self.dag)
  File "/home/airflow/.local/lib/python3.8/site-packages/airflow/cli/cli_parser.py", line 48, in command
    return func(*args, **kwargs)
  File "/home/airflow/.local/lib/python3.8/site-packages/airflow/utils/cli.py", line 92, in wrapper
    return f(*args, **kwargs)
  File "/home/airflow/.local/lib/python3.8/site-packages/airflow/cli/commands/task_command.py", line 298, in task_run
    _run_task_by_selected_method(args, dag, ti)
  File "/home/airflow/.local/lib/python3.8/site-packages/airflow/cli/commands/task_command.py", line 107, in _run_task_by_selected_method
    _run_raw_task(args, ti)
  File "/home/airflow/.local/lib/python3.8/site-packages/airflow/cli/commands/task_command.py", line 180, in _run_raw_task
    ti._run_raw_task(
  File "/home/airflow/.local/lib/python3.8/site-packages/airflow/utils/session.py", line 70, in wrapper
    return func(*args, session=session, **kwargs)
  File "/home/airflow/.local/lib/python3.8/site-packages/airflow/models/taskinstance.py", line 1334, in _run_raw_task
    self._execute_task_with_callbacks(context)
  File "/home/airflow/.local/lib/python3.8/site-packages/airflow/models/taskinstance.py", line 1460, in _execute_task_with_callbacks
    result = self._execute_task(context, self.task)
  File "/home/airflow/.local/lib/python3.8/site-packages/airflow/models/taskinstance.py", line 1516, in _execute_task
    result = execute_callable(context=context)
  File "/home/airflow/.local/lib/python3.8/site-packages/airflow/operators/bash.py", line 187, in execute
    raise AirflowException(
airflow.exceptions.AirflowException: Bash command failed. The command returned a non-zero exit code 1.
[2022-06-11 07:12:29,181] {local_task_job.py:154} INFO - Task exited with return code 1
[2022-06-11 07:12:29,209] {local_task_job.py:264} INFO - 0 downstream tasks scheduled from follow-on schedule check
[2022-06-14 17:44:07,663] {taskinstance.py:1037} INFO - Dependencies all met for <TaskInstance: match_details_dag.daily_transform scheduled__2022-05-23T00:00:00+00:00 [queued]>
[2022-06-14 17:44:07,674] {taskinstance.py:1037} INFO - Dependencies all met for <TaskInstance: match_details_dag.daily_transform scheduled__2022-05-23T00:00:00+00:00 [queued]>
[2022-06-14 17:44:07,674] {taskinstance.py:1243} INFO - 
--------------------------------------------------------------------------------
[2022-06-14 17:44:07,674] {taskinstance.py:1244} INFO - Starting attempt 1 of 2
[2022-06-14 17:44:07,674] {taskinstance.py:1245} INFO - 
--------------------------------------------------------------------------------
[2022-06-14 17:44:07,684] {taskinstance.py:1264} INFO - Executing <Task(BashOperator): daily_transform> on 2022-05-23 00:00:00+00:00
[2022-06-14 17:44:07,688] {standard_task_runner.py:52} INFO - Started process 97 to run task
[2022-06-14 17:44:07,690] {standard_task_runner.py:76} INFO - Running: ['***', 'tasks', 'run', 'match_details_dag', 'daily_transform', 'scheduled__2022-05-23T00:00:00+00:00', '--job-id', '88', '--raw', '--subdir', 'DAGS_FOLDER/matchData_dag.py', '--cfg-path', '/tmp/tmpyi2z6xar', '--error-file', '/tmp/tmpl7dicsro']
[2022-06-14 17:44:07,691] {standard_task_runner.py:77} INFO - Job 88: Subtask daily_transform
[2022-06-14 17:44:07,733] {logging_mixin.py:109} INFO - Running <TaskInstance: match_details_dag.daily_transform scheduled__2022-05-23T00:00:00+00:00 [running]> on host 9ccbaa06f6ac
[2022-06-14 17:44:07,778] {taskinstance.py:1429} INFO - Exporting the following env vars:
AIRFLOW_CTX_DAG_OWNER=admin
AIRFLOW_CTX_DAG_ID=match_details_dag
AIRFLOW_CTX_TASK_ID=daily_transform
AIRFLOW_CTX_EXECUTION_DATE=2022-05-23T00:00:00+00:00
AIRFLOW_CTX_DAG_RUN_ID=scheduled__2022-05-23T00:00:00+00:00
[2022-06-14 17:44:07,778] {subprocess.py:62} INFO - Tmp dir root location: 
 /tmp
[2022-06-14 17:44:07,779] {subprocess.py:74} INFO - Running command: ['bash', '-c', 'cd /opt/***/dbt && dbt deps && dbt run --target dev']
[2022-06-14 17:44:07,789] {subprocess.py:85} INFO - Output:
[2022-06-14 17:44:10,945] {subprocess.py:89} INFO - 17:44:10  Running with dbt=1.1.0
[2022-06-14 17:44:11,682] {subprocess.py:89} INFO - 17:44:11  Installing dbt-labs/dbt_utils
[2022-06-14 17:44:12,286] {subprocess.py:89} INFO - 17:44:12    Installed from version 0.8.5
[2022-06-14 17:44:12,287] {subprocess.py:89} INFO - 17:44:12    Up to date!
[2022-06-14 17:44:16,566] {subprocess.py:89} INFO - 17:44:16  Running with dbt=1.1.0
[2022-06-14 17:44:16,618] {subprocess.py:89} INFO - 17:44:16  Unable to do partial parsing because config vars, config profile, or config target have changed
[2022-06-14 17:44:16,975] {subprocess.py:89} INFO - 17:44:16  Encountered an error:
[2022-06-14 17:44:16,975] {subprocess.py:89} INFO - Parsing Error
[2022-06-14 17:44:16,975] {subprocess.py:89} INFO -   Error reading leagueoflegendsdbt: warehouse/schema.yml - Runtime Error
[2022-06-14 17:44:16,975] {subprocess.py:89} INFO -     Syntax error near line 20
[2022-06-14 17:44:16,975] {subprocess.py:89} INFO -     ------------------------------
[2022-06-14 17:44:16,976] {subprocess.py:89} INFO -     17 |
[2022-06-14 17:44:16,976] {subprocess.py:89} INFO -     18 | models:
[2022-06-14 17:44:16,976] {subprocess.py:89} INFO -     19 | +incremental_strategy: "merge"
[2022-06-14 17:44:16,976] {subprocess.py:89} INFO -     20 |   - name: final_match_details
[2022-06-14 17:44:16,976] {subprocess.py:89} INFO -     21 |     columns:
[2022-06-14 17:44:16,976] {subprocess.py:89} INFO -     22 |       - name: match_id
[2022-06-14 17:44:16,976] {subprocess.py:89} INFO -     23 |         tests:
[2022-06-14 17:44:16,976] {subprocess.py:89} INFO - 
[2022-06-14 17:44:16,977] {subprocess.py:89} INFO -     Raw Error:
[2022-06-14 17:44:16,977] {subprocess.py:89} INFO -     ------------------------------
[2022-06-14 17:44:16,977] {subprocess.py:89} INFO -     while parsing a block mapping
[2022-06-14 17:44:16,977] {subprocess.py:89} INFO -       in "<unicode string>", line 1, column 1
[2022-06-14 17:44:16,977] {subprocess.py:89} INFO -     did not find expected key
[2022-06-14 17:44:16,977] {subprocess.py:89} INFO -       in "<unicode string>", line 20, column 3
[2022-06-14 17:44:17,291] {subprocess.py:93} INFO - Command exited with return code 2
[2022-06-14 17:44:17,302] {taskinstance.py:1718} ERROR - Task failed with exception
Traceback (most recent call last):
  File "/home/airflow/.local/lib/python3.8/site-packages/airflow/models/taskinstance.py", line 1334, in _run_raw_task
    self._execute_task_with_callbacks(context)
  File "/home/airflow/.local/lib/python3.8/site-packages/airflow/models/taskinstance.py", line 1460, in _execute_task_with_callbacks
    result = self._execute_task(context, self.task)
  File "/home/airflow/.local/lib/python3.8/site-packages/airflow/models/taskinstance.py", line 1516, in _execute_task
    result = execute_callable(context=context)
  File "/home/airflow/.local/lib/python3.8/site-packages/airflow/operators/bash.py", line 187, in execute
    raise AirflowException(
airflow.exceptions.AirflowException: Bash command failed. The command returned a non-zero exit code 2.
[2022-06-14 17:44:17,309] {taskinstance.py:1272} INFO - Marking task as UP_FOR_RETRY. dag_id=match_details_dag, task_id=daily_transform, execution_date=20220523T000000, start_date=20220614T174407, end_date=20220614T174417
[2022-06-14 17:44:17,324] {standard_task_runner.py:89} ERROR - Failed to execute job 88 for task daily_transform
Traceback (most recent call last):
  File "/home/airflow/.local/lib/python3.8/site-packages/airflow/task/task_runner/standard_task_runner.py", line 85, in _start_by_fork
    args.func(args, dag=self.dag)
  File "/home/airflow/.local/lib/python3.8/site-packages/airflow/cli/cli_parser.py", line 48, in command
    return func(*args, **kwargs)
  File "/home/airflow/.local/lib/python3.8/site-packages/airflow/utils/cli.py", line 92, in wrapper
    return f(*args, **kwargs)
  File "/home/airflow/.local/lib/python3.8/site-packages/airflow/cli/commands/task_command.py", line 298, in task_run
    _run_task_by_selected_method(args, dag, ti)
  File "/home/airflow/.local/lib/python3.8/site-packages/airflow/cli/commands/task_command.py", line 107, in _run_task_by_selected_method
    _run_raw_task(args, ti)
  File "/home/airflow/.local/lib/python3.8/site-packages/airflow/cli/commands/task_command.py", line 180, in _run_raw_task
    ti._run_raw_task(
  File "/home/airflow/.local/lib/python3.8/site-packages/airflow/utils/session.py", line 70, in wrapper
    return func(*args, session=session, **kwargs)
  File "/home/airflow/.local/lib/python3.8/site-packages/airflow/models/taskinstance.py", line 1334, in _run_raw_task
    self._execute_task_with_callbacks(context)
  File "/home/airflow/.local/lib/python3.8/site-packages/airflow/models/taskinstance.py", line 1460, in _execute_task_with_callbacks
    result = self._execute_task(context, self.task)
  File "/home/airflow/.local/lib/python3.8/site-packages/airflow/models/taskinstance.py", line 1516, in _execute_task
    result = execute_callable(context=context)
  File "/home/airflow/.local/lib/python3.8/site-packages/airflow/operators/bash.py", line 187, in execute
    raise AirflowException(
airflow.exceptions.AirflowException: Bash command failed. The command returned a non-zero exit code 2.
[2022-06-14 17:44:17,342] {local_task_job.py:154} INFO - Task exited with return code 1
[2022-06-14 17:44:17,370] {local_task_job.py:264} INFO - 0 downstream tasks scheduled from follow-on schedule check
