[2022-06-10 01:07:05,594] {taskinstance.py:1037} INFO - Dependencies all met for <TaskInstance: match_details_dag.daily_transform scheduled__2022-05-23T00:00:00+00:00 [None]>
[2022-06-10 01:07:05,603] {taskinstance.py:1037} INFO - Dependencies all met for <TaskInstance: match_details_dag.daily_transform scheduled__2022-05-23T00:00:00+00:00 [None]>
[2022-06-10 01:07:05,604] {taskinstance.py:1243} INFO - 
--------------------------------------------------------------------------------
[2022-06-10 01:07:05,604] {taskinstance.py:1244} INFO - Starting attempt 11 of 12
[2022-06-10 01:07:05,604] {taskinstance.py:1245} INFO - 
--------------------------------------------------------------------------------
[2022-06-10 01:07:05,614] {taskinstance.py:1264} INFO - Executing <Task(BashOperator): daily_transform> on 2022-05-23 00:00:00+00:00
[2022-06-10 01:07:05,618] {standard_task_runner.py:52} INFO - Started process 64 to run task
[2022-06-10 01:07:05,621] {standard_task_runner.py:76} INFO - Running: ['***', 'tasks', 'run', 'match_details_dag', 'daily_transform', 'scheduled__2022-05-23T00:00:00+00:00', '--job-id', '22', '--pool', 'default_pool', '--raw', '--subdir', 'DAGS_FOLDER/matchData_dag.py', '--cfg-path', '/tmp/tmpfkveeg9n', '--error-file', '/tmp/tmp63zvfbn3']
[2022-06-10 01:07:05,621] {standard_task_runner.py:77} INFO - Job 22: Subtask daily_transform
[2022-06-10 01:07:05,659] {logging_mixin.py:109} INFO - Running <TaskInstance: match_details_dag.daily_transform scheduled__2022-05-23T00:00:00+00:00 [running]> on host aff98fdb68f0
[2022-06-10 01:07:05,698] {taskinstance.py:1429} INFO - Exporting the following env vars:
AIRFLOW_CTX_DAG_OWNER=admin
AIRFLOW_CTX_DAG_ID=match_details_dag
AIRFLOW_CTX_TASK_ID=daily_transform
AIRFLOW_CTX_EXECUTION_DATE=2022-05-23T00:00:00+00:00
AIRFLOW_CTX_DAG_RUN_ID=scheduled__2022-05-23T00:00:00+00:00
[2022-06-10 01:07:05,698] {subprocess.py:62} INFO - Tmp dir root location: 
 /tmp
[2022-06-10 01:07:05,699] {subprocess.py:74} INFO - Running command: ['bash', '-c', 'cd /opt/***/dbt && dbt deps && dbt run --project-dir /opt/***/dbt --profiles-dir /opt/***/dbt --target dev']
[2022-06-10 01:07:05,707] {subprocess.py:85} INFO - Output:
[2022-06-10 01:07:08,945] {subprocess.py:89} INFO - 01:07:08  Running with dbt=1.1.0
[2022-06-10 01:07:09,701] {subprocess.py:89} INFO - 01:07:09  Installing dbt-labs/dbt_utils
[2022-06-10 01:07:10,371] {subprocess.py:89} INFO - 01:07:10    Installed from version 0.8.5
[2022-06-10 01:07:10,371] {subprocess.py:89} INFO - 01:07:10    Up to date!
[2022-06-10 01:07:14,731] {subprocess.py:89} INFO - 01:07:14  Running with dbt=1.1.0
[2022-06-10 01:07:14,760] {subprocess.py:89} INFO - 01:07:14  Partial parse save file not found. Starting full parse.
[2022-06-10 01:07:16,196] {subprocess.py:89} INFO - 01:07:16  Encountered an error:
[2022-06-10 01:07:16,196] {subprocess.py:89} INFO - [Errno 13] Permission denied: 'target/partial_parse.msgpack'
[2022-06-10 01:07:16,494] {subprocess.py:93} INFO - Command exited with return code 2
[2022-06-10 01:07:16,505] {taskinstance.py:1718} ERROR - Task failed with exception
Traceback (most recent call last):
  File "/home/airflow/.local/lib/python3.8/site-packages/airflow/models/taskinstance.py", line 1334, in _run_raw_task
    self._execute_task_with_callbacks(context)
  File "/home/airflow/.local/lib/python3.8/site-packages/airflow/models/taskinstance.py", line 1460, in _execute_task_with_callbacks
    result = self._execute_task(context, self.task)
  File "/home/airflow/.local/lib/python3.8/site-packages/airflow/models/taskinstance.py", line 1516, in _execute_task
    result = execute_callable(context=context)
  File "/home/airflow/.local/lib/python3.8/site-packages/airflow/operators/bash.py", line 187, in execute
    raise AirflowException(
airflow.exceptions.AirflowException: Bash command failed. The command returned a non-zero exit code 2.
[2022-06-10 01:07:16,510] {taskinstance.py:1272} INFO - Marking task as UP_FOR_RETRY. dag_id=match_details_dag, task_id=daily_transform, execution_date=20220523T000000, start_date=20220610T010705, end_date=20220610T010716
[2022-06-10 01:07:16,524] {standard_task_runner.py:89} ERROR - Failed to execute job 22 for task daily_transform
Traceback (most recent call last):
  File "/home/airflow/.local/lib/python3.8/site-packages/airflow/task/task_runner/standard_task_runner.py", line 85, in _start_by_fork
    args.func(args, dag=self.dag)
  File "/home/airflow/.local/lib/python3.8/site-packages/airflow/cli/cli_parser.py", line 48, in command
    return func(*args, **kwargs)
  File "/home/airflow/.local/lib/python3.8/site-packages/airflow/utils/cli.py", line 92, in wrapper
    return f(*args, **kwargs)
  File "/home/airflow/.local/lib/python3.8/site-packages/airflow/cli/commands/task_command.py", line 298, in task_run
    _run_task_by_selected_method(args, dag, ti)
  File "/home/airflow/.local/lib/python3.8/site-packages/airflow/cli/commands/task_command.py", line 107, in _run_task_by_selected_method
    _run_raw_task(args, ti)
  File "/home/airflow/.local/lib/python3.8/site-packages/airflow/cli/commands/task_command.py", line 180, in _run_raw_task
    ti._run_raw_task(
  File "/home/airflow/.local/lib/python3.8/site-packages/airflow/utils/session.py", line 70, in wrapper
    return func(*args, session=session, **kwargs)
  File "/home/airflow/.local/lib/python3.8/site-packages/airflow/models/taskinstance.py", line 1334, in _run_raw_task
    self._execute_task_with_callbacks(context)
  File "/home/airflow/.local/lib/python3.8/site-packages/airflow/models/taskinstance.py", line 1460, in _execute_task_with_callbacks
    result = self._execute_task(context, self.task)
  File "/home/airflow/.local/lib/python3.8/site-packages/airflow/models/taskinstance.py", line 1516, in _execute_task
    result = execute_callable(context=context)
  File "/home/airflow/.local/lib/python3.8/site-packages/airflow/operators/bash.py", line 187, in execute
    raise AirflowException(
airflow.exceptions.AirflowException: Bash command failed. The command returned a non-zero exit code 2.
[2022-06-10 01:07:16,535] {local_task_job.py:154} INFO - Task exited with return code 1
[2022-06-10 01:07:16,572] {local_task_job.py:264} INFO - 0 downstream tasks scheduled from follow-on schedule check
[2022-06-14 23:53:28,823] {taskinstance.py:1037} INFO - Dependencies all met for <TaskInstance: match_details_dag.daily_transform scheduled__2022-05-23T00:00:00+00:00 [None]>
[2022-06-14 23:53:28,832] {taskinstance.py:1037} INFO - Dependencies all met for <TaskInstance: match_details_dag.daily_transform scheduled__2022-05-23T00:00:00+00:00 [None]>
[2022-06-14 23:53:28,832] {taskinstance.py:1243} INFO - 
--------------------------------------------------------------------------------
[2022-06-14 23:53:28,832] {taskinstance.py:1244} INFO - Starting attempt 11 of 12
[2022-06-14 23:53:28,832] {taskinstance.py:1245} INFO - 
--------------------------------------------------------------------------------
[2022-06-14 23:53:28,843] {taskinstance.py:1264} INFO - Executing <Task(BashOperator): daily_transform> on 2022-05-23 00:00:00+00:00
[2022-06-14 23:53:28,848] {standard_task_runner.py:52} INFO - Started process 184 to run task
[2022-06-14 23:53:28,851] {standard_task_runner.py:76} INFO - Running: ['***', 'tasks', 'run', 'match_details_dag', 'daily_transform', 'scheduled__2022-05-23T00:00:00+00:00', '--job-id', '107', '--pool', 'default_pool', '--raw', '--subdir', 'DAGS_FOLDER/matchData_dag.py', '--cfg-path', '/tmp/tmpiv6m1j39', '--error-file', '/tmp/tmp2455rfhn']
[2022-06-14 23:53:28,852] {standard_task_runner.py:77} INFO - Job 107: Subtask daily_transform
[2022-06-14 23:53:28,898] {logging_mixin.py:109} INFO - Running <TaskInstance: match_details_dag.daily_transform scheduled__2022-05-23T00:00:00+00:00 [running]> on host ebe3cc7dbee2
[2022-06-14 23:53:28,946] {taskinstance.py:1429} INFO - Exporting the following env vars:
AIRFLOW_CTX_DAG_OWNER=admin
AIRFLOW_CTX_DAG_ID=match_details_dag
AIRFLOW_CTX_TASK_ID=daily_transform
AIRFLOW_CTX_EXECUTION_DATE=2022-05-23T00:00:00+00:00
AIRFLOW_CTX_DAG_RUN_ID=scheduled__2022-05-23T00:00:00+00:00
[2022-06-14 23:53:28,947] {subprocess.py:62} INFO - Tmp dir root location: 
 /tmp
[2022-06-14 23:53:28,948] {subprocess.py:74} INFO - Running command: ['bash', '-c', 'cd /opt/***/dbt && dbt deps && dbt run']
[2022-06-14 23:53:28,957] {subprocess.py:85} INFO - Output:
[2022-06-14 23:53:31,768] {subprocess.py:89} INFO - 23:53:31  Running with dbt=1.1.0
[2022-06-14 23:53:32,490] {subprocess.py:89} INFO - 23:53:32  Installing dbt-labs/dbt_utils
[2022-06-14 23:53:33,059] {subprocess.py:89} INFO - 23:53:33    Installed from version 0.8.5
[2022-06-14 23:53:33,059] {subprocess.py:89} INFO - 23:53:33    Up to date!
[2022-06-14 23:53:37,259] {subprocess.py:89} INFO - 23:53:37  Running with dbt=1.1.0
[2022-06-14 23:53:37,296] {subprocess.py:89} INFO - 23:53:37  Unable to do partial parsing because a project config has changed
[2022-06-14 23:53:37,636] {subprocess.py:89} INFO - 23:53:37  Encountered an error:
[2022-06-14 23:53:37,636] {subprocess.py:89} INFO - Parsing Error
[2022-06-14 23:53:37,636] {subprocess.py:89} INFO -   Error reading leagueoflegendsdbt: warehouse/schema.yml - Runtime Error
[2022-06-14 23:53:37,637] {subprocess.py:89} INFO -     Syntax error near line 20
[2022-06-14 23:53:37,637] {subprocess.py:89} INFO -     ------------------------------
[2022-06-14 23:53:37,637] {subprocess.py:89} INFO -     17 |
[2022-06-14 23:53:37,637] {subprocess.py:89} INFO -     18 | models:
[2022-06-14 23:53:37,637] {subprocess.py:89} INFO -     19 | +incremental_strategy: "merge"
[2022-06-14 23:53:37,637] {subprocess.py:89} INFO -     20 |   - name: final_match_details
[2022-06-14 23:53:37,637] {subprocess.py:89} INFO -     21 |     columns:
[2022-06-14 23:53:37,637] {subprocess.py:89} INFO -     22 |       - name: match_id
[2022-06-14 23:53:37,637] {subprocess.py:89} INFO -     23 |         tests:
[2022-06-14 23:53:37,638] {subprocess.py:89} INFO - 
[2022-06-14 23:53:37,638] {subprocess.py:89} INFO -     Raw Error:
[2022-06-14 23:53:37,638] {subprocess.py:89} INFO -     ------------------------------
[2022-06-14 23:53:37,638] {subprocess.py:89} INFO -     while parsing a block mapping
[2022-06-14 23:53:37,638] {subprocess.py:89} INFO -       in "<unicode string>", line 1, column 1
[2022-06-14 23:53:37,638] {subprocess.py:89} INFO -     did not find expected key
[2022-06-14 23:53:37,638] {subprocess.py:89} INFO -       in "<unicode string>", line 20, column 3
[2022-06-14 23:53:37,914] {subprocess.py:93} INFO - Command exited with return code 2
[2022-06-14 23:53:37,933] {taskinstance.py:1718} ERROR - Task failed with exception
Traceback (most recent call last):
  File "/home/airflow/.local/lib/python3.8/site-packages/airflow/models/taskinstance.py", line 1334, in _run_raw_task
    self._execute_task_with_callbacks(context)
  File "/home/airflow/.local/lib/python3.8/site-packages/airflow/models/taskinstance.py", line 1460, in _execute_task_with_callbacks
    result = self._execute_task(context, self.task)
  File "/home/airflow/.local/lib/python3.8/site-packages/airflow/models/taskinstance.py", line 1516, in _execute_task
    result = execute_callable(context=context)
  File "/home/airflow/.local/lib/python3.8/site-packages/airflow/operators/bash.py", line 187, in execute
    raise AirflowException(
airflow.exceptions.AirflowException: Bash command failed. The command returned a non-zero exit code 2.
[2022-06-14 23:53:37,942] {taskinstance.py:1272} INFO - Marking task as UP_FOR_RETRY. dag_id=match_details_dag, task_id=daily_transform, execution_date=20220523T000000, start_date=20220614T235328, end_date=20220614T235337
[2022-06-14 23:53:37,970] {standard_task_runner.py:89} ERROR - Failed to execute job 107 for task daily_transform
Traceback (most recent call last):
  File "/home/airflow/.local/lib/python3.8/site-packages/airflow/task/task_runner/standard_task_runner.py", line 85, in _start_by_fork
    args.func(args, dag=self.dag)
  File "/home/airflow/.local/lib/python3.8/site-packages/airflow/cli/cli_parser.py", line 48, in command
    return func(*args, **kwargs)
  File "/home/airflow/.local/lib/python3.8/site-packages/airflow/utils/cli.py", line 92, in wrapper
    return f(*args, **kwargs)
  File "/home/airflow/.local/lib/python3.8/site-packages/airflow/cli/commands/task_command.py", line 298, in task_run
    _run_task_by_selected_method(args, dag, ti)
  File "/home/airflow/.local/lib/python3.8/site-packages/airflow/cli/commands/task_command.py", line 107, in _run_task_by_selected_method
    _run_raw_task(args, ti)
  File "/home/airflow/.local/lib/python3.8/site-packages/airflow/cli/commands/task_command.py", line 180, in _run_raw_task
    ti._run_raw_task(
  File "/home/airflow/.local/lib/python3.8/site-packages/airflow/utils/session.py", line 70, in wrapper
    return func(*args, session=session, **kwargs)
  File "/home/airflow/.local/lib/python3.8/site-packages/airflow/models/taskinstance.py", line 1334, in _run_raw_task
    self._execute_task_with_callbacks(context)
  File "/home/airflow/.local/lib/python3.8/site-packages/airflow/models/taskinstance.py", line 1460, in _execute_task_with_callbacks
    result = self._execute_task(context, self.task)
  File "/home/airflow/.local/lib/python3.8/site-packages/airflow/models/taskinstance.py", line 1516, in _execute_task
    result = execute_callable(context=context)
  File "/home/airflow/.local/lib/python3.8/site-packages/airflow/operators/bash.py", line 187, in execute
    raise AirflowException(
airflow.exceptions.AirflowException: Bash command failed. The command returned a non-zero exit code 2.
[2022-06-14 23:53:37,983] {local_task_job.py:154} INFO - Task exited with return code 1
[2022-06-14 23:53:38,018] {local_task_job.py:264} INFO - 0 downstream tasks scheduled from follow-on schedule check
