[2022-06-07 21:39:11,681] {taskinstance.py:1037} INFO - Dependencies all met for <TaskInstance: match_details_dag.daily_transform scheduled__2022-05-23T00:00:00+00:00 [None]>
[2022-06-07 21:39:11,689] {taskinstance.py:1037} INFO - Dependencies all met for <TaskInstance: match_details_dag.daily_transform scheduled__2022-05-23T00:00:00+00:00 [None]>
[2022-06-07 21:39:11,689] {taskinstance.py:1243} INFO - 
--------------------------------------------------------------------------------
[2022-06-07 21:39:11,689] {taskinstance.py:1244} INFO - Starting attempt 3 of 4
[2022-06-07 21:39:11,689] {taskinstance.py:1245} INFO - 
--------------------------------------------------------------------------------
[2022-06-07 21:39:11,698] {taskinstance.py:1264} INFO - Executing <Task(BashOperator): daily_transform> on 2022-05-23 00:00:00+00:00
[2022-06-07 21:39:11,702] {standard_task_runner.py:52} INFO - Started process 63 to run task
[2022-06-07 21:39:11,704] {standard_task_runner.py:76} INFO - Running: ['***', 'tasks', 'run', 'match_details_dag', 'daily_transform', 'scheduled__2022-05-23T00:00:00+00:00', '--job-id', '11', '--pool', 'default_pool', '--raw', '--subdir', 'DAGS_FOLDER/matchData_dag.py', '--cfg-path', '/tmp/tmpflgvsat_', '--error-file', '/tmp/tmpxc0iy6st']
[2022-06-07 21:39:11,705] {standard_task_runner.py:77} INFO - Job 11: Subtask daily_transform
[2022-06-07 21:39:11,748] {logging_mixin.py:109} INFO - Running <TaskInstance: match_details_dag.daily_transform scheduled__2022-05-23T00:00:00+00:00 [running]> on host 3a2d88aef85a
[2022-06-07 21:39:11,785] {taskinstance.py:1429} INFO - Exporting the following env vars:
AIRFLOW_CTX_DAG_OWNER=admin
AIRFLOW_CTX_DAG_ID=match_details_dag
AIRFLOW_CTX_TASK_ID=daily_transform
AIRFLOW_CTX_EXECUTION_DATE=2022-05-23T00:00:00+00:00
AIRFLOW_CTX_DAG_RUN_ID=scheduled__2022-05-23T00:00:00+00:00
[2022-06-07 21:39:11,785] {subprocess.py:62} INFO - Tmp dir root location: 
 /tmp
[2022-06-07 21:39:11,786] {subprocess.py:74} INFO - Running command: ['bash', '-c', 'cd /opt/***/dbt && dbt deps && dbt run --project-dir /opt/***/dbt --profiles-dir /opt/***/dbt --target dev']
[2022-06-07 21:39:11,794] {subprocess.py:85} INFO - Output:
[2022-06-07 21:39:14,976] {subprocess.py:89} INFO - 21:39:14  [[33mWARNING[0m]: Deprecated functionality
[2022-06-07 21:39:14,976] {subprocess.py:89} INFO - The `source-paths` config has been renamed to `model-paths`. Please update your
[2022-06-07 21:39:14,976] {subprocess.py:89} INFO - `dbt_project.yml` configuration to reflect this change.
[2022-06-07 21:39:14,990] {subprocess.py:89} INFO - 21:39:14  Encountered an error while reading the project:
[2022-06-07 21:39:14,990] {subprocess.py:89} INFO - 21:39:14    ERROR: Runtime Error
[2022-06-07 21:39:14,991] {subprocess.py:89} INFO -   at path []: Additional properties are not allowed ('modules-path' was unexpected)
[2022-06-07 21:39:14,991] {subprocess.py:89} INFO - 
[2022-06-07 21:39:14,991] {subprocess.py:89} INFO - Error encountered in /opt/***/dbt/dbt_project.yml
[2022-06-07 21:39:14,992] {subprocess.py:89} INFO - 21:39:14  Encountered an error:
[2022-06-07 21:39:14,992] {subprocess.py:89} INFO - Runtime Error
[2022-06-07 21:39:14,993] {subprocess.py:89} INFO -   Could not run dbt
[2022-06-07 21:39:15,159] {subprocess.py:93} INFO - Command exited with return code 2
[2022-06-07 21:39:15,170] {taskinstance.py:1718} ERROR - Task failed with exception
Traceback (most recent call last):
  File "/home/airflow/.local/lib/python3.8/site-packages/airflow/models/taskinstance.py", line 1334, in _run_raw_task
    self._execute_task_with_callbacks(context)
  File "/home/airflow/.local/lib/python3.8/site-packages/airflow/models/taskinstance.py", line 1460, in _execute_task_with_callbacks
    result = self._execute_task(context, self.task)
  File "/home/airflow/.local/lib/python3.8/site-packages/airflow/models/taskinstance.py", line 1516, in _execute_task
    result = execute_callable(context=context)
  File "/home/airflow/.local/lib/python3.8/site-packages/airflow/operators/bash.py", line 187, in execute
    raise AirflowException(
airflow.exceptions.AirflowException: Bash command failed. The command returned a non-zero exit code 2.
[2022-06-07 21:39:15,175] {taskinstance.py:1272} INFO - Marking task as UP_FOR_RETRY. dag_id=match_details_dag, task_id=daily_transform, execution_date=20220523T000000, start_date=20220607T213911, end_date=20220607T213915
[2022-06-07 21:39:15,187] {standard_task_runner.py:89} ERROR - Failed to execute job 11 for task daily_transform
Traceback (most recent call last):
  File "/home/airflow/.local/lib/python3.8/site-packages/airflow/task/task_runner/standard_task_runner.py", line 85, in _start_by_fork
    args.func(args, dag=self.dag)
  File "/home/airflow/.local/lib/python3.8/site-packages/airflow/cli/cli_parser.py", line 48, in command
    return func(*args, **kwargs)
  File "/home/airflow/.local/lib/python3.8/site-packages/airflow/utils/cli.py", line 92, in wrapper
    return f(*args, **kwargs)
  File "/home/airflow/.local/lib/python3.8/site-packages/airflow/cli/commands/task_command.py", line 298, in task_run
    _run_task_by_selected_method(args, dag, ti)
  File "/home/airflow/.local/lib/python3.8/site-packages/airflow/cli/commands/task_command.py", line 107, in _run_task_by_selected_method
    _run_raw_task(args, ti)
  File "/home/airflow/.local/lib/python3.8/site-packages/airflow/cli/commands/task_command.py", line 180, in _run_raw_task
    ti._run_raw_task(
  File "/home/airflow/.local/lib/python3.8/site-packages/airflow/utils/session.py", line 70, in wrapper
    return func(*args, session=session, **kwargs)
  File "/home/airflow/.local/lib/python3.8/site-packages/airflow/models/taskinstance.py", line 1334, in _run_raw_task
    self._execute_task_with_callbacks(context)
  File "/home/airflow/.local/lib/python3.8/site-packages/airflow/models/taskinstance.py", line 1460, in _execute_task_with_callbacks
    result = self._execute_task(context, self.task)
  File "/home/airflow/.local/lib/python3.8/site-packages/airflow/models/taskinstance.py", line 1516, in _execute_task
    result = execute_callable(context=context)
  File "/home/airflow/.local/lib/python3.8/site-packages/airflow/operators/bash.py", line 187, in execute
    raise AirflowException(
airflow.exceptions.AirflowException: Bash command failed. The command returned a non-zero exit code 2.
[2022-06-07 21:39:15,209] {local_task_job.py:154} INFO - Task exited with return code 1
[2022-06-07 21:39:15,238] {local_task_job.py:264} INFO - 0 downstream tasks scheduled from follow-on schedule check
[2022-06-14 17:52:14,363] {taskinstance.py:1037} INFO - Dependencies all met for <TaskInstance: match_details_dag.daily_transform scheduled__2022-05-23T00:00:00+00:00 [None]>
[2022-06-14 17:52:14,373] {taskinstance.py:1037} INFO - Dependencies all met for <TaskInstance: match_details_dag.daily_transform scheduled__2022-05-23T00:00:00+00:00 [None]>
[2022-06-14 17:52:14,373] {taskinstance.py:1243} INFO - 
--------------------------------------------------------------------------------
[2022-06-14 17:52:14,373] {taskinstance.py:1244} INFO - Starting attempt 3 of 4
[2022-06-14 17:52:14,373] {taskinstance.py:1245} INFO - 
--------------------------------------------------------------------------------
[2022-06-14 17:52:14,383] {taskinstance.py:1264} INFO - Executing <Task(BashOperator): daily_transform> on 2022-05-23 00:00:00+00:00
[2022-06-14 17:52:14,387] {standard_task_runner.py:52} INFO - Started process 136 to run task
[2022-06-14 17:52:14,389] {standard_task_runner.py:76} INFO - Running: ['***', 'tasks', 'run', 'match_details_dag', 'daily_transform', 'scheduled__2022-05-23T00:00:00+00:00', '--job-id', '90', '--pool', 'default_pool', '--raw', '--subdir', 'DAGS_FOLDER/matchData_dag.py', '--cfg-path', '/tmp/tmp98zho9_e', '--error-file', '/tmp/tmp986xkokx']
[2022-06-14 17:52:14,389] {standard_task_runner.py:77} INFO - Job 90: Subtask daily_transform
[2022-06-14 17:52:14,429] {logging_mixin.py:109} INFO - Running <TaskInstance: match_details_dag.daily_transform scheduled__2022-05-23T00:00:00+00:00 [running]> on host 9ccbaa06f6ac
[2022-06-14 17:52:14,469] {taskinstance.py:1429} INFO - Exporting the following env vars:
AIRFLOW_CTX_DAG_OWNER=admin
AIRFLOW_CTX_DAG_ID=match_details_dag
AIRFLOW_CTX_TASK_ID=daily_transform
AIRFLOW_CTX_EXECUTION_DATE=2022-05-23T00:00:00+00:00
AIRFLOW_CTX_DAG_RUN_ID=scheduled__2022-05-23T00:00:00+00:00
[2022-06-14 17:52:14,470] {subprocess.py:62} INFO - Tmp dir root location: 
 /tmp
[2022-06-14 17:52:14,470] {subprocess.py:74} INFO - Running command: ['bash', '-c', 'cd dbt && dbt deps && dbt run --target dev']
[2022-06-14 17:52:14,479] {subprocess.py:85} INFO - Output:
[2022-06-14 17:52:14,481] {subprocess.py:89} INFO - bash: line 0: cd: dbt: No such file or directory
[2022-06-14 17:52:14,481] {subprocess.py:93} INFO - Command exited with return code 1
[2022-06-14 17:52:14,491] {taskinstance.py:1718} ERROR - Task failed with exception
Traceback (most recent call last):
  File "/home/airflow/.local/lib/python3.8/site-packages/airflow/models/taskinstance.py", line 1334, in _run_raw_task
    self._execute_task_with_callbacks(context)
  File "/home/airflow/.local/lib/python3.8/site-packages/airflow/models/taskinstance.py", line 1460, in _execute_task_with_callbacks
    result = self._execute_task(context, self.task)
  File "/home/airflow/.local/lib/python3.8/site-packages/airflow/models/taskinstance.py", line 1516, in _execute_task
    result = execute_callable(context=context)
  File "/home/airflow/.local/lib/python3.8/site-packages/airflow/operators/bash.py", line 187, in execute
    raise AirflowException(
airflow.exceptions.AirflowException: Bash command failed. The command returned a non-zero exit code 1.
[2022-06-14 17:52:14,496] {taskinstance.py:1272} INFO - Marking task as UP_FOR_RETRY. dag_id=match_details_dag, task_id=daily_transform, execution_date=20220523T000000, start_date=20220614T175214, end_date=20220614T175214
[2022-06-14 17:52:14,506] {standard_task_runner.py:89} ERROR - Failed to execute job 90 for task daily_transform
Traceback (most recent call last):
  File "/home/airflow/.local/lib/python3.8/site-packages/airflow/task/task_runner/standard_task_runner.py", line 85, in _start_by_fork
    args.func(args, dag=self.dag)
  File "/home/airflow/.local/lib/python3.8/site-packages/airflow/cli/cli_parser.py", line 48, in command
    return func(*args, **kwargs)
  File "/home/airflow/.local/lib/python3.8/site-packages/airflow/utils/cli.py", line 92, in wrapper
    return f(*args, **kwargs)
  File "/home/airflow/.local/lib/python3.8/site-packages/airflow/cli/commands/task_command.py", line 298, in task_run
    _run_task_by_selected_method(args, dag, ti)
  File "/home/airflow/.local/lib/python3.8/site-packages/airflow/cli/commands/task_command.py", line 107, in _run_task_by_selected_method
    _run_raw_task(args, ti)
  File "/home/airflow/.local/lib/python3.8/site-packages/airflow/cli/commands/task_command.py", line 180, in _run_raw_task
    ti._run_raw_task(
  File "/home/airflow/.local/lib/python3.8/site-packages/airflow/utils/session.py", line 70, in wrapper
    return func(*args, session=session, **kwargs)
  File "/home/airflow/.local/lib/python3.8/site-packages/airflow/models/taskinstance.py", line 1334, in _run_raw_task
    self._execute_task_with_callbacks(context)
  File "/home/airflow/.local/lib/python3.8/site-packages/airflow/models/taskinstance.py", line 1460, in _execute_task_with_callbacks
    result = self._execute_task(context, self.task)
  File "/home/airflow/.local/lib/python3.8/site-packages/airflow/models/taskinstance.py", line 1516, in _execute_task
    result = execute_callable(context=context)
  File "/home/airflow/.local/lib/python3.8/site-packages/airflow/operators/bash.py", line 187, in execute
    raise AirflowException(
airflow.exceptions.AirflowException: Bash command failed. The command returned a non-zero exit code 1.
[2022-06-14 17:52:14,522] {local_task_job.py:154} INFO - Task exited with return code 1
[2022-06-14 17:52:14,551] {local_task_job.py:264} INFO - 0 downstream tasks scheduled from follow-on schedule check
