[2022-06-07 21:42:19,757] {taskinstance.py:1037} INFO - Dependencies all met for <TaskInstance: match_details_dag.daily_transform scheduled__2022-05-23T00:00:00+00:00 [None]>
[2022-06-07 21:42:19,771] {taskinstance.py:1037} INFO - Dependencies all met for <TaskInstance: match_details_dag.daily_transform scheduled__2022-05-23T00:00:00+00:00 [None]>
[2022-06-07 21:42:19,771] {taskinstance.py:1243} INFO - 
--------------------------------------------------------------------------------
[2022-06-07 21:42:19,771] {taskinstance.py:1244} INFO - Starting attempt 4 of 5
[2022-06-07 21:42:19,771] {taskinstance.py:1245} INFO - 
--------------------------------------------------------------------------------
[2022-06-07 21:42:19,783] {taskinstance.py:1264} INFO - Executing <Task(BashOperator): daily_transform> on 2022-05-23 00:00:00+00:00
[2022-06-07 21:42:19,787] {standard_task_runner.py:52} INFO - Started process 69 to run task
[2022-06-07 21:42:19,789] {standard_task_runner.py:76} INFO - Running: ['***', 'tasks', 'run', 'match_details_dag', 'daily_transform', 'scheduled__2022-05-23T00:00:00+00:00', '--job-id', '12', '--pool', 'default_pool', '--raw', '--subdir', 'DAGS_FOLDER/matchData_dag.py', '--cfg-path', '/tmp/tmpwvvrnzs9', '--error-file', '/tmp/tmp4mt7ipj3']
[2022-06-07 21:42:19,790] {standard_task_runner.py:77} INFO - Job 12: Subtask daily_transform
[2022-06-07 21:42:19,831] {logging_mixin.py:109} INFO - Running <TaskInstance: match_details_dag.daily_transform scheduled__2022-05-23T00:00:00+00:00 [running]> on host 3a2d88aef85a
[2022-06-07 21:42:19,872] {taskinstance.py:1429} INFO - Exporting the following env vars:
AIRFLOW_CTX_DAG_OWNER=admin
AIRFLOW_CTX_DAG_ID=match_details_dag
AIRFLOW_CTX_TASK_ID=daily_transform
AIRFLOW_CTX_EXECUTION_DATE=2022-05-23T00:00:00+00:00
AIRFLOW_CTX_DAG_RUN_ID=scheduled__2022-05-23T00:00:00+00:00
[2022-06-07 21:42:19,873] {subprocess.py:62} INFO - Tmp dir root location: 
 /tmp
[2022-06-07 21:42:19,873] {subprocess.py:74} INFO - Running command: ['bash', '-c', 'cd /opt/***/dbt && dbt deps && dbt run --project-dir /opt/***/dbt --profiles-dir /opt/***/dbt --target dev']
[2022-06-07 21:42:19,882] {subprocess.py:85} INFO - Output:
[2022-06-07 21:42:23,149] {subprocess.py:89} INFO - 21:42:23  [[33mWARNING[0m]: Deprecated functionality
[2022-06-07 21:42:23,149] {subprocess.py:89} INFO - The `source-paths` config has been renamed to `model-paths`. Please update your
[2022-06-07 21:42:23,149] {subprocess.py:89} INFO - `dbt_project.yml` configuration to reflect this change.
[2022-06-07 21:42:23,171] {subprocess.py:89} INFO - 21:42:23  Running with dbt=1.1.0
[2022-06-07 21:42:23,947] {subprocess.py:89} INFO - 21:42:23  Installing dbt-labs/dbt_utils
[2022-06-07 21:42:24,427] {subprocess.py:89} INFO - 21:42:24    Installed from version 0.8.0
[2022-06-07 21:42:24,427] {subprocess.py:89} INFO - 21:42:24    Updated version available: 0.8.5
[2022-06-07 21:42:24,428] {subprocess.py:89} INFO - 21:42:24
[2022-06-07 21:42:24,428] {subprocess.py:89} INFO - 21:42:24  Updates available for packages: ['dbt-labs/dbt_utils']
[2022-06-07 21:42:24,428] {subprocess.py:89} INFO - Update your versions in packages.yml, then run dbt deps
[2022-06-07 21:42:29,162] {subprocess.py:89} INFO - 21:42:29  [[33mWARNING[0m]: Deprecated functionality
[2022-06-07 21:42:29,162] {subprocess.py:89} INFO - The `source-paths` config has been renamed to `model-paths`. Please update your
[2022-06-07 21:42:29,163] {subprocess.py:89} INFO - `dbt_project.yml` configuration to reflect this change.
[2022-06-07 21:42:29,196] {subprocess.py:89} INFO - 21:42:29  Running with dbt=1.1.0
[2022-06-07 21:42:29,218] {subprocess.py:89} INFO - 21:42:29  Partial parse save file not found. Starting full parse.
[2022-06-07 21:42:30,453] {subprocess.py:89} INFO - 21:42:30  Encountered an error:
[2022-06-07 21:42:30,453] {subprocess.py:89} INFO - Compilation Error in model stg_items (models/staging_datadragon/stg_items.sql)
[2022-06-07 21:42:30,453] {subprocess.py:89} INFO -   Encountered unknown tag 'SET'.
[2022-06-07 21:42:30,453] {subprocess.py:89} INFO -     line 11
[2022-06-07 21:42:30,454] {subprocess.py:89} INFO -       {% SET pivot_cols = dbt_utils.get_column_values(table=pivot_source, column='KEY') %}
[2022-06-07 21:42:30,774] {subprocess.py:93} INFO - Command exited with return code 2
[2022-06-07 21:42:30,785] {taskinstance.py:1718} ERROR - Task failed with exception
Traceback (most recent call last):
  File "/home/airflow/.local/lib/python3.8/site-packages/airflow/models/taskinstance.py", line 1334, in _run_raw_task
    self._execute_task_with_callbacks(context)
  File "/home/airflow/.local/lib/python3.8/site-packages/airflow/models/taskinstance.py", line 1460, in _execute_task_with_callbacks
    result = self._execute_task(context, self.task)
  File "/home/airflow/.local/lib/python3.8/site-packages/airflow/models/taskinstance.py", line 1516, in _execute_task
    result = execute_callable(context=context)
  File "/home/airflow/.local/lib/python3.8/site-packages/airflow/operators/bash.py", line 187, in execute
    raise AirflowException(
airflow.exceptions.AirflowException: Bash command failed. The command returned a non-zero exit code 2.
[2022-06-07 21:42:30,792] {taskinstance.py:1272} INFO - Marking task as UP_FOR_RETRY. dag_id=match_details_dag, task_id=daily_transform, execution_date=20220523T000000, start_date=20220607T214219, end_date=20220607T214230
[2022-06-07 21:42:30,805] {standard_task_runner.py:89} ERROR - Failed to execute job 12 for task daily_transform
Traceback (most recent call last):
  File "/home/airflow/.local/lib/python3.8/site-packages/airflow/task/task_runner/standard_task_runner.py", line 85, in _start_by_fork
    args.func(args, dag=self.dag)
  File "/home/airflow/.local/lib/python3.8/site-packages/airflow/cli/cli_parser.py", line 48, in command
    return func(*args, **kwargs)
  File "/home/airflow/.local/lib/python3.8/site-packages/airflow/utils/cli.py", line 92, in wrapper
    return f(*args, **kwargs)
  File "/home/airflow/.local/lib/python3.8/site-packages/airflow/cli/commands/task_command.py", line 298, in task_run
    _run_task_by_selected_method(args, dag, ti)
  File "/home/airflow/.local/lib/python3.8/site-packages/airflow/cli/commands/task_command.py", line 107, in _run_task_by_selected_method
    _run_raw_task(args, ti)
  File "/home/airflow/.local/lib/python3.8/site-packages/airflow/cli/commands/task_command.py", line 180, in _run_raw_task
    ti._run_raw_task(
  File "/home/airflow/.local/lib/python3.8/site-packages/airflow/utils/session.py", line 70, in wrapper
    return func(*args, session=session, **kwargs)
  File "/home/airflow/.local/lib/python3.8/site-packages/airflow/models/taskinstance.py", line 1334, in _run_raw_task
    self._execute_task_with_callbacks(context)
  File "/home/airflow/.local/lib/python3.8/site-packages/airflow/models/taskinstance.py", line 1460, in _execute_task_with_callbacks
    result = self._execute_task(context, self.task)
  File "/home/airflow/.local/lib/python3.8/site-packages/airflow/models/taskinstance.py", line 1516, in _execute_task
    result = execute_callable(context=context)
  File "/home/airflow/.local/lib/python3.8/site-packages/airflow/operators/bash.py", line 187, in execute
    raise AirflowException(
airflow.exceptions.AirflowException: Bash command failed. The command returned a non-zero exit code 2.
[2022-06-07 21:42:30,847] {local_task_job.py:154} INFO - Task exited with return code 1
[2022-06-07 21:42:30,876] {local_task_job.py:264} INFO - 0 downstream tasks scheduled from follow-on schedule check
[2022-06-14 17:55:55,996] {taskinstance.py:1037} INFO - Dependencies all met for <TaskInstance: match_details_dag.daily_transform scheduled__2022-05-23T00:00:00+00:00 [None]>
[2022-06-14 17:55:56,006] {taskinstance.py:1037} INFO - Dependencies all met for <TaskInstance: match_details_dag.daily_transform scheduled__2022-05-23T00:00:00+00:00 [None]>
[2022-06-14 17:55:56,007] {taskinstance.py:1243} INFO - 
--------------------------------------------------------------------------------
[2022-06-14 17:55:56,007] {taskinstance.py:1244} INFO - Starting attempt 4 of 5
[2022-06-14 17:55:56,007] {taskinstance.py:1245} INFO - 
--------------------------------------------------------------------------------
[2022-06-14 17:55:56,017] {taskinstance.py:1264} INFO - Executing <Task(BashOperator): daily_transform> on 2022-05-23 00:00:00+00:00
[2022-06-14 17:55:56,021] {standard_task_runner.py:52} INFO - Started process 148 to run task
[2022-06-14 17:55:56,023] {standard_task_runner.py:76} INFO - Running: ['***', 'tasks', 'run', 'match_details_dag', 'daily_transform', 'scheduled__2022-05-23T00:00:00+00:00', '--job-id', '93', '--pool', 'default_pool', '--raw', '--subdir', 'DAGS_FOLDER/matchData_dag.py', '--cfg-path', '/tmp/tmpgs9m79mx', '--error-file', '/tmp/tmph_qw5z6_']
[2022-06-14 17:55:56,024] {standard_task_runner.py:77} INFO - Job 93: Subtask daily_transform
[2022-06-14 17:55:56,065] {logging_mixin.py:109} INFO - Running <TaskInstance: match_details_dag.daily_transform scheduled__2022-05-23T00:00:00+00:00 [running]> on host 9ccbaa06f6ac
[2022-06-14 17:55:56,109] {taskinstance.py:1429} INFO - Exporting the following env vars:
AIRFLOW_CTX_DAG_OWNER=admin
AIRFLOW_CTX_DAG_ID=match_details_dag
AIRFLOW_CTX_TASK_ID=daily_transform
AIRFLOW_CTX_EXECUTION_DATE=2022-05-23T00:00:00+00:00
AIRFLOW_CTX_DAG_RUN_ID=scheduled__2022-05-23T00:00:00+00:00
[2022-06-14 17:55:56,109] {subprocess.py:62} INFO - Tmp dir root location: 
 /tmp
[2022-06-14 17:55:56,110] {subprocess.py:74} INFO - Running command: ['bash', '-c', 'cd /opt/***/dbt && dbt deps && dbt run --target dev']
[2022-06-14 17:55:56,118] {subprocess.py:85} INFO - Output:
[2022-06-14 17:55:58,884] {subprocess.py:89} INFO - 17:55:58  Running with dbt=1.1.0
[2022-06-14 17:55:59,232] {subprocess.py:89} INFO - 17:55:59  Installing dbt-labs/dbt_utils
[2022-06-14 17:55:59,798] {subprocess.py:89} INFO - 17:55:59    Installed from version 0.8.5
[2022-06-14 17:55:59,798] {subprocess.py:89} INFO - 17:55:59    Up to date!
[2022-06-14 17:56:04,270] {subprocess.py:89} INFO - 17:56:04  Running with dbt=1.1.0
[2022-06-14 17:56:04,304] {subprocess.py:89} INFO - 17:56:04  Unable to do partial parsing because config vars, config profile, or config target have changed
[2022-06-14 17:56:04,304] {subprocess.py:89} INFO - 17:56:04  Unable to do partial parsing because a project config has changed
[2022-06-14 17:56:04,654] {subprocess.py:89} INFO - 17:56:04  Encountered an error:
[2022-06-14 17:56:04,654] {subprocess.py:89} INFO - Parsing Error
[2022-06-14 17:56:04,654] {subprocess.py:89} INFO -   Error reading leagueoflegendsdbt: warehouse/schema.yml - Runtime Error
[2022-06-14 17:56:04,654] {subprocess.py:89} INFO -     Syntax error near line 20
[2022-06-14 17:56:04,654] {subprocess.py:89} INFO -     ------------------------------
[2022-06-14 17:56:04,654] {subprocess.py:89} INFO -     17 |
[2022-06-14 17:56:04,655] {subprocess.py:89} INFO -     18 | models:
[2022-06-14 17:56:04,655] {subprocess.py:89} INFO -     19 | +incremental_strategy: "merge"
[2022-06-14 17:56:04,655] {subprocess.py:89} INFO -     20 |   - name: final_match_details
[2022-06-14 17:56:04,655] {subprocess.py:89} INFO -     21 |     columns:
[2022-06-14 17:56:04,655] {subprocess.py:89} INFO -     22 |       - name: match_id
[2022-06-14 17:56:04,656] {subprocess.py:89} INFO -     23 |         tests:
[2022-06-14 17:56:04,656] {subprocess.py:89} INFO - 
[2022-06-14 17:56:04,656] {subprocess.py:89} INFO -     Raw Error:
[2022-06-14 17:56:04,656] {subprocess.py:89} INFO -     ------------------------------
[2022-06-14 17:56:04,656] {subprocess.py:89} INFO -     while parsing a block mapping
[2022-06-14 17:56:04,656] {subprocess.py:89} INFO -       in "<unicode string>", line 1, column 1
[2022-06-14 17:56:04,657] {subprocess.py:89} INFO -     did not find expected key
[2022-06-14 17:56:04,657] {subprocess.py:89} INFO -       in "<unicode string>", line 20, column 3
[2022-06-14 17:56:04,987] {subprocess.py:93} INFO - Command exited with return code 2
[2022-06-14 17:56:05,000] {taskinstance.py:1718} ERROR - Task failed with exception
Traceback (most recent call last):
  File "/home/airflow/.local/lib/python3.8/site-packages/airflow/models/taskinstance.py", line 1334, in _run_raw_task
    self._execute_task_with_callbacks(context)
  File "/home/airflow/.local/lib/python3.8/site-packages/airflow/models/taskinstance.py", line 1460, in _execute_task_with_callbacks
    result = self._execute_task(context, self.task)
  File "/home/airflow/.local/lib/python3.8/site-packages/airflow/models/taskinstance.py", line 1516, in _execute_task
    result = execute_callable(context=context)
  File "/home/airflow/.local/lib/python3.8/site-packages/airflow/operators/bash.py", line 187, in execute
    raise AirflowException(
airflow.exceptions.AirflowException: Bash command failed. The command returned a non-zero exit code 2.
[2022-06-14 17:56:05,007] {taskinstance.py:1272} INFO - Marking task as UP_FOR_RETRY. dag_id=match_details_dag, task_id=daily_transform, execution_date=20220523T000000, start_date=20220614T175555, end_date=20220614T175605
[2022-06-14 17:56:05,022] {standard_task_runner.py:89} ERROR - Failed to execute job 93 for task daily_transform
Traceback (most recent call last):
  File "/home/airflow/.local/lib/python3.8/site-packages/airflow/task/task_runner/standard_task_runner.py", line 85, in _start_by_fork
    args.func(args, dag=self.dag)
  File "/home/airflow/.local/lib/python3.8/site-packages/airflow/cli/cli_parser.py", line 48, in command
    return func(*args, **kwargs)
  File "/home/airflow/.local/lib/python3.8/site-packages/airflow/utils/cli.py", line 92, in wrapper
    return f(*args, **kwargs)
  File "/home/airflow/.local/lib/python3.8/site-packages/airflow/cli/commands/task_command.py", line 298, in task_run
    _run_task_by_selected_method(args, dag, ti)
  File "/home/airflow/.local/lib/python3.8/site-packages/airflow/cli/commands/task_command.py", line 107, in _run_task_by_selected_method
    _run_raw_task(args, ti)
  File "/home/airflow/.local/lib/python3.8/site-packages/airflow/cli/commands/task_command.py", line 180, in _run_raw_task
    ti._run_raw_task(
  File "/home/airflow/.local/lib/python3.8/site-packages/airflow/utils/session.py", line 70, in wrapper
    return func(*args, session=session, **kwargs)
  File "/home/airflow/.local/lib/python3.8/site-packages/airflow/models/taskinstance.py", line 1334, in _run_raw_task
    self._execute_task_with_callbacks(context)
  File "/home/airflow/.local/lib/python3.8/site-packages/airflow/models/taskinstance.py", line 1460, in _execute_task_with_callbacks
    result = self._execute_task(context, self.task)
  File "/home/airflow/.local/lib/python3.8/site-packages/airflow/models/taskinstance.py", line 1516, in _execute_task
    result = execute_callable(context=context)
  File "/home/airflow/.local/lib/python3.8/site-packages/airflow/operators/bash.py", line 187, in execute
    raise AirflowException(
airflow.exceptions.AirflowException: Bash command failed. The command returned a non-zero exit code 2.
[2022-06-14 17:56:05,034] {local_task_job.py:154} INFO - Task exited with return code 1
[2022-06-14 17:56:05,064] {local_task_job.py:264} INFO - 0 downstream tasks scheduled from follow-on schedule check
