[2022-06-15 00:03:21,225] {taskinstance.py:1037} INFO - Dependencies all met for <TaskInstance: match_details_dag.dbt_run manual__2022-06-15T00:01:53.911524+00:00 [queued]>
[2022-06-15 00:03:21,235] {taskinstance.py:1037} INFO - Dependencies all met for <TaskInstance: match_details_dag.dbt_run manual__2022-06-15T00:01:53.911524+00:00 [queued]>
[2022-06-15 00:03:21,235] {taskinstance.py:1243} INFO - 
--------------------------------------------------------------------------------
[2022-06-15 00:03:21,235] {taskinstance.py:1244} INFO - Starting attempt 2 of 3
[2022-06-15 00:03:21,235] {taskinstance.py:1245} INFO - 
--------------------------------------------------------------------------------
[2022-06-15 00:03:21,245] {taskinstance.py:1264} INFO - Executing <Task(BashOperator): dbt_run> on 2022-06-15 00:01:53.911524+00:00
[2022-06-15 00:03:21,249] {standard_task_runner.py:52} INFO - Started process 245 to run task
[2022-06-15 00:03:21,251] {standard_task_runner.py:76} INFO - Running: ['***', 'tasks', 'run', 'match_details_dag', 'dbt_run', 'manual__2022-06-15T00:01:53.911524+00:00', '--job-id', '116', '--raw', '--subdir', 'DAGS_FOLDER/matchData_dag.py', '--cfg-path', '/tmp/tmps82ah4pn', '--error-file', '/tmp/tmpi9j5rx78']
[2022-06-15 00:03:21,252] {standard_task_runner.py:77} INFO - Job 116: Subtask dbt_run
[2022-06-15 00:03:21,299] {logging_mixin.py:109} INFO - Running <TaskInstance: match_details_dag.dbt_run manual__2022-06-15T00:01:53.911524+00:00 [running]> on host ebe3cc7dbee2
[2022-06-15 00:03:21,345] {taskinstance.py:1429} INFO - Exporting the following env vars:
AIRFLOW_CTX_DAG_OWNER=admin
AIRFLOW_CTX_DAG_ID=match_details_dag
AIRFLOW_CTX_TASK_ID=dbt_run
AIRFLOW_CTX_EXECUTION_DATE=2022-06-15T00:01:53.911524+00:00
AIRFLOW_CTX_DAG_RUN_ID=manual__2022-06-15T00:01:53.911524+00:00
[2022-06-15 00:03:21,345] {subprocess.py:62} INFO - Tmp dir root location: 
 /tmp
[2022-06-15 00:03:21,346] {subprocess.py:74} INFO - Running command: ['bash', '-c', 'cd /opt/***/dbt && dbt deps && dbt run']
[2022-06-15 00:03:21,355] {subprocess.py:85} INFO - Output:
[2022-06-15 00:03:24,131] {subprocess.py:89} INFO - 00:03:24  Running with dbt=1.1.0
[2022-06-15 00:03:24,889] {subprocess.py:89} INFO - 00:03:24  Installing dbt-labs/dbt_utils
[2022-06-15 00:03:25,472] {subprocess.py:89} INFO - 00:03:25    Installed from version 0.8.5
[2022-06-15 00:03:25,472] {subprocess.py:89} INFO - 00:03:25    Up to date!
[2022-06-15 00:03:29,793] {subprocess.py:89} INFO - 00:03:29  Running with dbt=1.1.0
[2022-06-15 00:03:29,831] {subprocess.py:89} INFO - 00:03:29  Unable to do partial parsing because a project config has changed
[2022-06-15 00:03:30,172] {subprocess.py:89} INFO - 00:03:30  Encountered an error:
[2022-06-15 00:03:30,172] {subprocess.py:89} INFO - Parsing Error
[2022-06-15 00:03:30,173] {subprocess.py:89} INFO -   Error reading leagueoflegendsdbt: warehouse/schema.yml - Runtime Error
[2022-06-15 00:03:30,173] {subprocess.py:89} INFO -     Syntax error near line 20
[2022-06-15 00:03:30,173] {subprocess.py:89} INFO -     ------------------------------
[2022-06-15 00:03:30,173] {subprocess.py:89} INFO -     17 |
[2022-06-15 00:03:30,173] {subprocess.py:89} INFO -     18 | models:
[2022-06-15 00:03:30,173] {subprocess.py:89} INFO -     19 | +incremental_strategy: "merge"
[2022-06-15 00:03:30,173] {subprocess.py:89} INFO -     20 |   - name: final_match_details
[2022-06-15 00:03:30,174] {subprocess.py:89} INFO -     21 |     columns:
[2022-06-15 00:03:30,174] {subprocess.py:89} INFO -     22 |       - name: match_id
[2022-06-15 00:03:30,174] {subprocess.py:89} INFO -     23 |         tests:
[2022-06-15 00:03:30,174] {subprocess.py:89} INFO - 
[2022-06-15 00:03:30,174] {subprocess.py:89} INFO -     Raw Error:
[2022-06-15 00:03:30,174] {subprocess.py:89} INFO -     ------------------------------
[2022-06-15 00:03:30,174] {subprocess.py:89} INFO -     while parsing a block mapping
[2022-06-15 00:03:30,175] {subprocess.py:89} INFO -       in "<unicode string>", line 1, column 1
[2022-06-15 00:03:30,175] {subprocess.py:89} INFO -     did not find expected key
[2022-06-15 00:03:30,175] {subprocess.py:89} INFO -       in "<unicode string>", line 20, column 3
[2022-06-15 00:03:30,432] {subprocess.py:93} INFO - Command exited with return code 2
[2022-06-15 00:03:30,443] {taskinstance.py:1718} ERROR - Task failed with exception
Traceback (most recent call last):
  File "/home/airflow/.local/lib/python3.8/site-packages/airflow/models/taskinstance.py", line 1334, in _run_raw_task
    self._execute_task_with_callbacks(context)
  File "/home/airflow/.local/lib/python3.8/site-packages/airflow/models/taskinstance.py", line 1460, in _execute_task_with_callbacks
    result = self._execute_task(context, self.task)
  File "/home/airflow/.local/lib/python3.8/site-packages/airflow/models/taskinstance.py", line 1516, in _execute_task
    result = execute_callable(context=context)
  File "/home/airflow/.local/lib/python3.8/site-packages/airflow/operators/bash.py", line 187, in execute
    raise AirflowException(
airflow.exceptions.AirflowException: Bash command failed. The command returned a non-zero exit code 2.
[2022-06-15 00:03:30,449] {taskinstance.py:1272} INFO - Marking task as UP_FOR_RETRY. dag_id=match_details_dag, task_id=dbt_run, execution_date=20220615T000153, start_date=20220615T000321, end_date=20220615T000330
[2022-06-15 00:03:30,464] {standard_task_runner.py:89} ERROR - Failed to execute job 116 for task dbt_run
Traceback (most recent call last):
  File "/home/airflow/.local/lib/python3.8/site-packages/airflow/task/task_runner/standard_task_runner.py", line 85, in _start_by_fork
    args.func(args, dag=self.dag)
  File "/home/airflow/.local/lib/python3.8/site-packages/airflow/cli/cli_parser.py", line 48, in command
    return func(*args, **kwargs)
  File "/home/airflow/.local/lib/python3.8/site-packages/airflow/utils/cli.py", line 92, in wrapper
    return f(*args, **kwargs)
  File "/home/airflow/.local/lib/python3.8/site-packages/airflow/cli/commands/task_command.py", line 298, in task_run
    _run_task_by_selected_method(args, dag, ti)
  File "/home/airflow/.local/lib/python3.8/site-packages/airflow/cli/commands/task_command.py", line 107, in _run_task_by_selected_method
    _run_raw_task(args, ti)
  File "/home/airflow/.local/lib/python3.8/site-packages/airflow/cli/commands/task_command.py", line 180, in _run_raw_task
    ti._run_raw_task(
  File "/home/airflow/.local/lib/python3.8/site-packages/airflow/utils/session.py", line 70, in wrapper
    return func(*args, session=session, **kwargs)
  File "/home/airflow/.local/lib/python3.8/site-packages/airflow/models/taskinstance.py", line 1334, in _run_raw_task
    self._execute_task_with_callbacks(context)
  File "/home/airflow/.local/lib/python3.8/site-packages/airflow/models/taskinstance.py", line 1460, in _execute_task_with_callbacks
    result = self._execute_task(context, self.task)
  File "/home/airflow/.local/lib/python3.8/site-packages/airflow/models/taskinstance.py", line 1516, in _execute_task
    result = execute_callable(context=context)
  File "/home/airflow/.local/lib/python3.8/site-packages/airflow/operators/bash.py", line 187, in execute
    raise AirflowException(
airflow.exceptions.AirflowException: Bash command failed. The command returned a non-zero exit code 2.
[2022-06-15 00:03:30,502] {local_task_job.py:154} INFO - Task exited with return code 1
[2022-06-15 00:03:30,533] {local_task_job.py:264} INFO - 0 downstream tasks scheduled from follow-on schedule check
