[2022-06-15 17:58:51,601] {taskinstance.py:1037} INFO - Dependencies all met for <TaskInstance: match_details_dag.dbt_run manual__2022-06-15T00:01:53.911524+00:00 [None]>
[2022-06-15 17:58:51,611] {taskinstance.py:1037} INFO - Dependencies all met for <TaskInstance: match_details_dag.dbt_run manual__2022-06-15T00:01:53.911524+00:00 [None]>
[2022-06-15 17:58:51,611] {taskinstance.py:1243} INFO - 
--------------------------------------------------------------------------------
[2022-06-15 17:58:51,611] {taskinstance.py:1244} INFO - Starting attempt 4 of 5
[2022-06-15 17:58:51,611] {taskinstance.py:1245} INFO - 
--------------------------------------------------------------------------------
[2022-06-15 17:58:51,622] {taskinstance.py:1264} INFO - Executing <Task(BashOperator): dbt_run> on 2022-06-15 00:01:53.911524+00:00
[2022-06-15 17:58:51,626] {standard_task_runner.py:52} INFO - Started process 104 to run task
[2022-06-15 17:58:51,628] {standard_task_runner.py:76} INFO - Running: ['***', 'tasks', 'run', 'match_details_dag', 'dbt_run', 'manual__2022-06-15T00:01:53.911524+00:00', '--job-id', '121', '--pool', 'default_pool', '--raw', '--subdir', 'DAGS_FOLDER/matchData_dag.py', '--cfg-path', '/tmp/tmpefx_dang', '--error-file', '/tmp/tmp5kejxj7l']
[2022-06-15 17:58:51,629] {standard_task_runner.py:77} INFO - Job 121: Subtask dbt_run
[2022-06-15 17:58:51,669] {logging_mixin.py:109} INFO - Running <TaskInstance: match_details_dag.dbt_run manual__2022-06-15T00:01:53.911524+00:00 [running]> on host ebe3cc7dbee2
[2022-06-15 17:58:51,708] {taskinstance.py:1429} INFO - Exporting the following env vars:
AIRFLOW_CTX_DAG_OWNER=admin
AIRFLOW_CTX_DAG_ID=match_details_dag
AIRFLOW_CTX_TASK_ID=dbt_run
AIRFLOW_CTX_EXECUTION_DATE=2022-06-15T00:01:53.911524+00:00
AIRFLOW_CTX_DAG_RUN_ID=manual__2022-06-15T00:01:53.911524+00:00
[2022-06-15 17:58:51,708] {subprocess.py:62} INFO - Tmp dir root location: 
 /tmp
[2022-06-15 17:58:51,709] {subprocess.py:74} INFO - Running command: ['bash', '-c', 'cd /opt/***/dbt && dbt deps && dbt run']
[2022-06-15 17:58:51,717] {subprocess.py:85} INFO - Output:
[2022-06-15 17:58:54,940] {subprocess.py:89} INFO - 17:58:54  Running with dbt=1.1.0
[2022-06-15 17:58:55,438] {subprocess.py:89} INFO - 17:58:55  Installing dbt-labs/dbt_utils
[2022-06-15 17:58:56,040] {subprocess.py:89} INFO - 17:58:56    Installed from version 0.8.5
[2022-06-15 17:58:56,041] {subprocess.py:89} INFO - 17:58:56    Up to date!
[2022-06-15 17:59:00,865] {subprocess.py:89} INFO - 17:59:00  Running with dbt=1.1.0
[2022-06-15 17:59:01,083] {subprocess.py:89} INFO - 17:59:01  Found 14 models, 28 tests, 0 snapshots, 0 analyses, 400 macros, 0 operations, 0 seed files, 14 sources, 0 exposures, 0 metrics
[2022-06-15 17:59:01,086] {subprocess.py:89} INFO - 17:59:01
[2022-06-15 17:59:03,168] {subprocess.py:89} INFO - 17:59:03  Concurrency: 10 threads (target='dev')
[2022-06-15 17:59:03,168] {subprocess.py:89} INFO - 17:59:03
[2022-06-15 17:59:03,190] {subprocess.py:89} INFO - 17:59:03  1 of 14 START table model PUBLIC.final_champions ............................... [RUN]
[2022-06-15 17:59:03,194] {subprocess.py:89} INFO - 17:59:03  2 of 14 START table model PUBLIC.final_items ................................... [RUN]
[2022-06-15 17:59:03,197] {subprocess.py:89} INFO - 17:59:03  3 of 14 START table model PUBLIC.final_maps .................................... [RUN]
[2022-06-15 17:59:03,199] {subprocess.py:89} INFO - 17:59:03  4 of 14 START incremental model PUBLIC.final_match_details ..................... [RUN]
[2022-06-15 17:59:03,200] {subprocess.py:89} INFO - 17:59:03  5 of 14 START incremental model PUBLIC.final_match_info ........................ [RUN]
[2022-06-15 17:59:03,201] {subprocess.py:89} INFO - 17:59:03  6 of 14 START table model PUBLIC.final_runes_reforged .......................... [RUN]
[2022-06-15 17:59:03,202] {subprocess.py:89} INFO - 17:59:03  7 of 14 START table model PUBLIC.final_summonerspells .......................... [RUN]
[2022-06-15 17:59:03,203] {subprocess.py:89} INFO - 17:59:03  8 of 14 START view model PUBLIC.stg_champions .................................. [RUN]
[2022-06-15 17:59:03,204] {subprocess.py:89} INFO - 17:59:03  9 of 14 START view model PUBLIC.stg_items ...................................... [RUN]
[2022-06-15 17:59:03,205] {subprocess.py:89} INFO - 17:59:03  10 of 14 START view model PUBLIC.stg_maps ...................................... [RUN]
[2022-06-15 17:59:07,028] {subprocess.py:89} INFO - 17:59:07  4 of 14 ERROR creating incremental model PUBLIC.final_match_details ............ [[31mERROR[0m in 3.83s]
[2022-06-15 17:59:07,032] {subprocess.py:89} INFO - 17:59:07  11 of 14 START view model PUBLIC.stg_match_details ............................. [RUN]
[2022-06-15 17:59:07,126] {subprocess.py:89} INFO - 17:59:07  2 of 14 ERROR creating table model PUBLIC.final_items .......................... [[31mERROR[0m in 3.93s]
[2022-06-15 17:59:07,128] {subprocess.py:89} INFO - 17:59:07  12 of 14 START view model PUBLIC.stg_match_info ................................ [RUN]
[2022-06-15 17:59:07,612] {subprocess.py:89} INFO - 17:59:07  10 of 14 OK created view model PUBLIC.stg_maps ................................. [[32mSUCCESS 1[0m in 4.40s]
[2022-06-15 17:59:07,637] {subprocess.py:89} INFO - 17:59:07  13 of 14 START view model PUBLIC.stg_runes_reforged ............................ [RUN]
[2022-06-15 17:59:07,706] {subprocess.py:89} INFO - 17:59:07  5 of 14 ERROR creating incremental model PUBLIC.final_match_info ............... [[31mERROR[0m in 4.49s]
[2022-06-15 17:59:07,707] {subprocess.py:89} INFO - 17:59:07  8 of 14 OK created view model PUBLIC.stg_champions ............................. [[32mSUCCESS 1[0m in 4.49s]
[2022-06-15 17:59:07,716] {subprocess.py:89} INFO - 17:59:07  9 of 14 ERROR creating view model PUBLIC.stg_items ............................. [[31mERROR[0m in 4.49s]
[2022-06-15 17:59:07,719] {subprocess.py:89} INFO - 17:59:07  3 of 14 ERROR creating table model PUBLIC.final_maps ........................... [[31mERROR[0m in 4.51s]
[2022-06-15 17:59:07,726] {subprocess.py:89} INFO - 17:59:07  14 of 14 START view model PUBLIC.stg_summonerspells ............................ [RUN]
[2022-06-15 17:59:08,092] {subprocess.py:89} INFO - 17:59:08  1 of 14 OK created table model PUBLIC.final_champions .......................... [[32mSUCCESS 1[0m in 4.89s]
[2022-06-15 17:59:08,141] {subprocess.py:89} INFO - 17:59:08  7 of 14 OK created table model PUBLIC.final_summonerspells ..................... [[32mSUCCESS 1[0m in 4.93s]
[2022-06-15 17:59:08,590] {subprocess.py:89} INFO - 17:59:08  12 of 14 OK created view model PUBLIC.stg_match_info ........................... [[32mSUCCESS 1[0m in 1.46s]
[2022-06-15 17:59:08,831] {subprocess.py:89} INFO - 17:59:08  6 of 14 OK created table model PUBLIC.final_runes_reforged ..................... [[32mSUCCESS 1[0m in 5.63s]
[2022-06-15 17:59:08,890] {subprocess.py:89} INFO - 17:59:08  11 of 14 OK created view model PUBLIC.stg_match_details ........................ [[32mSUCCESS 1[0m in 1.86s]
[2022-06-15 17:59:09,109] {subprocess.py:89} INFO - 17:59:09  13 of 14 OK created view model PUBLIC.stg_runes_reforged ....................... [[32mSUCCESS 1[0m in 1.47s]
[2022-06-15 17:59:09,162] {subprocess.py:89} INFO - 17:59:09  14 of 14 OK created view model PUBLIC.stg_summonerspells ....................... [[32mSUCCESS 1[0m in 1.44s]
[2022-06-15 17:59:09,167] {subprocess.py:89} INFO - 17:59:09
[2022-06-15 17:59:09,167] {subprocess.py:89} INFO - 17:59:09  Finished running 2 incremental models, 5 table models, 7 view models in 8.08s.
[2022-06-15 17:59:09,184] {subprocess.py:89} INFO - 17:59:09
[2022-06-15 17:59:09,184] {subprocess.py:89} INFO - 17:59:09  [31mCompleted with 5 errors and 0 warnings:[0m
[2022-06-15 17:59:09,185] {subprocess.py:89} INFO - 17:59:09
[2022-06-15 17:59:09,185] {subprocess.py:89} INFO - 17:59:09  [33mDatabase Error in model final_match_details (models/warehouse/final_match_details.sql)[0m
[2022-06-15 17:59:09,185] {subprocess.py:89} INFO - 17:59:09    000904 (42000): SQL compilation error: error line 120 at position 12
[2022-06-15 17:59:09,186] {subprocess.py:89} INFO - 17:59:09    invalid identifier 'MATCH_ID'
[2022-06-15 17:59:09,187] {subprocess.py:89} INFO - 17:59:09
[2022-06-15 17:59:09,187] {subprocess.py:89} INFO - 17:59:09  [33mDatabase Error in model final_items (models/warehouse/final_items.sql)[0m
[2022-06-15 17:59:09,188] {subprocess.py:89} INFO - 17:59:09    000904 (42000): SQL compilation error: error line 16 at position 8
[2022-06-15 17:59:09,188] {subprocess.py:89} INFO - 17:59:09    invalid identifier 'STAT_NAME'
[2022-06-15 17:59:09,188] {subprocess.py:89} INFO - 17:59:09    compiled SQL at target/run/leagueoflegendsdbt/models/warehouse/final_items.sql
[2022-06-15 17:59:09,189] {subprocess.py:89} INFO - 17:59:09
[2022-06-15 17:59:09,189] {subprocess.py:89} INFO - 17:59:09  [33mDatabase Error in model final_match_info (models/warehouse/final_match_info.sql)[0m
[2022-06-15 17:59:09,190] {subprocess.py:89} INFO - 17:59:09    000904 (42000): SQL compilation error: error line 26 at position 12
[2022-06-15 17:59:09,190] {subprocess.py:89} INFO - 17:59:09    invalid identifier 'MATCH_ID'
[2022-06-15 17:59:09,190] {subprocess.py:89} INFO - 17:59:09
[2022-06-15 17:59:09,191] {subprocess.py:89} INFO - 17:59:09  [33mDatabase Error in model stg_items (models/staging_datadragon/stg_items.sql)[0m
[2022-06-15 17:59:09,191] {subprocess.py:89} INFO - 17:59:09    000904 (42000): SQL compilation error: error line 126 at position 9
[2022-06-15 17:59:09,192] {subprocess.py:89} INFO - 17:59:09    invalid identifier 'ID'
[2022-06-15 17:59:09,192] {subprocess.py:89} INFO - 17:59:09    compiled SQL at target/run/leagueoflegendsdbt/models/staging_datadragon/stg_items.sql
[2022-06-15 17:59:09,193] {subprocess.py:89} INFO - 17:59:09
[2022-06-15 17:59:09,194] {subprocess.py:89} INFO - 17:59:09  [33mDatabase Error in model final_maps (models/warehouse/final_maps.sql)[0m
[2022-06-15 17:59:09,194] {subprocess.py:89} INFO - 17:59:09    002003 (42S02): SQL compilation error:
[2022-06-15 17:59:09,194] {subprocess.py:89} INFO - 17:59:09    Object 'STG_DATADRAGON_MAPS' does not exist or not authorized.
[2022-06-15 17:59:09,195] {subprocess.py:89} INFO - 17:59:09    compiled SQL at target/run/leagueoflegendsdbt/models/warehouse/final_maps.sql
[2022-06-15 17:59:09,195] {subprocess.py:89} INFO - 17:59:09
[2022-06-15 17:59:09,196] {subprocess.py:89} INFO - 17:59:09  Done. PASS=9 WARN=0 ERROR=5 SKIP=0 TOTAL=14
[2022-06-15 17:59:10,002] {subprocess.py:93} INFO - Command exited with return code 1
[2022-06-15 17:59:10,014] {taskinstance.py:1718} ERROR - Task failed with exception
Traceback (most recent call last):
  File "/home/airflow/.local/lib/python3.8/site-packages/airflow/models/taskinstance.py", line 1334, in _run_raw_task
    self._execute_task_with_callbacks(context)
  File "/home/airflow/.local/lib/python3.8/site-packages/airflow/models/taskinstance.py", line 1460, in _execute_task_with_callbacks
    result = self._execute_task(context, self.task)
  File "/home/airflow/.local/lib/python3.8/site-packages/airflow/models/taskinstance.py", line 1516, in _execute_task
    result = execute_callable(context=context)
  File "/home/airflow/.local/lib/python3.8/site-packages/airflow/operators/bash.py", line 187, in execute
    raise AirflowException(
airflow.exceptions.AirflowException: Bash command failed. The command returned a non-zero exit code 1.
[2022-06-15 17:59:10,019] {taskinstance.py:1272} INFO - Marking task as UP_FOR_RETRY. dag_id=match_details_dag, task_id=dbt_run, execution_date=20220615T000153, start_date=20220615T175851, end_date=20220615T175910
[2022-06-15 17:59:10,031] {standard_task_runner.py:89} ERROR - Failed to execute job 121 for task dbt_run
Traceback (most recent call last):
  File "/home/airflow/.local/lib/python3.8/site-packages/airflow/task/task_runner/standard_task_runner.py", line 85, in _start_by_fork
    args.func(args, dag=self.dag)
  File "/home/airflow/.local/lib/python3.8/site-packages/airflow/cli/cli_parser.py", line 48, in command
    return func(*args, **kwargs)
  File "/home/airflow/.local/lib/python3.8/site-packages/airflow/utils/cli.py", line 92, in wrapper
    return f(*args, **kwargs)
  File "/home/airflow/.local/lib/python3.8/site-packages/airflow/cli/commands/task_command.py", line 298, in task_run
    _run_task_by_selected_method(args, dag, ti)
  File "/home/airflow/.local/lib/python3.8/site-packages/airflow/cli/commands/task_command.py", line 107, in _run_task_by_selected_method
    _run_raw_task(args, ti)
  File "/home/airflow/.local/lib/python3.8/site-packages/airflow/cli/commands/task_command.py", line 180, in _run_raw_task
    ti._run_raw_task(
  File "/home/airflow/.local/lib/python3.8/site-packages/airflow/utils/session.py", line 70, in wrapper
    return func(*args, session=session, **kwargs)
  File "/home/airflow/.local/lib/python3.8/site-packages/airflow/models/taskinstance.py", line 1334, in _run_raw_task
    self._execute_task_with_callbacks(context)
  File "/home/airflow/.local/lib/python3.8/site-packages/airflow/models/taskinstance.py", line 1460, in _execute_task_with_callbacks
    result = self._execute_task(context, self.task)
  File "/home/airflow/.local/lib/python3.8/site-packages/airflow/models/taskinstance.py", line 1516, in _execute_task
    result = execute_callable(context=context)
  File "/home/airflow/.local/lib/python3.8/site-packages/airflow/operators/bash.py", line 187, in execute
    raise AirflowException(
airflow.exceptions.AirflowException: Bash command failed. The command returned a non-zero exit code 1.
[2022-06-15 17:59:10,052] {local_task_job.py:154} INFO - Task exited with return code 1
[2022-06-15 17:59:10,083] {local_task_job.py:264} INFO - 0 downstream tasks scheduled from follow-on schedule check
