[2022-06-15 18:08:33,007] {taskinstance.py:1037} INFO - Dependencies all met for <TaskInstance: match_details_dag.dbt_run manual__2022-06-15T00:01:53.911524+00:00 [None]>
[2022-06-15 18:08:33,016] {taskinstance.py:1037} INFO - Dependencies all met for <TaskInstance: match_details_dag.dbt_run manual__2022-06-15T00:01:53.911524+00:00 [None]>
[2022-06-15 18:08:33,016] {taskinstance.py:1243} INFO - 
--------------------------------------------------------------------------------
[2022-06-15 18:08:33,016] {taskinstance.py:1244} INFO - Starting attempt 5 of 6
[2022-06-15 18:08:33,016] {taskinstance.py:1245} INFO - 
--------------------------------------------------------------------------------
[2022-06-15 18:08:33,026] {taskinstance.py:1264} INFO - Executing <Task(BashOperator): dbt_run> on 2022-06-15 00:01:53.911524+00:00
[2022-06-15 18:08:33,030] {standard_task_runner.py:52} INFO - Started process 161 to run task
[2022-06-15 18:08:33,032] {standard_task_runner.py:76} INFO - Running: ['***', 'tasks', 'run', 'match_details_dag', 'dbt_run', 'manual__2022-06-15T00:01:53.911524+00:00', '--job-id', '122', '--pool', 'default_pool', '--raw', '--subdir', 'DAGS_FOLDER/matchData_dag.py', '--cfg-path', '/tmp/tmp848ocg8s', '--error-file', '/tmp/tmpm73i7vrw']
[2022-06-15 18:08:33,032] {standard_task_runner.py:77} INFO - Job 122: Subtask dbt_run
[2022-06-15 18:08:33,070] {logging_mixin.py:109} INFO - Running <TaskInstance: match_details_dag.dbt_run manual__2022-06-15T00:01:53.911524+00:00 [running]> on host ebe3cc7dbee2
[2022-06-15 18:08:33,110] {taskinstance.py:1429} INFO - Exporting the following env vars:
AIRFLOW_CTX_DAG_OWNER=admin
AIRFLOW_CTX_DAG_ID=match_details_dag
AIRFLOW_CTX_TASK_ID=dbt_run
AIRFLOW_CTX_EXECUTION_DATE=2022-06-15T00:01:53.911524+00:00
AIRFLOW_CTX_DAG_RUN_ID=manual__2022-06-15T00:01:53.911524+00:00
[2022-06-15 18:08:33,111] {subprocess.py:62} INFO - Tmp dir root location: 
 /tmp
[2022-06-15 18:08:33,112] {subprocess.py:74} INFO - Running command: ['bash', '-c', 'cd /opt/***/dbt && dbt deps && dbt run']
[2022-06-15 18:08:33,120] {subprocess.py:85} INFO - Output:
[2022-06-15 18:08:36,019] {subprocess.py:89} INFO - 18:08:36  Running with dbt=1.1.0
[2022-06-15 18:08:36,370] {subprocess.py:89} INFO - 18:08:36  Installing dbt-labs/dbt_utils
[2022-06-15 18:08:36,944] {subprocess.py:89} INFO - 18:08:36    Installed from version 0.8.5
[2022-06-15 18:08:36,944] {subprocess.py:89} INFO - 18:08:36    Up to date!
[2022-06-15 18:08:41,393] {subprocess.py:89} INFO - 18:08:41  Running with dbt=1.1.0
[2022-06-15 18:08:41,618] {subprocess.py:89} INFO - 18:08:41  Found 14 models, 28 tests, 0 snapshots, 0 analyses, 400 macros, 0 operations, 0 seed files, 14 sources, 0 exposures, 0 metrics
[2022-06-15 18:08:41,623] {subprocess.py:89} INFO - 18:08:41
[2022-06-15 18:08:43,569] {subprocess.py:89} INFO - 18:08:43  Concurrency: 10 threads (target='dev')
[2022-06-15 18:08:43,569] {subprocess.py:89} INFO - 18:08:43
[2022-06-15 18:08:43,592] {subprocess.py:89} INFO - 18:08:43  1 of 14 START table model PUBLIC.final_champions ............................... [RUN]
[2022-06-15 18:08:43,593] {subprocess.py:89} INFO - 18:08:43  2 of 14 START table model PUBLIC.final_items ................................... [RUN]
[2022-06-15 18:08:43,596] {subprocess.py:89} INFO - 18:08:43  3 of 14 START table model PUBLIC.final_maps .................................... [RUN]
[2022-06-15 18:08:43,598] {subprocess.py:89} INFO - 18:08:43  4 of 14 START incremental model PUBLIC.final_match_details ..................... [RUN]
[2022-06-15 18:08:43,599] {subprocess.py:89} INFO - 18:08:43  5 of 14 START incremental model PUBLIC.final_match_info ........................ [RUN]
[2022-06-15 18:08:43,600] {subprocess.py:89} INFO - 18:08:43  6 of 14 START table model PUBLIC.final_runes_reforged .......................... [RUN]
[2022-06-15 18:08:43,603] {subprocess.py:89} INFO - 18:08:43  7 of 14 START table model PUBLIC.final_summonerspells .......................... [RUN]
[2022-06-15 18:08:43,604] {subprocess.py:89} INFO - 18:08:43  8 of 14 START view model PUBLIC.stg_champions .................................. [RUN]
[2022-06-15 18:08:43,605] {subprocess.py:89} INFO - 18:08:43  9 of 14 START view model PUBLIC.stg_items ...................................... [RUN]
[2022-06-15 18:08:43,606] {subprocess.py:89} INFO - 18:08:43  10 of 14 START view model PUBLIC.stg_maps ...................................... [RUN]
[2022-06-15 18:08:47,544] {subprocess.py:89} INFO - 18:08:47  10 of 14 OK created view model PUBLIC.stg_maps ................................. [[32mSUCCESS 1[0m in 3.94s]
[2022-06-15 18:08:47,545] {subprocess.py:89} INFO - 18:08:47  11 of 14 START view model PUBLIC.stg_match_details ............................. [RUN]
[2022-06-15 18:08:47,751] {subprocess.py:89} INFO - 18:08:47  3 of 14 OK created table model PUBLIC.final_maps ............................... [[32mSUCCESS 1[0m in 4.15s]
[2022-06-15 18:08:47,859] {subprocess.py:89} INFO - 18:08:47  12 of 14 START view model PUBLIC.stg_match_info ................................ [RUN]
[2022-06-15 18:08:48,022] {subprocess.py:89} INFO - 18:08:48  8 of 14 OK created view model PUBLIC.stg_champions ............................. [[32mSUCCESS 1[0m in 4.42s]
[2022-06-15 18:08:48,023] {subprocess.py:89} INFO - 18:08:48  13 of 14 START view model PUBLIC.stg_runes_reforged ............................ [RUN]
[2022-06-15 18:08:48,043] {subprocess.py:89} INFO - 18:08:48  2 of 14 ERROR creating table model PUBLIC.final_items .......................... [[31mERROR[0m in 4.45s]
[2022-06-15 18:08:48,044] {subprocess.py:89} INFO - 18:08:48  14 of 14 START view model PUBLIC.stg_summonerspells ............................ [RUN]
[2022-06-15 18:08:48,061] {subprocess.py:89} INFO - 18:08:48  9 of 14 OK created view model PUBLIC.stg_items ................................. [[32mSUCCESS 1[0m in 4.45s]
[2022-06-15 18:08:48,270] {subprocess.py:89} INFO - 18:08:48  4 of 14 ERROR creating incremental model PUBLIC.final_match_details ............ [[31mERROR[0m in 4.67s]
[2022-06-15 18:08:48,482] {subprocess.py:89} INFO - 18:08:48  1 of 14 OK created table model PUBLIC.final_champions .......................... [[32mSUCCESS 1[0m in 4.81s]
[2022-06-15 18:08:48,761] {subprocess.py:89} INFO - 18:08:48  6 of 14 OK created table model PUBLIC.final_runes_reforged ..................... [[32mSUCCESS 1[0m in 5.16s]
[2022-06-15 18:08:48,999] {subprocess.py:89} INFO - 18:08:48  12 of 14 OK created view model PUBLIC.stg_match_info ........................... [[32mSUCCESS 1[0m in 1.13s]
[2022-06-15 18:08:49,029] {subprocess.py:89} INFO - 18:08:49  11 of 14 OK created view model PUBLIC.stg_match_details ........................ [[32mSUCCESS 1[0m in 1.48s]
[2022-06-15 18:08:49,142] {subprocess.py:89} INFO - 18:08:49  7 of 14 OK created table model PUBLIC.final_summonerspells ..................... [[32mSUCCESS 1[0m in 5.54s]
[2022-06-15 18:08:49,321] {subprocess.py:89} INFO - 18:08:49  5 of 14 ERROR creating incremental model PUBLIC.final_match_info ............... [[31mERROR[0m in 5.72s]
[2022-06-15 18:08:49,328] {subprocess.py:89} INFO - 18:08:49  14 of 14 OK created view model PUBLIC.stg_summonerspells ....................... [[32mSUCCESS 1[0m in 1.28s]
[2022-06-15 18:08:49,441] {subprocess.py:89} INFO - 18:08:49  13 of 14 OK created view model PUBLIC.stg_runes_reforged ....................... [[32mSUCCESS 1[0m in 1.42s]
[2022-06-15 18:08:49,445] {subprocess.py:89} INFO - 18:08:49
[2022-06-15 18:08:49,445] {subprocess.py:89} INFO - 18:08:49  Finished running 7 view models, 5 table models, 2 incremental models in 7.82s.
[2022-06-15 18:08:49,459] {subprocess.py:89} INFO - 18:08:49
[2022-06-15 18:08:49,460] {subprocess.py:89} INFO - 18:08:49  [31mCompleted with 3 errors and 0 warnings:[0m
[2022-06-15 18:08:49,460] {subprocess.py:89} INFO - 18:08:49
[2022-06-15 18:08:49,460] {subprocess.py:89} INFO - 18:08:49  [33mDatabase Error in model final_items (models/warehouse/final_items.sql)[0m
[2022-06-15 18:08:49,460] {subprocess.py:89} INFO - 18:08:49    000904 (42000): SQL compilation error: error line 20 at position 8
[2022-06-15 18:08:49,461] {subprocess.py:89} INFO - 18:08:49    invalid identifier 'FLATHPPOOLMOD'
[2022-06-15 18:08:49,461] {subprocess.py:89} INFO - 18:08:49    compiled SQL at target/run/leagueoflegendsdbt/models/warehouse/final_items.sql
[2022-06-15 18:08:49,461] {subprocess.py:89} INFO - 18:08:49
[2022-06-15 18:08:49,462] {subprocess.py:89} INFO - 18:08:49  [33mDatabase Error in model final_match_details (models/warehouse/final_match_details.sql)[0m
[2022-06-15 18:08:49,462] {subprocess.py:89} INFO - 18:08:49    000904 (42000): SQL compilation error: error line 4 at position 16
[2022-06-15 18:08:49,462] {subprocess.py:89} INFO - 18:08:49    invalid identifier 'DBT_INTERNAL_SOURCE.MATCH_ID'
[2022-06-15 18:08:49,463] {subprocess.py:89} INFO - 18:08:49    compiled SQL at target/run/leagueoflegendsdbt/models/warehouse/final_match_details.sql
[2022-06-15 18:08:49,463] {subprocess.py:89} INFO - 18:08:49
[2022-06-15 18:08:49,463] {subprocess.py:89} INFO - 18:08:49  [33mDatabase Error in model final_match_info (models/warehouse/final_match_info.sql)[0m
[2022-06-15 18:08:49,464] {subprocess.py:89} INFO - 18:08:49    000904 (42000): SQL compilation error: error line 4 at position 16
[2022-06-15 18:08:49,464] {subprocess.py:89} INFO - 18:08:49    invalid identifier 'DBT_INTERNAL_SOURCE.MATCH_ID'
[2022-06-15 18:08:49,464] {subprocess.py:89} INFO - 18:08:49    compiled SQL at target/run/leagueoflegendsdbt/models/warehouse/final_match_info.sql
[2022-06-15 18:08:49,465] {subprocess.py:89} INFO - 18:08:49
[2022-06-15 18:08:49,465] {subprocess.py:89} INFO - 18:08:49  Done. PASS=11 WARN=0 ERROR=3 SKIP=0 TOTAL=14
[2022-06-15 18:08:50,229] {subprocess.py:93} INFO - Command exited with return code 1
[2022-06-15 18:08:50,243] {taskinstance.py:1718} ERROR - Task failed with exception
Traceback (most recent call last):
  File "/home/airflow/.local/lib/python3.8/site-packages/airflow/models/taskinstance.py", line 1334, in _run_raw_task
    self._execute_task_with_callbacks(context)
  File "/home/airflow/.local/lib/python3.8/site-packages/airflow/models/taskinstance.py", line 1460, in _execute_task_with_callbacks
    result = self._execute_task(context, self.task)
  File "/home/airflow/.local/lib/python3.8/site-packages/airflow/models/taskinstance.py", line 1516, in _execute_task
    result = execute_callable(context=context)
  File "/home/airflow/.local/lib/python3.8/site-packages/airflow/operators/bash.py", line 187, in execute
    raise AirflowException(
airflow.exceptions.AirflowException: Bash command failed. The command returned a non-zero exit code 1.
[2022-06-15 18:08:50,250] {taskinstance.py:1272} INFO - Marking task as UP_FOR_RETRY. dag_id=match_details_dag, task_id=dbt_run, execution_date=20220615T000153, start_date=20220615T180833, end_date=20220615T180850
[2022-06-15 18:08:50,264] {standard_task_runner.py:89} ERROR - Failed to execute job 122 for task dbt_run
Traceback (most recent call last):
  File "/home/airflow/.local/lib/python3.8/site-packages/airflow/task/task_runner/standard_task_runner.py", line 85, in _start_by_fork
    args.func(args, dag=self.dag)
  File "/home/airflow/.local/lib/python3.8/site-packages/airflow/cli/cli_parser.py", line 48, in command
    return func(*args, **kwargs)
  File "/home/airflow/.local/lib/python3.8/site-packages/airflow/utils/cli.py", line 92, in wrapper
    return f(*args, **kwargs)
  File "/home/airflow/.local/lib/python3.8/site-packages/airflow/cli/commands/task_command.py", line 298, in task_run
    _run_task_by_selected_method(args, dag, ti)
  File "/home/airflow/.local/lib/python3.8/site-packages/airflow/cli/commands/task_command.py", line 107, in _run_task_by_selected_method
    _run_raw_task(args, ti)
  File "/home/airflow/.local/lib/python3.8/site-packages/airflow/cli/commands/task_command.py", line 180, in _run_raw_task
    ti._run_raw_task(
  File "/home/airflow/.local/lib/python3.8/site-packages/airflow/utils/session.py", line 70, in wrapper
    return func(*args, session=session, **kwargs)
  File "/home/airflow/.local/lib/python3.8/site-packages/airflow/models/taskinstance.py", line 1334, in _run_raw_task
    self._execute_task_with_callbacks(context)
  File "/home/airflow/.local/lib/python3.8/site-packages/airflow/models/taskinstance.py", line 1460, in _execute_task_with_callbacks
    result = self._execute_task(context, self.task)
  File "/home/airflow/.local/lib/python3.8/site-packages/airflow/models/taskinstance.py", line 1516, in _execute_task
    result = execute_callable(context=context)
  File "/home/airflow/.local/lib/python3.8/site-packages/airflow/operators/bash.py", line 187, in execute
    raise AirflowException(
airflow.exceptions.AirflowException: Bash command failed. The command returned a non-zero exit code 1.
[2022-06-15 18:08:50,308] {local_task_job.py:154} INFO - Task exited with return code 1
[2022-06-15 18:08:50,350] {local_task_job.py:264} INFO - 0 downstream tasks scheduled from follow-on schedule check
