[2022-06-15 19:41:33,751] {taskinstance.py:1037} INFO - Dependencies all met for <TaskInstance: match_details_dag.dbt_run manual__2022-06-15T00:01:53.911524+00:00 [None]>
[2022-06-15 19:41:33,762] {taskinstance.py:1037} INFO - Dependencies all met for <TaskInstance: match_details_dag.dbt_run manual__2022-06-15T00:01:53.911524+00:00 [None]>
[2022-06-15 19:41:33,762] {taskinstance.py:1243} INFO - 
--------------------------------------------------------------------------------
[2022-06-15 19:41:33,762] {taskinstance.py:1244} INFO - Starting attempt 9 of 10
[2022-06-15 19:41:33,762] {taskinstance.py:1245} INFO - 
--------------------------------------------------------------------------------
[2022-06-15 19:41:33,773] {taskinstance.py:1264} INFO - Executing <Task(BashOperator): dbt_run> on 2022-06-15 00:01:53.911524+00:00
[2022-06-15 19:41:33,777] {standard_task_runner.py:52} INFO - Started process 373 to run task
[2022-06-15 19:41:33,779] {standard_task_runner.py:76} INFO - Running: ['***', 'tasks', 'run', 'match_details_dag', 'dbt_run', 'manual__2022-06-15T00:01:53.911524+00:00', '--job-id', '126', '--pool', 'default_pool', '--raw', '--subdir', 'DAGS_FOLDER/matchData_dag.py', '--cfg-path', '/tmp/tmpupk86l30', '--error-file', '/tmp/tmpkg95j1m_']
[2022-06-15 19:41:33,780] {standard_task_runner.py:77} INFO - Job 126: Subtask dbt_run
[2022-06-15 19:41:33,826] {logging_mixin.py:109} INFO - Running <TaskInstance: match_details_dag.dbt_run manual__2022-06-15T00:01:53.911524+00:00 [running]> on host ebe3cc7dbee2
[2022-06-15 19:41:33,865] {taskinstance.py:1429} INFO - Exporting the following env vars:
AIRFLOW_CTX_DAG_OWNER=admin
AIRFLOW_CTX_DAG_ID=match_details_dag
AIRFLOW_CTX_TASK_ID=dbt_run
AIRFLOW_CTX_EXECUTION_DATE=2022-06-15T00:01:53.911524+00:00
AIRFLOW_CTX_DAG_RUN_ID=manual__2022-06-15T00:01:53.911524+00:00
[2022-06-15 19:41:33,866] {subprocess.py:62} INFO - Tmp dir root location: 
 /tmp
[2022-06-15 19:41:33,866] {subprocess.py:74} INFO - Running command: ['bash', '-c', 'cd /opt/***/dbt && dbt deps && dbt run']
[2022-06-15 19:41:33,875] {subprocess.py:85} INFO - Output:
[2022-06-15 19:41:37,029] {subprocess.py:89} INFO - 19:41:37  Running with dbt=1.1.0
[2022-06-15 19:41:37,366] {subprocess.py:89} INFO - 19:41:37  Installing dbt-labs/dbt_utils
[2022-06-15 19:41:37,976] {subprocess.py:89} INFO - 19:41:37    Installed from version 0.8.5
[2022-06-15 19:41:37,976] {subprocess.py:89} INFO - 19:41:37    Up to date!
[2022-06-15 19:41:42,856] {subprocess.py:89} INFO - 19:41:42  Running with dbt=1.1.0
[2022-06-15 19:41:43,030] {subprocess.py:89} INFO - 19:41:43  Found 14 models, 28 tests, 0 snapshots, 0 analyses, 400 macros, 0 operations, 0 seed files, 14 sources, 0 exposures, 0 metrics
[2022-06-15 19:41:43,035] {subprocess.py:89} INFO - 19:41:43
[2022-06-15 19:41:45,079] {subprocess.py:89} INFO - 19:41:45  Concurrency: 10 threads (target='dev')
[2022-06-15 19:41:45,079] {subprocess.py:89} INFO - 19:41:45
[2022-06-15 19:41:45,162] {subprocess.py:89} INFO - 19:41:45  1 of 14 START table model PUBLIC.final_champions ............................... [RUN]
[2022-06-15 19:41:45,165] {subprocess.py:89} INFO - 19:41:45  2 of 14 START table model PUBLIC.final_items ................................... [RUN]
[2022-06-15 19:41:45,169] {subprocess.py:89} INFO - 19:41:45  3 of 14 START table model PUBLIC.final_maps .................................... [RUN]
[2022-06-15 19:41:45,172] {subprocess.py:89} INFO - 19:41:45  4 of 14 START incremental model PUBLIC.final_match_details ..................... [RUN]
[2022-06-15 19:41:45,174] {subprocess.py:89} INFO - 19:41:45  5 of 14 START incremental model PUBLIC.final_match_info ........................ [RUN]
[2022-06-15 19:41:45,175] {subprocess.py:89} INFO - 19:41:45  6 of 14 START table model PUBLIC.final_runes_reforged .......................... [RUN]
[2022-06-15 19:41:45,175] {subprocess.py:89} INFO - 19:41:45  7 of 14 START table model PUBLIC.final_summonerspells .......................... [RUN]
[2022-06-15 19:41:45,177] {subprocess.py:89} INFO - 19:41:45  8 of 14 START view model PUBLIC.stg_champions .................................. [RUN]
[2022-06-15 19:41:45,178] {subprocess.py:89} INFO - 19:41:45  9 of 14 START view model PUBLIC.stg_items ...................................... [RUN]
[2022-06-15 19:41:45,179] {subprocess.py:89} INFO - 19:41:45  10 of 14 START view model PUBLIC.stg_maps ...................................... [RUN]
[2022-06-15 19:41:49,582] {subprocess.py:89} INFO - 19:41:49  10 of 14 OK created view model PUBLIC.stg_maps ................................. [[32mSUCCESS 1[0m in 4.40s]
[2022-06-15 19:41:49,585] {subprocess.py:89} INFO - 19:41:49  2 of 14 ERROR creating table model PUBLIC.final_items .......................... [[31mERROR[0m in 4.41s]
[2022-06-15 19:41:49,589] {subprocess.py:89} INFO - 19:41:49  11 of 14 START view model PUBLIC.stg_match_details ............................. [RUN]
[2022-06-15 19:41:49,590] {subprocess.py:89} INFO - 19:41:49  12 of 14 START view model PUBLIC.stg_match_info ................................ [RUN]
[2022-06-15 19:41:49,650] {subprocess.py:89} INFO - 19:41:49  9 of 14 OK created view model PUBLIC.stg_items ................................. [[32mSUCCESS 1[0m in 4.47s]
[2022-06-15 19:41:49,652] {subprocess.py:89} INFO - 19:41:49  13 of 14 START view model PUBLIC.stg_runes_reforged ............................ [RUN]
[2022-06-15 19:41:49,989] {subprocess.py:89} INFO - 19:41:49  8 of 14 OK created view model PUBLIC.stg_champions ............................. [[32mSUCCESS 1[0m in 4.68s]
[2022-06-15 19:41:50,038] {subprocess.py:89} INFO - 19:41:50  14 of 14 START view model PUBLIC.stg_summonerspells ............................ [RUN]
[2022-06-15 19:41:50,155] {subprocess.py:89} INFO - 19:41:50  6 of 14 OK created table model PUBLIC.final_runes_reforged ..................... [[32mSUCCESS 1[0m in 4.98s]
[2022-06-15 19:41:50,531] {subprocess.py:89} INFO - 19:41:50  1 of 14 OK created table model PUBLIC.final_champions .......................... [[32mSUCCESS 1[0m in 5.37s]
[2022-06-15 19:41:50,560] {subprocess.py:89} INFO - 19:41:50  3 of 14 OK created table model PUBLIC.final_maps ............................... [[32mSUCCESS 1[0m in 5.39s]
[2022-06-15 19:41:50,615] {subprocess.py:89} INFO - 19:41:50  7 of 14 OK created table model PUBLIC.final_summonerspells ..................... [[32mSUCCESS 1[0m in 5.43s]
[2022-06-15 19:41:51,314] {subprocess.py:89} INFO - 19:41:51  5 of 14 OK created incremental model PUBLIC.final_match_info ................... [[32mSUCCESS 1[0m in 6.14s]
[2022-06-15 19:41:51,424] {subprocess.py:89} INFO - 19:41:51  12 of 14 OK created view model PUBLIC.stg_match_info ........................... [[32mSUCCESS 1[0m in 1.83s]
[2022-06-15 19:41:51,432] {subprocess.py:89} INFO - 19:41:51  14 of 14 OK created view model PUBLIC.stg_summonerspells ....................... [[32mSUCCESS 1[0m in 1.39s]
[2022-06-15 19:41:51,452] {subprocess.py:89} INFO - 19:41:51  11 of 14 OK created view model PUBLIC.stg_match_details ........................ [[32mSUCCESS 1[0m in 1.86s]
[2022-06-15 19:41:51,463] {subprocess.py:89} INFO - 19:41:51  4 of 14 OK created incremental model PUBLIC.final_match_details ................ [[32mSUCCESS 1[0m in 6.29s]
[2022-06-15 19:41:51,480] {subprocess.py:89} INFO - 19:41:51  13 of 14 OK created view model PUBLIC.stg_runes_reforged ....................... [[32mSUCCESS 1[0m in 1.83s]
[2022-06-15 19:41:51,484] {subprocess.py:89} INFO - 19:41:51
[2022-06-15 19:41:51,485] {subprocess.py:89} INFO - 19:41:51  Finished running 7 view models, 5 table models, 2 incremental models in 8.45s.
[2022-06-15 19:41:51,505] {subprocess.py:89} INFO - 19:41:51
[2022-06-15 19:41:51,505] {subprocess.py:89} INFO - 19:41:51  [31mCompleted with 1 error and 0 warnings:[0m
[2022-06-15 19:41:51,505] {subprocess.py:89} INFO - 19:41:51
[2022-06-15 19:41:51,506] {subprocess.py:89} INFO - 19:41:51  [33mDatabase Error in model final_items (models/warehouse/final_items.sql)[0m
[2022-06-15 19:41:51,506] {subprocess.py:89} INFO - 19:41:51    001003 (42000): SQL compilation error:
[2022-06-15 19:41:51,507] {subprocess.py:89} INFO - 19:41:51    syntax error line 17 at position 28 unexpected '',
[2022-06-15 19:41:51,507] {subprocess.py:89} INFO - 19:41:51            ''.
[2022-06-15 19:41:51,508] {subprocess.py:89} INFO - 19:41:51    parse error line 90 at position 8 near '<EOF>'.
[2022-06-15 19:41:51,508] {subprocess.py:89} INFO - 19:41:51    syntax error line 88 at position 0 unexpected 'SELECT'.
[2022-06-15 19:41:51,508] {subprocess.py:89} INFO - 19:41:51    compiled SQL at target/run/leagueoflegendsdbt/models/warehouse/final_items.sql
[2022-06-15 19:41:51,509] {subprocess.py:89} INFO - 19:41:51
[2022-06-15 19:41:51,509] {subprocess.py:89} INFO - 19:41:51  Done. PASS=13 WARN=0 ERROR=1 SKIP=0 TOTAL=14
[2022-06-15 19:41:52,247] {subprocess.py:93} INFO - Command exited with return code 1
[2022-06-15 19:41:52,260] {taskinstance.py:1718} ERROR - Task failed with exception
Traceback (most recent call last):
  File "/home/airflow/.local/lib/python3.8/site-packages/airflow/models/taskinstance.py", line 1334, in _run_raw_task
    self._execute_task_with_callbacks(context)
  File "/home/airflow/.local/lib/python3.8/site-packages/airflow/models/taskinstance.py", line 1460, in _execute_task_with_callbacks
    result = self._execute_task(context, self.task)
  File "/home/airflow/.local/lib/python3.8/site-packages/airflow/models/taskinstance.py", line 1516, in _execute_task
    result = execute_callable(context=context)
  File "/home/airflow/.local/lib/python3.8/site-packages/airflow/operators/bash.py", line 187, in execute
    raise AirflowException(
airflow.exceptions.AirflowException: Bash command failed. The command returned a non-zero exit code 1.
[2022-06-15 19:41:52,266] {taskinstance.py:1272} INFO - Marking task as UP_FOR_RETRY. dag_id=match_details_dag, task_id=dbt_run, execution_date=20220615T000153, start_date=20220615T194133, end_date=20220615T194152
[2022-06-15 19:41:52,278] {standard_task_runner.py:89} ERROR - Failed to execute job 126 for task dbt_run
Traceback (most recent call last):
  File "/home/airflow/.local/lib/python3.8/site-packages/airflow/task/task_runner/standard_task_runner.py", line 85, in _start_by_fork
    args.func(args, dag=self.dag)
  File "/home/airflow/.local/lib/python3.8/site-packages/airflow/cli/cli_parser.py", line 48, in command
    return func(*args, **kwargs)
  File "/home/airflow/.local/lib/python3.8/site-packages/airflow/utils/cli.py", line 92, in wrapper
    return f(*args, **kwargs)
  File "/home/airflow/.local/lib/python3.8/site-packages/airflow/cli/commands/task_command.py", line 298, in task_run
    _run_task_by_selected_method(args, dag, ti)
  File "/home/airflow/.local/lib/python3.8/site-packages/airflow/cli/commands/task_command.py", line 107, in _run_task_by_selected_method
    _run_raw_task(args, ti)
  File "/home/airflow/.local/lib/python3.8/site-packages/airflow/cli/commands/task_command.py", line 180, in _run_raw_task
    ti._run_raw_task(
  File "/home/airflow/.local/lib/python3.8/site-packages/airflow/utils/session.py", line 70, in wrapper
    return func(*args, session=session, **kwargs)
  File "/home/airflow/.local/lib/python3.8/site-packages/airflow/models/taskinstance.py", line 1334, in _run_raw_task
    self._execute_task_with_callbacks(context)
  File "/home/airflow/.local/lib/python3.8/site-packages/airflow/models/taskinstance.py", line 1460, in _execute_task_with_callbacks
    result = self._execute_task(context, self.task)
  File "/home/airflow/.local/lib/python3.8/site-packages/airflow/models/taskinstance.py", line 1516, in _execute_task
    result = execute_callable(context=context)
  File "/home/airflow/.local/lib/python3.8/site-packages/airflow/operators/bash.py", line 187, in execute
    raise AirflowException(
airflow.exceptions.AirflowException: Bash command failed. The command returned a non-zero exit code 1.
[2022-06-15 19:41:52,316] {local_task_job.py:154} INFO - Task exited with return code 1
[2022-06-15 19:41:52,347] {local_task_job.py:264} INFO - 0 downstream tasks scheduled from follow-on schedule check
